0 verbose cli /data/data/com.termux/files/usr/bin/node /data/data/com.termux/files/usr/bin/npm
1 info using npm@11.6.0
2 info using node@v24.9.0
3 silly config load:file:/data/data/com.termux/files/usr/lib/node_modules/npm/npmrc
4 silly config load:file:/data/data/com.termux/files/home/mention-web/.npmrc
5 silly config load:file:/data/data/com.termux/files/home/.npmrc
6 silly config load:file:/data/data/com.termux/files/usr/etc/npmrc
7 verbose title npm install
8 verbose argv "install"
9 verbose logfile logs-max:10 dir:/data/data/com.termux/files/home/.npm/_logs/2025-10-17T01_10_02_273Z-
10 verbose logfile /data/data/com.termux/files/home/.npm/_logs/2025-10-17T01_10_02_273Z-debug-0.log
11 silly logfile done cleaning log files
12 silly packumentCache heap:1174405120 maxSize:293601280 maxEntrySize:146800640
13 silly idealTree buildDeps
14 silly fetch manifest react@19.1.0
15 silly packumentCache full:https://registry.npmjs.org/react cache-miss
16 http fetch GET 200 https://registry.npmjs.org/react 616ms (cache miss)
17 silly packumentCache full:https://registry.npmjs.org/react set size:undefined disposed:false
18 silly fetch manifest react-dom@19.1.0
19 silly packumentCache full:https://registry.npmjs.org/react-dom cache-miss
20 http fetch GET 200 https://registry.npmjs.org/react-dom 344ms (cache miss)
21 silly packumentCache full:https://registry.npmjs.org/react-dom set size:undefined disposed:false
22 silly fetch manifest next@15.5.5
23 silly packumentCache full:https://registry.npmjs.org/next cache-miss
24 http fetch GET 200 https://registry.npmjs.org/next 817ms (cache miss)
25 silly packumentCache full:https://registry.npmjs.org/next set size:undefined disposed:false
26 silly fetch manifest @opentelemetry/api@^1.1.0
27 silly packumentCache full:https://registry.npmjs.org/@opentelemetry%2fapi cache-miss
28 http fetch GET 200 https://registry.npmjs.org/@opentelemetry%2fapi 332ms (cache miss)
29 silly packumentCache full:https://registry.npmjs.org/@opentelemetry%2fapi set size:undefined disposed:false
30 silly fetch manifest @playwright/test@^1.51.1
31 silly packumentCache full:https://registry.npmjs.org/@playwright%2ftest cache-miss
32 http fetch GET 200 https://registry.npmjs.org/@playwright%2ftest 626ms (cache miss)
33 silly packumentCache full:https://registry.npmjs.org/@playwright%2ftest set size:undefined disposed:false
34 silly fetch manifest babel-plugin-react-compiler@*
35 silly packumentCache full:https://registry.npmjs.org/babel-plugin-react-compiler cache-miss
36 http fetch GET 200 https://registry.npmjs.org/babel-plugin-react-compiler 126ms (cache miss)
37 silly packumentCache full:https://registry.npmjs.org/babel-plugin-react-compiler set size:undefined disposed:false
38 silly fetch manifest sass@^1.3.0
39 silly packumentCache full:https://registry.npmjs.org/sass cache-miss
40 http fetch GET 200 https://registry.npmjs.org/sass 362ms (cache miss)
41 silly packumentCache full:https://registry.npmjs.org/sass set size:undefined disposed:false
42 silly fetch manifest typescript@^5
43 silly packumentCache full:https://registry.npmjs.org/typescript cache-miss
44 http fetch GET 200 https://registry.npmjs.org/typescript 165ms (cache revalidated)
45 silly packumentCache full:https://registry.npmjs.org/typescript set size:14788076 disposed:false
46 silly fetch manifest @types/node@^20
47 silly packumentCache full:https://registry.npmjs.org/@types%2fnode cache-miss
48 http fetch GET 200 https://registry.npmjs.org/@types%2fnode 169ms (cache revalidated)
49 silly packumentCache full:https://registry.npmjs.org/@types%2fnode set size:10640365 disposed:false
50 silly fetch manifest @types/react@^19
51 silly packumentCache full:https://registry.npmjs.org/@types%2freact cache-miss
52 http fetch GET 200 https://registry.npmjs.org/@types%2freact 155ms (cache miss)
53 silly packumentCache full:https://registry.npmjs.org/@types%2freact set size:undefined disposed:false
54 silly fetch manifest @types/react-dom@^19
55 silly packumentCache full:https://registry.npmjs.org/@types%2freact-dom cache-miss
56 http fetch GET 200 https://registry.npmjs.org/@types%2freact-dom 196ms (cache miss)
57 silly packumentCache full:https://registry.npmjs.org/@types%2freact-dom set size:undefined disposed:false
58 silly fetch manifest @tailwindcss/postcss@^4
59 silly packumentCache full:https://registry.npmjs.org/@tailwindcss%2fpostcss cache-miss
60 http fetch GET 200 https://registry.npmjs.org/@tailwindcss%2fpostcss 359ms (cache miss)
61 silly packumentCache full:https://registry.npmjs.org/@tailwindcss%2fpostcss set size:undefined disposed:false
62 silly fetch manifest tailwindcss@^4
63 silly packumentCache full:https://registry.npmjs.org/tailwindcss cache-miss
64 http fetch GET 200 https://registry.npmjs.org/tailwindcss 530ms (cache miss)
65 silly packumentCache full:https://registry.npmjs.org/tailwindcss set size:undefined disposed:false
66 silly placeDep ROOT @tailwindcss/postcss@4.1.14 OK for: mention-web@0.1.0 want: ^4
67 silly placeDep ROOT @types/node@20.19.21 OK for: mention-web@0.1.0 want: ^20
68 silly placeDep ROOT @types/react@19.2.2 OK for: mention-web@0.1.0 want: ^19
69 silly placeDep ROOT @types/react-dom@19.2.2 OK for: mention-web@0.1.0 want: ^19
70 silly placeDep ROOT next@15.5.5 OK for: mention-web@0.1.0 want: 15.5.5
71 silly placeDep ROOT react@19.1.0 OK for: next@15.5.5 want: ^18.2.0 || 19.0.0-rc-de68d2f4-20241204 || ^19.0.0
72 silly placeDep ROOT react-dom@19.1.0 OK for: next@15.5.5 want: ^18.2.0 || 19.0.0-rc-de68d2f4-20241204 || ^19.0.0
73 silly placeDep ROOT tailwindcss@4.1.14 OK for: mention-web@0.1.0 want: ^4
74 silly placeDep ROOT typescript@5.9.3 OK for: mention-web@0.1.0 want: ^5
75 silly fetch manifest postcss@^8.4.41
76 silly packumentCache full:https://registry.npmjs.org/postcss cache-miss
77 silly fetch manifest tailwindcss@4.1.14
78 silly packumentCache full:https://registry.npmjs.org/tailwindcss cache-miss
79 silly fetch manifest @alloc/quick-lru@^5.2.0
80 silly packumentCache full:https://registry.npmjs.org/@alloc%2fquick-lru cache-miss
81 silly fetch manifest @tailwindcss/node@4.1.14
82 silly packumentCache full:https://registry.npmjs.org/@tailwindcss%2fnode cache-miss
83 silly fetch manifest @tailwindcss/oxide@4.1.14
84 silly packumentCache full:https://registry.npmjs.org/@tailwindcss%2foxide cache-miss
85 http cache https://registry.npmjs.org/tailwindcss 79ms (cache hit)
86 silly packumentCache full:https://registry.npmjs.org/tailwindcss set size:9704997 disposed:false
87 silly fetch manifest undici-types@~6.21.0
88 silly packumentCache full:https://registry.npmjs.org/undici-types cache-miss
89 http fetch GET 200 https://registry.npmjs.org/postcss 344ms (cache miss)
90 silly packumentCache full:https://registry.npmjs.org/postcss set size:undefined disposed:false
91 silly fetch manifest csstype@^3.0.2
92 silly packumentCache full:https://registry.npmjs.org/csstype cache-miss
93 http fetch GET 200 https://registry.npmjs.org/undici-types 212ms (cache miss)
94 silly packumentCache full:https://registry.npmjs.org/undici-types set size:undefined disposed:false
95 silly fetch manifest postcss@8.4.31
96 silly packumentCache full:https://registry.npmjs.org/postcss cache-miss
97 http cache https://registry.npmjs.org/postcss 15ms (cache hit)
98 silly packumentCache full:https://registry.npmjs.org/postcss set size:696248 disposed:false
99 silly fetch manifest @next/env@15.5.5
100 silly packumentCache full:https://registry.npmjs.org/@next%2fenv cache-miss
101 http fetch GET 200 https://registry.npmjs.org/csstype 151ms (cache miss)
102 silly packumentCache full:https://registry.npmjs.org/csstype set size:undefined disposed:false
103 silly fetch manifest styled-jsx@5.1.6
104 silly packumentCache full:https://registry.npmjs.org/styled-jsx cache-miss
105 http fetch GET 200 https://registry.npmjs.org/@alloc%2fquick-lru 615ms (cache miss)
106 silly packumentCache full:https://registry.npmjs.org/@alloc%2fquick-lru set size:undefined disposed:false
107 silly fetch manifest @swc/helpers@0.5.15
108 silly packumentCache full:https://registry.npmjs.org/@swc%2fhelpers cache-miss
109 http cache https://registry.npmjs.org/@swc%2fhelpers 10ms (cache hit)
110 silly packumentCache full:https://registry.npmjs.org/@swc%2fhelpers set size:631874 disposed:false
111 silly fetch manifest caniuse-lite@^1.0.30001579
112 silly packumentCache full:https://registry.npmjs.org/caniuse-lite cache-miss
113 http fetch GET 200 https://registry.npmjs.org/styled-jsx 198ms (cache miss)
114 silly packumentCache full:https://registry.npmjs.org/styled-jsx set size:undefined disposed:false
115 silly fetch manifest sharp@^0.34.3
116 silly packumentCache full:https://registry.npmjs.org/sharp cache-miss
117 http fetch GET 200 https://registry.npmjs.org/@tailwindcss%2fnode 810ms (cache miss)
118 silly packumentCache full:https://registry.npmjs.org/@tailwindcss%2fnode set size:undefined disposed:false
119 silly fetch manifest @next/swc-darwin-x64@15.5.5
120 silly packumentCache full:https://registry.npmjs.org/@next%2fswc-darwin-x64 cache-miss
121 http fetch GET 200 https://registry.npmjs.org/@tailwindcss%2foxide 959ms (cache miss)
122 silly packumentCache full:https://registry.npmjs.org/@tailwindcss%2foxide set size:undefined disposed:false
123 silly fetch manifest @next/swc-darwin-arm64@15.5.5
124 silly packumentCache full:https://registry.npmjs.org/@next%2fswc-darwin-arm64 cache-miss
125 http fetch GET 200 https://registry.npmjs.org/caniuse-lite 446ms (cache miss)
126 silly packumentCache full:https://registry.npmjs.org/caniuse-lite set size:undefined disposed:false
127 silly fetch manifest @next/swc-linux-x64-gnu@15.5.5
128 silly packumentCache full:https://registry.npmjs.org/@next%2fswc-linux-x64-gnu cache-miss
129 http fetch GET 200 https://registry.npmjs.org/sharp 428ms (cache miss)
130 silly packumentCache full:https://registry.npmjs.org/sharp set size:undefined disposed:false
131 silly fetch manifest @next/swc-linux-x64-musl@15.5.5
132 silly packumentCache full:https://registry.npmjs.org/@next%2fswc-linux-x64-musl cache-miss
133 http fetch GET 200 https://registry.npmjs.org/@next%2fswc-darwin-x64 640ms (cache miss)
134 silly packumentCache full:https://registry.npmjs.org/@next%2fswc-darwin-x64 set size:undefined disposed:false
135 silly fetch manifest @next/swc-win32-x64-msvc@15.5.5
136 silly packumentCache full:https://registry.npmjs.org/@next%2fswc-win32-x64-msvc cache-miss
137 http fetch GET 200 https://registry.npmjs.org/@next%2fenv 1097ms (cache miss)
138 silly packumentCache full:https://registry.npmjs.org/@next%2fenv set size:undefined disposed:false
139 silly fetch manifest @next/swc-linux-arm64-gnu@15.5.5
140 silly packumentCache full:https://registry.npmjs.org/@next%2fswc-linux-arm64-gnu cache-miss
141 http fetch GET 200 https://registry.npmjs.org/@next%2fswc-darwin-arm64 848ms (cache miss)
142 silly packumentCache full:https://registry.npmjs.org/@next%2fswc-darwin-arm64 set size:undefined disposed:false
143 silly fetch manifest @next/swc-linux-arm64-musl@15.5.5
144 silly packumentCache full:https://registry.npmjs.org/@next%2fswc-linux-arm64-musl cache-miss
145 http fetch GET 200 https://registry.npmjs.org/@next%2fswc-linux-x64-gnu 973ms (cache miss)
146 silly packumentCache full:https://registry.npmjs.org/@next%2fswc-linux-x64-gnu set size:undefined disposed:false
147 silly fetch manifest @next/swc-win32-arm64-msvc@15.5.5
148 silly packumentCache full:https://registry.npmjs.org/@next%2fswc-win32-arm64-msvc cache-miss
149 http fetch GET 200 https://registry.npmjs.org/@next%2fswc-linux-x64-musl 1031ms (cache miss)
150 silly packumentCache full:https://registry.npmjs.org/@next%2fswc-linux-x64-musl set size:undefined disposed:false
151 silly fetch manifest scheduler@^0.26.0
152 silly packumentCache full:https://registry.npmjs.org/scheduler cache-miss
153 http fetch GET 200 https://registry.npmjs.org/@next%2fswc-win32-x64-msvc 853ms (cache miss)
154 silly packumentCache full:https://registry.npmjs.org/@next%2fswc-win32-x64-msvc set size:undefined disposed:false
155 http fetch GET 200 https://registry.npmjs.org/@next%2fswc-linux-arm64-gnu 943ms (cache miss)
156 silly packumentCache full:https://registry.npmjs.org/@next%2fswc-linux-arm64-gnu set size:undefined disposed:false
157 http fetch GET 200 https://registry.npmjs.org/@next%2fswc-win32-arm64-msvc 724ms (cache miss)
158 silly packumentCache full:https://registry.npmjs.org/@next%2fswc-win32-arm64-msvc set size:undefined disposed:false
159 http fetch GET 200 https://registry.npmjs.org/scheduler 722ms (cache miss)
160 silly packumentCache full:https://registry.npmjs.org/scheduler set size:undefined disposed:false
161 http fetch GET 200 https://registry.npmjs.org/@next%2fswc-linux-arm64-musl 1301ms (cache miss)
162 silly packumentCache full:https://registry.npmjs.org/@next%2fswc-linux-arm64-musl set size:undefined disposed:false
163 silly placeDep ROOT @alloc/quick-lru@5.2.0 OK for: @tailwindcss/postcss@4.1.14 want: ^5.2.0
164 silly placeDep ROOT @tailwindcss/node@4.1.14 OK for: @tailwindcss/postcss@4.1.14 want: 4.1.14
165 silly placeDep ROOT @tailwindcss/oxide@4.1.14 OK for: @tailwindcss/postcss@4.1.14 want: 4.1.14
166 silly placeDep ROOT postcss@8.5.6 OK for: @tailwindcss/postcss@4.1.14 want: ^8.4.41
167 silly fetch manifest jiti@^2.6.0
168 silly packumentCache full:https://registry.npmjs.org/jiti cache-miss
169 silly fetch manifest lightningcss@1.30.1
170 silly packumentCache full:https://registry.npmjs.org/lightningcss cache-miss
171 silly fetch manifest magic-string@^0.30.19
172 silly packumentCache full:https://registry.npmjs.org/magic-string cache-miss
173 silly fetch manifest source-map-js@^1.2.1
174 silly packumentCache full:https://registry.npmjs.org/source-map-js cache-miss
175 silly fetch manifest enhanced-resolve@^5.18.3
176 silly packumentCache full:https://registry.npmjs.org/enhanced-resolve cache-miss
177 http fetch GET 200 https://registry.npmjs.org/lightningcss 131ms (cache miss)
178 silly packumentCache full:https://registry.npmjs.org/lightningcss set size:undefined disposed:false
179 silly fetch manifest @jridgewell/remapping@^2.3.4
180 silly packumentCache full:https://registry.npmjs.org/@jridgewell%2fremapping cache-miss
181 http fetch GET 200 https://registry.npmjs.org/magic-string 154ms (cache miss)
182 silly packumentCache full:https://registry.npmjs.org/magic-string set size:undefined disposed:false
183 silly fetch manifest tar@^7.5.1
184 silly packumentCache full:https://registry.npmjs.org/tar cache-miss
185 http fetch GET 200 https://registry.npmjs.org/jiti 209ms (cache miss)
186 silly packumentCache full:https://registry.npmjs.org/jiti set size:undefined disposed:false
187 silly fetch manifest detect-libc@^2.0.4
188 silly packumentCache full:https://registry.npmjs.org/detect-libc cache-miss
189 http fetch GET 200 https://registry.npmjs.org/enhanced-resolve 223ms (cache miss)
190 silly packumentCache full:https://registry.npmjs.org/enhanced-resolve set size:undefined disposed:false
191 silly fetch manifest @tailwindcss/oxide-darwin-x64@4.1.14
192 silly packumentCache full:https://registry.npmjs.org/@tailwindcss%2foxide-darwin-x64 cache-miss
193 http fetch GET 200 https://registry.npmjs.org/source-map-js 243ms (cache miss)
194 silly packumentCache full:https://registry.npmjs.org/source-map-js set size:undefined disposed:false
195 silly fetch manifest @tailwindcss/oxide-freebsd-x64@4.1.14
196 silly packumentCache full:https://registry.npmjs.org/@tailwindcss%2foxide-freebsd-x64 cache-miss
197 http cache https://registry.npmjs.org/detect-libc 32ms (cache hit)
198 silly packumentCache full:https://registry.npmjs.org/detect-libc set size:47861 disposed:false
199 silly fetch manifest @tailwindcss/oxide-wasm32-wasi@4.1.14
200 silly packumentCache full:https://registry.npmjs.org/@tailwindcss%2foxide-wasm32-wasi cache-miss
201 http fetch GET 200 https://registry.npmjs.org/tar 94ms (cache revalidated)
202 silly packumentCache full:https://registry.npmjs.org/tar set size:422015 disposed:false
203 silly fetch manifest @tailwindcss/oxide-darwin-arm64@4.1.14
204 silly packumentCache full:https://registry.npmjs.org/@tailwindcss%2foxide-darwin-arm64 cache-miss
205 http fetch GET 200 https://registry.npmjs.org/@tailwindcss%2foxide-freebsd-x64 440ms (cache miss)
206 silly packumentCache full:https://registry.npmjs.org/@tailwindcss%2foxide-freebsd-x64 set size:undefined disposed:false
207 silly fetch manifest @tailwindcss/oxide-android-arm64@4.1.14
208 silly packumentCache full:https://registry.npmjs.org/@tailwindcss%2foxide-android-arm64 cache-miss
209 http fetch GET 200 https://registry.npmjs.org/@tailwindcss%2foxide-darwin-x64 501ms (cache miss)
210 silly packumentCache full:https://registry.npmjs.org/@tailwindcss%2foxide-darwin-x64 set size:undefined disposed:false
211 silly fetch manifest @tailwindcss/oxide-linux-x64-gnu@4.1.14
212 silly packumentCache full:https://registry.npmjs.org/@tailwindcss%2foxide-linux-x64-gnu cache-miss
213 http fetch GET 200 https://registry.npmjs.org/@jridgewell%2fremapping 869ms (cache miss)
214 silly packumentCache full:https://registry.npmjs.org/@jridgewell%2fremapping set size:undefined disposed:false
215 silly fetch manifest @tailwindcss/oxide-linux-x64-musl@4.1.14
216 silly packumentCache full:https://registry.npmjs.org/@tailwindcss%2foxide-linux-x64-musl cache-miss
217 http fetch GET 200 https://registry.npmjs.org/@tailwindcss%2foxide-darwin-arm64 977ms (cache miss)
218 silly packumentCache full:https://registry.npmjs.org/@tailwindcss%2foxide-darwin-arm64 set size:undefined disposed:false
219 silly fetch manifest @tailwindcss/oxide-win32-x64-msvc@4.1.14
220 silly packumentCache full:https://registry.npmjs.org/@tailwindcss%2foxide-win32-x64-msvc cache-miss
221 http fetch GET 200 https://registry.npmjs.org/@tailwindcss%2foxide-linux-x64-musl 371ms (cache miss)
222 silly packumentCache full:https://registry.npmjs.org/@tailwindcss%2foxide-linux-x64-musl set size:undefined disposed:false
223 silly fetch manifest @tailwindcss/oxide-linux-arm64-gnu@4.1.14
224 silly packumentCache full:https://registry.npmjs.org/@tailwindcss%2foxide-linux-arm64-gnu cache-miss
225 http fetch GET 200 https://registry.npmjs.org/@tailwindcss%2foxide-android-arm64 868ms (cache miss)
226 silly packumentCache full:https://registry.npmjs.org/@tailwindcss%2foxide-android-arm64 set size:undefined disposed:false
227 silly fetch manifest @tailwindcss/oxide-linux-arm64-musl@4.1.14
228 silly packumentCache full:https://registry.npmjs.org/@tailwindcss%2foxide-linux-arm64-musl cache-miss
229 http fetch GET 200 https://registry.npmjs.org/@tailwindcss%2foxide-linux-arm64-gnu 360ms (cache miss)
230 silly packumentCache full:https://registry.npmjs.org/@tailwindcss%2foxide-linux-arm64-gnu set size:undefined disposed:false
231 silly fetch manifest @tailwindcss/oxide-win32-arm64-msvc@4.1.14
232 silly packumentCache full:https://registry.npmjs.org/@tailwindcss%2foxide-win32-arm64-msvc cache-miss
233 http fetch GET 200 https://registry.npmjs.org/@tailwindcss%2foxide-wasm32-wasi 1640ms (cache miss)
234 silly packumentCache full:https://registry.npmjs.org/@tailwindcss%2foxide-wasm32-wasi set size:undefined disposed:false
235 silly fetch manifest @tailwindcss/oxide-linux-arm-gnueabihf@4.1.14
236 silly packumentCache full:https://registry.npmjs.org/@tailwindcss%2foxide-linux-arm-gnueabihf cache-miss
237 http fetch GET 200 https://registry.npmjs.org/@tailwindcss%2foxide-linux-arm64-musl 426ms (cache miss)
238 silly packumentCache full:https://registry.npmjs.org/@tailwindcss%2foxide-linux-arm64-musl set size:undefined disposed:false
239 silly fetch manifest nanoid@^3.3.11
240 silly packumentCache full:https://registry.npmjs.org/nanoid cache-miss
241 http fetch GET 200 https://registry.npmjs.org/@tailwindcss%2foxide-win32-arm64-msvc 321ms (cache miss)
242 silly packumentCache full:https://registry.npmjs.org/@tailwindcss%2foxide-win32-arm64-msvc set size:undefined disposed:false
243 silly fetch manifest picocolors@^1.1.1
244 silly packumentCache full:https://registry.npmjs.org/picocolors cache-miss
245 http cache https://registry.npmjs.org/picocolors 20ms (cache hit)
246 silly packumentCache full:https://registry.npmjs.org/picocolors set size:16648 disposed:false
247 http fetch GET 200 https://registry.npmjs.org/nanoid 106ms (cache miss)
248 silly packumentCache full:https://registry.npmjs.org/nanoid set size:undefined disposed:false
249 http fetch GET 200 https://registry.npmjs.org/@tailwindcss%2foxide-win32-x64-msvc 1012ms (cache miss)
250 silly packumentCache full:https://registry.npmjs.org/@tailwindcss%2foxide-win32-x64-msvc set size:undefined disposed:false
251 http fetch GET 200 https://registry.npmjs.org/@tailwindcss%2foxide-linux-arm-gnueabihf 490ms (cache miss)
252 silly packumentCache full:https://registry.npmjs.org/@tailwindcss%2foxide-linux-arm-gnueabihf set size:undefined disposed:false
253 http fetch GET 200 https://registry.npmjs.org/@tailwindcss%2foxide-linux-x64-gnu 1969ms (cache miss)
254 silly packumentCache full:https://registry.npmjs.org/@tailwindcss%2foxide-linux-x64-gnu set size:undefined disposed:false
255 silly placeDep ROOT @jridgewell/remapping@2.3.5 OK for: @tailwindcss/node@4.1.14 want: ^2.3.4
256 silly placeDep ROOT enhanced-resolve@5.18.3 OK for: @tailwindcss/node@4.1.14 want: ^5.18.3
257 silly placeDep ROOT jiti@2.6.1 OK for: @tailwindcss/node@4.1.14 want: ^2.6.0
258 silly placeDep ROOT lightningcss@1.30.1 OK for: @tailwindcss/node@4.1.14 want: 1.30.1
259 silly placeDep ROOT magic-string@0.30.19 OK for: @tailwindcss/node@4.1.14 want: ^0.30.19
260 silly placeDep ROOT source-map-js@1.2.1 OK for: @tailwindcss/node@4.1.14 want: ^1.2.1
261 silly fetch manifest @jridgewell/gen-mapping@^0.3.5
262 silly packumentCache full:https://registry.npmjs.org/@jridgewell%2fgen-mapping cache-miss
263 silly fetch manifest @jridgewell/trace-mapping@^0.3.24
264 silly packumentCache full:https://registry.npmjs.org/@jridgewell%2ftrace-mapping cache-miss
265 silly fetch manifest graceful-fs@^4.2.4
266 silly packumentCache full:https://registry.npmjs.org/graceful-fs cache-miss
267 silly fetch manifest tapable@^2.2.0
268 silly packumentCache full:https://registry.npmjs.org/tapable cache-miss
269 silly fetch manifest detect-libc@^2.0.3
270 silly packumentCache full:https://registry.npmjs.org/detect-libc cache-hit
271 silly fetch manifest lightningcss-darwin-x64@1.30.1
272 silly packumentCache full:https://registry.npmjs.org/lightningcss-darwin-x64 cache-miss
273 http cache https://registry.npmjs.org/@jridgewell%2ftrace-mapping 30ms (cache hit)
274 silly packumentCache full:https://registry.npmjs.org/@jridgewell%2ftrace-mapping set size:170909 disposed:false
275 silly fetch manifest lightningcss-freebsd-x64@1.30.1
276 silly packumentCache full:https://registry.npmjs.org/lightningcss-freebsd-x64 cache-miss
277 http fetch GET 200 https://registry.npmjs.org/lightningcss-darwin-x64 94ms (cache miss)
278 silly packumentCache full:https://registry.npmjs.org/lightningcss-darwin-x64 set size:undefined disposed:false
279 silly fetch manifest lightningcss-darwin-arm64@1.30.1
280 silly packumentCache full:https://registry.npmjs.org/lightningcss-darwin-arm64 cache-miss
281 http fetch GET 200 https://registry.npmjs.org/tapable 110ms (cache miss)
282 silly packumentCache full:https://registry.npmjs.org/tapable set size:undefined disposed:false
283 silly fetch manifest lightningcss-linux-x64-gnu@1.30.1
284 silly packumentCache full:https://registry.npmjs.org/lightningcss-linux-x64-gnu cache-miss
285 http fetch GET 200 https://registry.npmjs.org/graceful-fs 128ms (cache revalidated)
286 silly packumentCache full:https://registry.npmjs.org/graceful-fs set size:124285 disposed:false
287 silly fetch manifest lightningcss-linux-x64-musl@1.30.1
288 silly packumentCache full:https://registry.npmjs.org/lightningcss-linux-x64-musl cache-miss
289 http fetch GET 200 https://registry.npmjs.org/lightningcss-freebsd-x64 107ms (cache miss)
290 silly packumentCache full:https://registry.npmjs.org/lightningcss-freebsd-x64 set size:undefined disposed:false
291 silly fetch manifest lightningcss-win32-x64-msvc@1.30.1
292 silly packumentCache full:https://registry.npmjs.org/lightningcss-win32-x64-msvc cache-miss
293 http fetch GET 200 https://registry.npmjs.org/lightningcss-darwin-arm64 91ms (cache miss)
294 silly packumentCache full:https://registry.npmjs.org/lightningcss-darwin-arm64 set size:undefined disposed:false
295 silly fetch manifest lightningcss-linux-arm64-gnu@1.30.1
296 silly packumentCache full:https://registry.npmjs.org/lightningcss-linux-arm64-gnu cache-miss
297 http fetch GET 200 https://registry.npmjs.org/lightningcss-win32-x64-msvc 108ms (cache miss)
298 silly packumentCache full:https://registry.npmjs.org/lightningcss-win32-x64-msvc set size:undefined disposed:false
299 silly fetch manifest lightningcss-linux-arm64-musl@1.30.1
300 silly packumentCache full:https://registry.npmjs.org/lightningcss-linux-arm64-musl cache-miss
301 http fetch GET 200 https://registry.npmjs.org/lightningcss-linux-x64-gnu 164ms (cache miss)
302 silly packumentCache full:https://registry.npmjs.org/lightningcss-linux-x64-gnu set size:undefined disposed:false
303 silly fetch manifest lightningcss-win32-arm64-msvc@1.30.1
304 silly packumentCache full:https://registry.npmjs.org/lightningcss-win32-arm64-msvc cache-miss
305 http fetch GET 200 https://registry.npmjs.org/lightningcss-linux-x64-musl 161ms (cache miss)
306 silly packumentCache full:https://registry.npmjs.org/lightningcss-linux-x64-musl set size:undefined disposed:false
307 silly fetch manifest lightningcss-linux-arm-gnueabihf@1.30.1
308 silly packumentCache full:https://registry.npmjs.org/lightningcss-linux-arm-gnueabihf cache-miss
309 http fetch GET 200 https://registry.npmjs.org/@jridgewell%2fgen-mapping 317ms (cache miss)
310 silly packumentCache full:https://registry.npmjs.org/@jridgewell%2fgen-mapping set size:undefined disposed:false
311 silly fetch manifest @jridgewell/sourcemap-codec@^1.5.5
312 silly packumentCache full:https://registry.npmjs.org/@jridgewell%2fsourcemap-codec cache-miss
313 http cache https://registry.npmjs.org/@jridgewell%2fsourcemap-codec 9ms (cache hit)
314 silly packumentCache full:https://registry.npmjs.org/@jridgewell%2fsourcemap-codec set size:59275 disposed:false
315 http fetch GET 200 https://registry.npmjs.org/lightningcss-linux-arm64-musl 126ms (cache miss)
316 silly packumentCache full:https://registry.npmjs.org/lightningcss-linux-arm64-musl set size:undefined disposed:false
317 http fetch GET 200 https://registry.npmjs.org/lightningcss-linux-arm-gnueabihf 91ms (cache miss)
318 silly packumentCache full:https://registry.npmjs.org/lightningcss-linux-arm-gnueabihf set size:undefined disposed:false
319 http fetch GET 200 https://registry.npmjs.org/lightningcss-win32-arm64-msvc 109ms (cache miss)
320 silly packumentCache full:https://registry.npmjs.org/lightningcss-win32-arm64-msvc set size:undefined disposed:false
321 http fetch GET 200 https://registry.npmjs.org/lightningcss-linux-arm64-gnu 814ms (cache miss)
322 silly packumentCache full:https://registry.npmjs.org/lightningcss-linux-arm64-gnu set size:undefined disposed:false
323 silly placeDep ROOT @jridgewell/gen-mapping@0.3.13 OK for: @jridgewell/remapping@2.3.5 want: ^0.3.5
324 silly placeDep ROOT @jridgewell/trace-mapping@0.3.31 OK for: @jridgewell/remapping@2.3.5 want: ^0.3.24
325 silly fetch manifest @jridgewell/sourcemap-codec@^1.5.0
326 silly packumentCache full:https://registry.npmjs.org/@jridgewell%2fsourcemap-codec cache-hit
327 silly fetch manifest @jridgewell/resolve-uri@^3.1.0
328 silly packumentCache full:https://registry.npmjs.org/@jridgewell%2fresolve-uri cache-miss
329 silly fetch manifest @jridgewell/sourcemap-codec@^1.4.14
330 silly packumentCache full:https://registry.npmjs.org/@jridgewell%2fsourcemap-codec cache-hit
331 http cache https://registry.npmjs.org/@jridgewell%2fresolve-uri 9ms (cache hit)
332 silly packumentCache full:https://registry.npmjs.org/@jridgewell%2fresolve-uri set size:57361 disposed:false
333 silly placeDep ROOT @jridgewell/sourcemap-codec@1.5.5 OK for: @jridgewell/gen-mapping@0.3.13 want: ^1.5.0
334 silly placeDep ROOT @jridgewell/resolve-uri@3.1.2 OK for: @jridgewell/trace-mapping@0.3.31 want: ^3.1.0
335 silly placeDep ROOT @tailwindcss/oxide-android-arm64@4.1.14 OK for: @tailwindcss/oxide@4.1.14 want: 4.1.14
336 silly placeDep ROOT @tailwindcss/oxide-darwin-arm64@4.1.14 OK for: @tailwindcss/oxide@4.1.14 want: 4.1.14
337 silly placeDep ROOT @tailwindcss/oxide-darwin-x64@4.1.14 OK for: @tailwindcss/oxide@4.1.14 want: 4.1.14
338 silly placeDep ROOT @tailwindcss/oxide-freebsd-x64@4.1.14 OK for: @tailwindcss/oxide@4.1.14 want: 4.1.14
339 silly placeDep ROOT @tailwindcss/oxide-linux-arm-gnueabihf@4.1.14 OK for: @tailwindcss/oxide@4.1.14 want: 4.1.14
340 silly placeDep ROOT @tailwindcss/oxide-linux-arm64-gnu@4.1.14 OK for: @tailwindcss/oxide@4.1.14 want: 4.1.14
341 silly placeDep ROOT @tailwindcss/oxide-linux-arm64-musl@4.1.14 OK for: @tailwindcss/oxide@4.1.14 want: 4.1.14
342 silly placeDep ROOT @tailwindcss/oxide-linux-x64-gnu@4.1.14 OK for: @tailwindcss/oxide@4.1.14 want: 4.1.14
343 silly placeDep ROOT @tailwindcss/oxide-linux-x64-musl@4.1.14 OK for: @tailwindcss/oxide@4.1.14 want: 4.1.14
344 silly placeDep ROOT @tailwindcss/oxide-wasm32-wasi@4.1.14 OK for: @tailwindcss/oxide@4.1.14 want: 4.1.14
345 silly placeDep ROOT @tailwindcss/oxide-win32-arm64-msvc@4.1.14 OK for: @tailwindcss/oxide@4.1.14 want: 4.1.14
346 silly placeDep ROOT @tailwindcss/oxide-win32-x64-msvc@4.1.14 OK for: @tailwindcss/oxide@4.1.14 want: 4.1.14
347 silly placeDep ROOT detect-libc@2.1.2 OK for: @tailwindcss/oxide@4.1.14 want: ^2.0.4
348 silly placeDep ROOT tar@7.5.1 OK for: @tailwindcss/oxide@4.1.14 want: ^7.5.1
349 silly fetch manifest @isaacs/fs-minipass@^4.0.0
350 silly packumentCache full:https://registry.npmjs.org/@isaacs%2ffs-minipass cache-miss
351 silly fetch manifest chownr@^3.0.0
352 silly packumentCache full:https://registry.npmjs.org/chownr cache-miss
353 silly fetch manifest minipass@^7.1.2
354 silly packumentCache full:https://registry.npmjs.org/minipass cache-miss
355 silly fetch manifest minizlib@^3.1.0
356 silly packumentCache full:https://registry.npmjs.org/minizlib cache-miss
357 silly fetch manifest yallist@^5.0.0
358 silly packumentCache full:https://registry.npmjs.org/yallist cache-miss
359 http cache https://registry.npmjs.org/@isaacs%2ffs-minipass 29ms (cache hit)
360 silly packumentCache full:https://registry.npmjs.org/@isaacs%2ffs-minipass set size:7912 disposed:false
361 http fetch GET 200 https://registry.npmjs.org/yallist 141ms (cache revalidated)
362 silly packumentCache full:https://registry.npmjs.org/yallist set size:34610 disposed:false
363 http fetch GET 200 https://registry.npmjs.org/minizlib 146ms (cache revalidated)
364 silly packumentCache full:https://registry.npmjs.org/minizlib set size:62862 disposed:false
365 http fetch GET 200 https://registry.npmjs.org/chownr 152ms (cache revalidated)
366 silly packumentCache full:https://registry.npmjs.org/chownr set size:22157 disposed:false
367 http fetch GET 200 https://registry.npmjs.org/minipass 156ms (cache revalidated)
368 silly packumentCache full:https://registry.npmjs.org/minipass set size:490195 disposed:false
369 silly placeDep ROOT undici-types@6.21.0 OK for: @types/node@20.19.21 want: ~6.21.0
370 silly placeDep ROOT csstype@3.1.3 OK for: @types/react@19.2.2 want: ^3.0.2
371 silly placeDep ROOT graceful-fs@4.2.11 OK for: enhanced-resolve@5.18.3 want: ^4.2.4
372 silly placeDep ROOT tapable@2.3.0 OK for: enhanced-resolve@5.18.3 want: ^2.2.0
373 silly placeDep ROOT lightningcss-darwin-arm64@1.30.1 OK for: lightningcss@1.30.1 want: 1.30.1
374 silly placeDep ROOT lightningcss-darwin-x64@1.30.1 OK for: lightningcss@1.30.1 want: 1.30.1
375 silly placeDep ROOT lightningcss-freebsd-x64@1.30.1 OK for: lightningcss@1.30.1 want: 1.30.1
376 silly placeDep ROOT lightningcss-linux-arm-gnueabihf@1.30.1 OK for: lightningcss@1.30.1 want: 1.30.1
377 silly placeDep ROOT lightningcss-linux-arm64-gnu@1.30.1 OK for: lightningcss@1.30.1 want: 1.30.1
378 silly placeDep ROOT lightningcss-linux-arm64-musl@1.30.1 OK for: lightningcss@1.30.1 want: 1.30.1
379 silly placeDep ROOT lightningcss-linux-x64-gnu@1.30.1 OK for: lightningcss@1.30.1 want: 1.30.1
380 silly placeDep ROOT lightningcss-linux-x64-musl@1.30.1 OK for: lightningcss@1.30.1 want: 1.30.1
381 silly placeDep ROOT lightningcss-win32-arm64-msvc@1.30.1 OK for: lightningcss@1.30.1 want: 1.30.1
382 silly placeDep ROOT lightningcss-win32-x64-msvc@1.30.1 OK for: lightningcss@1.30.1 want: 1.30.1
383 silly fetch manifest react@^18.2.0 || 19.0.0-rc-de68d2f4-20241204 || ^19.0.0
384 silly packumentCache full:https://registry.npmjs.org/react cache-miss
385 http cache https://registry.npmjs.org/react 34ms (cache hit)
386 silly packumentCache full:https://registry.npmjs.org/react set size:6173255 disposed:false
387 silly placeDep ROOT @next/env@15.5.5 OK for: next@15.5.5 want: 15.5.5
388 silly placeDep ROOT @next/swc-darwin-arm64@15.5.5 OK for: next@15.5.5 want: 15.5.5
389 silly placeDep ROOT @next/swc-darwin-x64@15.5.5 OK for: next@15.5.5 want: 15.5.5
390 silly placeDep ROOT @next/swc-linux-arm64-gnu@15.5.5 OK for: next@15.5.5 want: 15.5.5
391 silly placeDep ROOT @next/swc-linux-arm64-musl@15.5.5 OK for: next@15.5.5 want: 15.5.5
392 silly placeDep ROOT @next/swc-linux-x64-gnu@15.5.5 OK for: next@15.5.5 want: 15.5.5
393 silly placeDep ROOT @next/swc-linux-x64-musl@15.5.5 OK for: next@15.5.5 want: 15.5.5
394 silly placeDep ROOT @next/swc-win32-arm64-msvc@15.5.5 OK for: next@15.5.5 want: 15.5.5
395 silly placeDep ROOT @next/swc-win32-x64-msvc@15.5.5 OK for: next@15.5.5 want: 15.5.5
396 silly placeDep ROOT @swc/helpers@0.5.15 OK for: next@15.5.5 want: 0.5.15
397 silly placeDep ROOT caniuse-lite@1.0.30001751 OK for: next@15.5.5 want: ^1.0.30001579
398 silly placeDep node_modules/next postcss@8.4.31 OK for: next@15.5.5 want: 8.4.31
399 silly placeDep ROOT sharp@0.34.4 OK for: next@15.5.5 want: ^0.34.3
400 silly placeDep ROOT styled-jsx@5.1.6 OK for: next@15.5.5 want: 5.1.6
401 silly fetch manifest tslib@^2.8.0
402 silly packumentCache full:https://registry.npmjs.org/tslib cache-miss
403 silly fetch manifest nanoid@^3.3.6
404 silly packumentCache full:https://registry.npmjs.org/nanoid cache-miss
405 silly fetch manifest picocolors@^1.0.0
406 silly packumentCache full:https://registry.npmjs.org/picocolors cache-hit
407 silly fetch manifest @img/colour@^1.0.0
408 silly packumentCache full:https://registry.npmjs.org/@img%2fcolour cache-miss
409 silly fetch manifest semver@^7.7.2
410 silly packumentCache full:https://registry.npmjs.org/semver cache-miss
411 silly fetch manifest @img/sharp-darwin-arm64@0.34.4
412 silly packumentCache full:https://registry.npmjs.org/@img%2fsharp-darwin-arm64 cache-miss
413 http cache https://registry.npmjs.org/nanoid 32ms (cache hit)
414 silly packumentCache full:https://registry.npmjs.org/nanoid set size:298419 disposed:false
415 silly fetch manifest @img/sharp-darwin-x64@0.34.4
416 silly packumentCache full:https://registry.npmjs.org/@img%2fsharp-darwin-x64 cache-miss
417 http cache https://registry.npmjs.org/tslib 49ms (cache hit)
418 silly packumentCache full:https://registry.npmjs.org/tslib set size:108706 disposed:false
419 silly fetch manifest @img/sharp-libvips-darwin-arm64@1.2.3
420 silly packumentCache full:https://registry.npmjs.org/@img%2fsharp-libvips-darwin-arm64 cache-miss
421 http fetch GET 200 https://registry.npmjs.org/semver 102ms (cache revalidated)
422 silly packumentCache full:https://registry.npmjs.org/semver set size:226907 disposed:false
423 silly fetch manifest @img/sharp-libvips-darwin-x64@1.2.3
424 silly packumentCache full:https://registry.npmjs.org/@img%2fsharp-libvips-darwin-x64 cache-miss
425 http fetch GET 200 https://registry.npmjs.org/@img%2fsharp-libvips-darwin-arm64 384ms (cache miss)
426 silly packumentCache full:https://registry.npmjs.org/@img%2fsharp-libvips-darwin-arm64 set size:undefined disposed:false
427 silly fetch manifest @img/sharp-libvips-linux-arm@1.2.3
428 silly packumentCache full:https://registry.npmjs.org/@img%2fsharp-libvips-linux-arm cache-miss
429 http fetch GET 200 https://registry.npmjs.org/@img%2fsharp-darwin-x64 397ms (cache miss)
430 silly packumentCache full:https://registry.npmjs.org/@img%2fsharp-darwin-x64 set size:undefined disposed:false
431 silly fetch manifest @img/sharp-libvips-linux-arm64@1.2.3
432 silly packumentCache full:https://registry.npmjs.org/@img%2fsharp-libvips-linux-arm64 cache-miss
433 http fetch GET 200 https://registry.npmjs.org/@img%2fsharp-libvips-darwin-x64 336ms (cache miss)
434 silly packumentCache full:https://registry.npmjs.org/@img%2fsharp-libvips-darwin-x64 set size:undefined disposed:false
435 silly fetch manifest @img/sharp-libvips-linux-ppc64@1.2.3
436 silly packumentCache full:https://registry.npmjs.org/@img%2fsharp-libvips-linux-ppc64 cache-miss
437 http fetch GET 200 https://registry.npmjs.org/@img%2fsharp-darwin-arm64 543ms (cache miss)
438 silly packumentCache full:https://registry.npmjs.org/@img%2fsharp-darwin-arm64 set size:undefined disposed:false
439 silly fetch manifest @img/sharp-libvips-linux-s390x@1.2.3
440 silly packumentCache full:https://registry.npmjs.org/@img%2fsharp-libvips-linux-s390x cache-miss
441 http fetch GET 200 https://registry.npmjs.org/@img%2fsharp-libvips-linux-arm 343ms (cache miss)
442 silly packumentCache full:https://registry.npmjs.org/@img%2fsharp-libvips-linux-arm set size:undefined disposed:false
443 silly fetch manifest @img/sharp-libvips-linux-x64@1.2.3
444 silly packumentCache full:https://registry.npmjs.org/@img%2fsharp-libvips-linux-x64 cache-miss
445 http fetch GET 200 https://registry.npmjs.org/@img%2fsharp-libvips-linux-arm64 346ms (cache miss)
446 silly packumentCache full:https://registry.npmjs.org/@img%2fsharp-libvips-linux-arm64 set size:undefined disposed:false
447 silly fetch manifest @img/sharp-libvips-linuxmusl-arm64@1.2.3
448 silly packumentCache full:https://registry.npmjs.org/@img%2fsharp-libvips-linuxmusl-arm64 cache-miss
449 http fetch GET 200 https://registry.npmjs.org/@img%2fsharp-libvips-linux-s390x 299ms (cache miss)
450 silly packumentCache full:https://registry.npmjs.org/@img%2fsharp-libvips-linux-s390x set size:undefined disposed:false
451 silly fetch manifest @img/sharp-libvips-linuxmusl-x64@1.2.3
452 silly packumentCache full:https://registry.npmjs.org/@img%2fsharp-libvips-linuxmusl-x64 cache-miss
453 http fetch GET 200 https://registry.npmjs.org/@img%2fcolour 1054ms (cache miss)
454 silly packumentCache full:https://registry.npmjs.org/@img%2fcolour set size:undefined disposed:false
455 silly fetch manifest @img/sharp-linux-arm@0.34.4
456 silly packumentCache full:https://registry.npmjs.org/@img%2fsharp-linux-arm cache-miss
457 http fetch GET 200 https://registry.npmjs.org/@img%2fsharp-libvips-linux-x64 396ms (cache miss)
458 silly packumentCache full:https://registry.npmjs.org/@img%2fsharp-libvips-linux-x64 set size:undefined disposed:false
459 silly fetch manifest @img/sharp-linux-arm64@0.34.4
460 silly packumentCache full:https://registry.npmjs.org/@img%2fsharp-linux-arm64 cache-miss
461 http fetch GET 200 https://registry.npmjs.org/@img%2fsharp-linux-arm 264ms (cache miss)
462 silly packumentCache full:https://registry.npmjs.org/@img%2fsharp-linux-arm set size:undefined disposed:false
463 silly fetch manifest @img/sharp-linux-ppc64@0.34.4
464 silly packumentCache full:https://registry.npmjs.org/@img%2fsharp-linux-ppc64 cache-miss
465 http fetch GET 200 https://registry.npmjs.org/@img%2fsharp-linux-arm64 289ms (cache miss)
466 silly packumentCache full:https://registry.npmjs.org/@img%2fsharp-linux-arm64 set size:undefined disposed:false
467 silly fetch manifest @img/sharp-linux-s390x@0.34.4
468 silly packumentCache full:https://registry.npmjs.org/@img%2fsharp-linux-s390x cache-miss
469 http fetch GET 200 https://registry.npmjs.org/@img%2fsharp-libvips-linuxmusl-arm64 885ms (cache miss)
470 silly packumentCache full:https://registry.npmjs.org/@img%2fsharp-libvips-linuxmusl-arm64 set size:undefined disposed:false
471 silly fetch manifest @img/sharp-linux-x64@0.34.4
472 silly packumentCache full:https://registry.npmjs.org/@img%2fsharp-linux-x64 cache-miss
473 http fetch GET 200 https://registry.npmjs.org/@img%2fsharp-libvips-linuxmusl-x64 1001ms (cache miss)
474 silly packumentCache full:https://registry.npmjs.org/@img%2fsharp-libvips-linuxmusl-x64 set size:undefined disposed:false
475 silly fetch manifest @img/sharp-linuxmusl-arm64@0.34.4
476 silly packumentCache full:https://registry.npmjs.org/@img%2fsharp-linuxmusl-arm64 cache-miss
477 http fetch GET 200 https://registry.npmjs.org/@img%2fsharp-linux-x64 291ms (cache miss)
478 silly packumentCache full:https://registry.npmjs.org/@img%2fsharp-linux-x64 set size:undefined disposed:false
479 silly fetch manifest @img/sharp-linuxmusl-x64@0.34.4
480 silly packumentCache full:https://registry.npmjs.org/@img%2fsharp-linuxmusl-x64 cache-miss
481 http fetch GET 200 https://registry.npmjs.org/@img%2fsharp-libvips-linux-ppc64 1551ms (cache miss)
482 silly packumentCache full:https://registry.npmjs.org/@img%2fsharp-libvips-linux-ppc64 set size:undefined disposed:false
483 silly fetch manifest @img/sharp-wasm32@0.34.4
484 silly packumentCache full:https://registry.npmjs.org/@img%2fsharp-wasm32 cache-miss
485 http fetch GET 200 https://registry.npmjs.org/@img%2fsharp-linux-s390x 551ms (cache miss)
486 silly packumentCache full:https://registry.npmjs.org/@img%2fsharp-linux-s390x set size:undefined disposed:false
487 silly fetch manifest @img/sharp-win32-arm64@0.34.4
488 silly packumentCache full:https://registry.npmjs.org/@img%2fsharp-win32-arm64 cache-miss
489 http fetch GET 200 https://registry.npmjs.org/@img%2fsharp-linuxmusl-arm64 341ms (cache miss)
490 silly packumentCache full:https://registry.npmjs.org/@img%2fsharp-linuxmusl-arm64 set size:undefined disposed:false
491 silly fetch manifest @img/sharp-win32-ia32@0.34.4
492 silly packumentCache full:https://registry.npmjs.org/@img%2fsharp-win32-ia32 cache-miss
493 http fetch GET 200 https://registry.npmjs.org/@img%2fsharp-wasm32 278ms (cache miss)
494 silly packumentCache full:https://registry.npmjs.org/@img%2fsharp-wasm32 set size:undefined disposed:false
495 silly fetch manifest @img/sharp-win32-x64@0.34.4
496 silly packumentCache full:https://registry.npmjs.org/@img%2fsharp-win32-x64 cache-miss
497 http fetch GET 200 https://registry.npmjs.org/@img%2fsharp-linuxmusl-x64 347ms (cache miss)
498 silly packumentCache full:https://registry.npmjs.org/@img%2fsharp-linuxmusl-x64 set size:undefined disposed:false
499 silly fetch manifest client-only@0.0.1
500 silly packumentCache full:https://registry.npmjs.org/client-only cache-miss
501 http fetch GET 200 https://registry.npmjs.org/client-only 85ms (cache miss)
502 silly packumentCache full:https://registry.npmjs.org/client-only set size:undefined disposed:false
503 http fetch GET 200 https://registry.npmjs.org/@img%2fsharp-win32-ia32 281ms (cache miss)
504 silly packumentCache full:https://registry.npmjs.org/@img%2fsharp-win32-ia32 set size:undefined disposed:false
505 http fetch GET 200 https://registry.npmjs.org/@img%2fsharp-win32-x64 364ms (cache miss)
506 silly packumentCache full:https://registry.npmjs.org/@img%2fsharp-win32-x64 set size:undefined disposed:false
507 http fetch GET 200 https://registry.npmjs.org/@img%2fsharp-linux-ppc64 1577ms (cache miss)
508 silly packumentCache full:https://registry.npmjs.org/@img%2fsharp-linux-ppc64 set size:undefined disposed:false
509 http fetch GET 200 https://registry.npmjs.org/@img%2fsharp-win32-arm64 1564ms (cache miss)
510 silly packumentCache full:https://registry.npmjs.org/@img%2fsharp-win32-arm64 set size:undefined disposed:false
511 silly placeDep ROOT tslib@2.8.1 OK for: @swc/helpers@0.5.15 want: ^2.8.0
512 silly placeDep ROOT nanoid@3.3.11 OK for: postcss@8.5.6 want: ^3.3.11
513 silly placeDep ROOT picocolors@1.1.1 OK for: postcss@8.5.6 want: ^1.1.1
514 silly placeDep ROOT scheduler@0.26.0 OK for: react-dom@19.1.0 want: ^0.26.0
515 silly placeDep ROOT @img/colour@1.0.0 OK for: sharp@0.34.4 want: ^1.0.0
516 silly placeDep ROOT @img/sharp-darwin-arm64@0.34.4 OK for: sharp@0.34.4 want: 0.34.4
517 silly placeDep ROOT @img/sharp-darwin-x64@0.34.4 OK for: sharp@0.34.4 want: 0.34.4
518 silly placeDep ROOT @img/sharp-libvips-darwin-arm64@1.2.3 OK for: sharp@0.34.4 want: 1.2.3
519 silly placeDep ROOT @img/sharp-libvips-darwin-x64@1.2.3 OK for: sharp@0.34.4 want: 1.2.3
520 silly placeDep ROOT @img/sharp-libvips-linux-arm@1.2.3 OK for: sharp@0.34.4 want: 1.2.3
521 silly placeDep ROOT @img/sharp-libvips-linux-arm64@1.2.3 OK for: sharp@0.34.4 want: 1.2.3
522 silly placeDep ROOT @img/sharp-libvips-linux-ppc64@1.2.3 OK for: sharp@0.34.4 want: 1.2.3
523 silly placeDep ROOT @img/sharp-libvips-linux-s390x@1.2.3 OK for: sharp@0.34.4 want: 1.2.3
524 silly placeDep ROOT @img/sharp-libvips-linux-x64@1.2.3 OK for: sharp@0.34.4 want: 1.2.3
525 silly placeDep ROOT @img/sharp-libvips-linuxmusl-arm64@1.2.3 OK for: sharp@0.34.4 want: 1.2.3
526 silly placeDep ROOT @img/sharp-libvips-linuxmusl-x64@1.2.3 OK for: sharp@0.34.4 want: 1.2.3
527 silly placeDep ROOT @img/sharp-linux-arm@0.34.4 OK for: sharp@0.34.4 want: 0.34.4
528 silly placeDep ROOT @img/sharp-linux-arm64@0.34.4 OK for: sharp@0.34.4 want: 0.34.4
529 silly placeDep ROOT @img/sharp-linux-ppc64@0.34.4 OK for: sharp@0.34.4 want: 0.34.4
530 silly placeDep ROOT @img/sharp-linux-s390x@0.34.4 OK for: sharp@0.34.4 want: 0.34.4
531 silly placeDep ROOT @img/sharp-linux-x64@0.34.4 OK for: sharp@0.34.4 want: 0.34.4
532 silly placeDep ROOT @img/sharp-linuxmusl-arm64@0.34.4 OK for: sharp@0.34.4 want: 0.34.4
533 silly placeDep ROOT @img/sharp-linuxmusl-x64@0.34.4 OK for: sharp@0.34.4 want: 0.34.4
534 silly placeDep ROOT @img/sharp-wasm32@0.34.4 OK for: sharp@0.34.4 want: 0.34.4
535 silly placeDep ROOT @img/sharp-win32-arm64@0.34.4 OK for: sharp@0.34.4 want: 0.34.4
536 silly placeDep ROOT @img/sharp-win32-ia32@0.34.4 OK for: sharp@0.34.4 want: 0.34.4
537 silly placeDep ROOT @img/sharp-win32-x64@0.34.4 OK for: sharp@0.34.4 want: 0.34.4
538 silly placeDep ROOT semver@7.7.3 OK for: sharp@0.34.4 want: ^7.7.2
539 silly fetch manifest @emnapi/runtime@^1.5.0
540 silly packumentCache full:https://registry.npmjs.org/@emnapi%2fruntime cache-miss
541 http cache https://registry.npmjs.org/@emnapi%2fruntime 10ms (cache hit)
542 silly packumentCache full:https://registry.npmjs.org/@emnapi%2fruntime set size:88620 disposed:false
543 silly placeDep ROOT @emnapi/runtime@1.5.0 OK for: @img/sharp-wasm32@0.34.4 want: ^1.5.0
544 silly placeDep ROOT client-only@0.0.1 OK for: styled-jsx@5.1.6 want: 0.0.1
545 silly placeDep ROOT @isaacs/fs-minipass@4.0.1 OK for: tar@7.5.1 want: ^4.0.0
546 silly placeDep ROOT chownr@3.0.0 OK for: tar@7.5.1 want: ^3.0.0
547 silly placeDep ROOT minipass@7.1.2 OK for: tar@7.5.1 want: ^7.1.2
548 silly placeDep ROOT minizlib@3.1.0 OK for: tar@7.5.1 want: ^3.1.0
549 silly placeDep ROOT yallist@5.0.0 OK for: tar@7.5.1 want: ^5.0.0
550 silly fetch manifest minipass@^7.0.4
551 silly packumentCache full:https://registry.npmjs.org/minipass cache-hit
552 silly reify moves {}
553 verbose reify failed optional dependency /data/data/com.termux/files/home/mention-web/node_modules/@tailwindcss/oxide-wasm32-wasi
554 silly reify mark deleted [
554 silly reify   '/data/data/com.termux/files/home/mention-web/node_modules/@tailwindcss/oxide-wasm32-wasi'
554 silly reify ]
555 silly audit bulk request {
555 silly audit   '@tailwindcss/postcss': [ '4.1.14' ],
555 silly audit   '@types/node': [ '20.19.21' ],
555 silly audit   '@types/react': [ '19.2.2' ],
555 silly audit   '@types/react-dom': [ '19.2.2' ],
555 silly audit   next: [ '15.5.5' ],
555 silly audit   react: [ '19.1.0' ],
555 silly audit   'react-dom': [ '19.1.0' ],
555 silly audit   tailwindcss: [ '4.1.14' ],
555 silly audit   typescript: [ '5.9.3' ],
555 silly audit   '@alloc/quick-lru': [ '5.2.0' ],
555 silly audit   '@tailwindcss/node': [ '4.1.14' ],
555 silly audit   '@tailwindcss/oxide': [ '4.1.14' ],
555 silly audit   postcss: [ '8.5.6', '8.4.31' ],
555 silly audit   '@jridgewell/remapping': [ '2.3.5' ],
555 silly audit   'enhanced-resolve': [ '5.18.3' ],
555 silly audit   jiti: [ '2.6.1' ],
555 silly audit   lightningcss: [ '1.30.1' ],
555 silly audit   'magic-string': [ '0.30.19' ],
555 silly audit   'source-map-js': [ '1.2.1' ],
555 silly audit   '@jridgewell/gen-mapping': [ '0.3.13' ],
555 silly audit   '@jridgewell/trace-mapping': [ '0.3.31' ],
555 silly audit   '@jridgewell/sourcemap-codec': [ '1.5.5' ],
555 silly audit   '@jridgewell/resolve-uri': [ '3.1.2' ],
555 silly audit   '@tailwindcss/oxide-android-arm64': [ '4.1.14' ],
555 silly audit   '@tailwindcss/oxide-darwin-arm64': [ '4.1.14' ],
555 silly audit   '@tailwindcss/oxide-darwin-x64': [ '4.1.14' ],
555 silly audit   '@tailwindcss/oxide-freebsd-x64': [ '4.1.14' ],
555 silly audit   '@tailwindcss/oxide-linux-arm-gnueabihf': [ '4.1.14' ],
555 silly audit   '@tailwindcss/oxide-linux-arm64-gnu': [ '4.1.14' ],
555 silly audit   '@tailwindcss/oxide-linux-arm64-musl': [ '4.1.14' ],
555 silly audit   '@tailwindcss/oxide-linux-x64-gnu': [ '4.1.14' ],
555 silly audit   '@tailwindcss/oxide-linux-x64-musl': [ '4.1.14' ],
555 silly audit   '@tailwindcss/oxide-win32-arm64-msvc': [ '4.1.14' ],
555 silly audit   '@tailwindcss/oxide-win32-x64-msvc': [ '4.1.14' ],
555 silly audit   'detect-libc': [ '2.1.2' ],
555 silly audit   tar: [ '7.5.1' ],
555 silly audit   'undici-types': [ '6.21.0' ],
555 silly audit   csstype: [ '3.1.3' ],
555 silly audit   'graceful-fs': [ '4.2.11' ],
555 silly audit   tapable: [ '2.3.0' ],
555 silly audit   'lightningcss-darwin-arm64': [ '1.30.1' ],
555 silly audit   'lightningcss-darwin-x64': [ '1.30.1' ],
555 silly audit   'lightningcss-freebsd-x64': [ '1.30.1' ],
555 silly audit   'lightningcss-linux-arm-gnueabihf': [ '1.30.1' ],
555 silly audit   'lightningcss-linux-arm64-gnu': [ '1.30.1' ],
555 silly audit   'lightningcss-linux-arm64-musl': [ '1.30.1' ],
555 silly audit   'lightningcss-linux-x64-gnu': [ '1.30.1' ],
555 silly audit   'lightningcss-linux-x64-musl': [ '1.30.1' ],
555 silly audit   'lightningcss-win32-arm64-msvc': [ '1.30.1' ],
555 silly audit   'lightningcss-win32-x64-msvc': [ '1.30.1' ],
555 silly audit   '@next/env': [ '15.5.5' ],
555 silly audit   '@next/swc-darwin-arm64': [ '15.5.5' ],
555 silly audit   '@next/swc-darwin-x64': [ '15.5.5' ],
555 silly audit   '@next/swc-linux-arm64-gnu': [ '15.5.5' ],
555 silly audit   '@next/swc-linux-arm64-musl': [ '15.5.5' ],
555 silly audit   '@next/swc-linux-x64-gnu': [ '15.5.5' ],
555 silly audit   '@next/swc-linux-x64-musl': [ '15.5.5' ],
555 silly audit   '@next/swc-win32-arm64-msvc': [ '15.5.5' ],
555 silly audit   '@next/swc-win32-x64-msvc': [ '15.5.5' ],
555 silly audit   '@swc/helpers': [ '0.5.15' ],
555 silly audit   'caniuse-lite': [ '1.0.30001751' ],
555 silly audit   sharp: [ '0.34.4' ],
555 silly audit   'styled-jsx': [ '5.1.6' ],
555 silly audit   tslib: [ '2.8.1' ],
555 silly audit   nanoid: [ '3.3.11' ],
555 silly audit   picocolors: [ '1.1.1' ],
555 silly audit   scheduler: [ '0.26.0' ],
555 silly audit   '@img/colour': [ '1.0.0' ],
555 silly audit   '@img/sharp-darwin-arm64': [ '0.34.4' ],
555 silly audit   '@img/sharp-darwin-x64': [ '0.34.4' ],
555 silly audit   '@img/sharp-libvips-darwin-arm64': [ '1.2.3' ],
555 silly audit   '@img/sharp-libvips-darwin-x64': [ '1.2.3' ],
555 silly audit   '@img/sharp-libvips-linux-arm': [ '1.2.3' ],
555 silly audit   '@img/sharp-libvips-linux-arm64': [ '1.2.3' ],
555 silly audit   '@img/sharp-libvips-linux-ppc64': [ '1.2.3' ],
555 silly audit   '@img/sharp-libvips-linux-s390x': [ '1.2.3' ],
555 silly audit   '@img/sharp-libvips-linux-x64': [ '1.2.3' ],
555 silly audit   '@img/sharp-libvips-linuxmusl-arm64': [ '1.2.3' ],
555 silly audit   '@img/sharp-libvips-linuxmusl-x64': [ '1.2.3' ],
555 silly audit   '@img/sharp-linux-arm': [ '0.34.4' ],
555 silly audit   '@img/sharp-linux-arm64': [ '0.34.4' ],
555 silly audit   '@img/sharp-linux-ppc64': [ '0.34.4' ],
555 silly audit   '@img/sharp-linux-s390x': [ '0.34.4' ],
555 silly audit   '@img/sharp-linux-x64': [ '0.34.4' ],
555 silly audit   '@img/sharp-linuxmusl-arm64': [ '0.34.4' ],
555 silly audit   '@img/sharp-linuxmusl-x64': [ '0.34.4' ],
555 silly audit   '@img/sharp-wasm32': [ '0.34.4' ],
555 silly audit   '@img/sharp-win32-arm64': [ '0.34.4' ],
555 silly audit   '@img/sharp-win32-ia32': [ '0.34.4' ],
555 silly audit   '@img/sharp-win32-x64': [ '0.34.4' ],
555 silly audit   semver: [ '7.7.3' ],
555 silly audit   '@emnapi/runtime': [ '1.5.0' ],
555 silly audit   'client-only': [ '0.0.1' ],
555 silly audit   '@isaacs/fs-minipass': [ '4.0.1' ],
555 silly audit   chownr: [ '3.0.0' ],
555 silly audit   minipass: [ '7.1.2' ],
555 silly audit   minizlib: [ '3.1.0' ],
555 silly audit   yallist: [ '5.0.0' ],
555 silly audit   '@tailwindcss/oxide-wasm32-wasi': [ '4.1.14' ]
555 silly audit }
556 verbose reify failed optional dependency /data/data/com.termux/files/home/mention-web/node_modules/@img/sharp-win32-x64
557 silly reify mark deleted [
557 silly reify   '/data/data/com.termux/files/home/mention-web/node_modules/@img/sharp-win32-x64'
557 silly reify ]
558 verbose reify failed optional dependency /data/data/com.termux/files/home/mention-web/node_modules/@img/sharp-win32-ia32
559 silly reify mark deleted [
559 silly reify   '/data/data/com.termux/files/home/mention-web/node_modules/@img/sharp-win32-ia32'
559 silly reify ]
560 verbose reify failed optional dependency /data/data/com.termux/files/home/mention-web/node_modules/@img/sharp-win32-arm64
561 silly reify mark deleted [
561 silly reify   '/data/data/com.termux/files/home/mention-web/node_modules/@img/sharp-win32-arm64'
561 silly reify ]
562 verbose reify failed optional dependency /data/data/com.termux/files/home/mention-web/node_modules/@img/sharp-wasm32
563 silly reify mark deleted [
563 silly reify   '/data/data/com.termux/files/home/mention-web/node_modules/@img/sharp-wasm32'
563 silly reify ]
564 verbose reify failed optional dependency /data/data/com.termux/files/home/mention-web/node_modules/@img/sharp-linuxmusl-x64
565 silly reify mark deleted [
565 silly reify   '/data/data/com.termux/files/home/mention-web/node_modules/@img/sharp-linuxmusl-x64'
565 silly reify ]
566 verbose reify failed optional dependency /data/data/com.termux/files/home/mention-web/node_modules/@img/sharp-linuxmusl-arm64
567 silly reify mark deleted [
567 silly reify   '/data/data/com.termux/files/home/mention-web/node_modules/@img/sharp-linuxmusl-arm64'
567 silly reify ]
568 verbose reify failed optional dependency /data/data/com.termux/files/home/mention-web/node_modules/@img/sharp-linux-x64
569 silly reify mark deleted [
569 silly reify   '/data/data/com.termux/files/home/mention-web/node_modules/@img/sharp-linux-x64'
569 silly reify ]
570 verbose reify failed optional dependency /data/data/com.termux/files/home/mention-web/node_modules/@img/sharp-linux-s390x
571 silly reify mark deleted [
571 silly reify   '/data/data/com.termux/files/home/mention-web/node_modules/@img/sharp-linux-s390x'
571 silly reify ]
572 verbose reify failed optional dependency /data/data/com.termux/files/home/mention-web/node_modules/@img/sharp-linux-ppc64
573 silly reify mark deleted [
573 silly reify   '/data/data/com.termux/files/home/mention-web/node_modules/@img/sharp-linux-ppc64'
573 silly reify ]
574 verbose reify failed optional dependency /data/data/com.termux/files/home/mention-web/node_modules/@img/sharp-linux-arm64
575 silly reify mark deleted [
575 silly reify   '/data/data/com.termux/files/home/mention-web/node_modules/@img/sharp-linux-arm64'
575 silly reify ]
576 verbose reify failed optional dependency /data/data/com.termux/files/home/mention-web/node_modules/@img/sharp-linux-arm
577 silly reify mark deleted [
577 silly reify   '/data/data/com.termux/files/home/mention-web/node_modules/@img/sharp-linux-arm'
577 silly reify ]
578 verbose reify failed optional dependency /data/data/com.termux/files/home/mention-web/node_modules/@img/sharp-libvips-linuxmusl-x64
579 silly reify mark deleted [
579 silly reify   '/data/data/com.termux/files/home/mention-web/node_modules/@img/sharp-libvips-linuxmusl-x64'
579 silly reify ]
580 verbose reify failed optional dependency /data/data/com.termux/files/home/mention-web/node_modules/@img/sharp-libvips-linuxmusl-arm64
581 silly reify mark deleted [
581 silly reify   '/data/data/com.termux/files/home/mention-web/node_modules/@img/sharp-libvips-linuxmusl-arm64'
581 silly reify ]
582 verbose reify failed optional dependency /data/data/com.termux/files/home/mention-web/node_modules/@img/sharp-libvips-linux-x64
583 silly reify mark deleted [
583 silly reify   '/data/data/com.termux/files/home/mention-web/node_modules/@img/sharp-libvips-linux-x64'
583 silly reify ]
584 verbose reify failed optional dependency /data/data/com.termux/files/home/mention-web/node_modules/@img/sharp-libvips-linux-s390x
585 silly reify mark deleted [
585 silly reify   '/data/data/com.termux/files/home/mention-web/node_modules/@img/sharp-libvips-linux-s390x'
585 silly reify ]
586 verbose reify failed optional dependency /data/data/com.termux/files/home/mention-web/node_modules/@img/sharp-libvips-linux-ppc64
587 silly reify mark deleted [
587 silly reify   '/data/data/com.termux/files/home/mention-web/node_modules/@img/sharp-libvips-linux-ppc64'
587 silly reify ]
588 verbose reify failed optional dependency /data/data/com.termux/files/home/mention-web/node_modules/@img/sharp-libvips-linux-arm64
589 silly reify mark deleted [
589 silly reify   '/data/data/com.termux/files/home/mention-web/node_modules/@img/sharp-libvips-linux-arm64'
589 silly reify ]
590 verbose reify failed optional dependency /data/data/com.termux/files/home/mention-web/node_modules/@img/sharp-libvips-linux-arm
591 silly reify mark deleted [
591 silly reify   '/data/data/com.termux/files/home/mention-web/node_modules/@img/sharp-libvips-linux-arm'
591 silly reify ]
592 verbose reify failed optional dependency /data/data/com.termux/files/home/mention-web/node_modules/@img/sharp-libvips-darwin-x64
593 silly reify mark deleted [
593 silly reify   '/data/data/com.termux/files/home/mention-web/node_modules/@img/sharp-libvips-darwin-x64'
593 silly reify ]
594 verbose reify failed optional dependency /data/data/com.termux/files/home/mention-web/node_modules/@img/sharp-libvips-darwin-arm64
595 silly reify mark deleted [
595 silly reify   '/data/data/com.termux/files/home/mention-web/node_modules/@img/sharp-libvips-darwin-arm64'
595 silly reify ]
596 verbose reify failed optional dependency /data/data/com.termux/files/home/mention-web/node_modules/@img/sharp-darwin-x64
597 silly reify mark deleted [
597 silly reify   '/data/data/com.termux/files/home/mention-web/node_modules/@img/sharp-darwin-x64'
597 silly reify ]
598 verbose reify failed optional dependency /data/data/com.termux/files/home/mention-web/node_modules/@img/sharp-darwin-arm64
599 silly reify mark deleted [
599 silly reify   '/data/data/com.termux/files/home/mention-web/node_modules/@img/sharp-darwin-arm64'
599 silly reify ]
600 verbose reify failed optional dependency /data/data/com.termux/files/home/mention-web/node_modules/@next/swc-win32-x64-msvc
601 silly reify mark deleted [
601 silly reify   '/data/data/com.termux/files/home/mention-web/node_modules/@next/swc-win32-x64-msvc'
601 silly reify ]
602 verbose reify failed optional dependency /data/data/com.termux/files/home/mention-web/node_modules/@next/swc-win32-arm64-msvc
603 silly reify mark deleted [
603 silly reify   '/data/data/com.termux/files/home/mention-web/node_modules/@next/swc-win32-arm64-msvc'
603 silly reify ]
604 verbose reify failed optional dependency /data/data/com.termux/files/home/mention-web/node_modules/@next/swc-linux-x64-musl
605 silly reify mark deleted [
605 silly reify   '/data/data/com.termux/files/home/mention-web/node_modules/@next/swc-linux-x64-musl'
605 silly reify ]
606 verbose reify failed optional dependency /data/data/com.termux/files/home/mention-web/node_modules/@next/swc-linux-x64-gnu
607 silly reify mark deleted [
607 silly reify   '/data/data/com.termux/files/home/mention-web/node_modules/@next/swc-linux-x64-gnu'
607 silly reify ]
608 verbose reify failed optional dependency /data/data/com.termux/files/home/mention-web/node_modules/@next/swc-linux-arm64-musl
609 silly reify mark deleted [
609 silly reify   '/data/data/com.termux/files/home/mention-web/node_modules/@next/swc-linux-arm64-musl'
609 silly reify ]
610 verbose reify failed optional dependency /data/data/com.termux/files/home/mention-web/node_modules/@next/swc-linux-arm64-gnu
611 silly reify mark deleted [
611 silly reify   '/data/data/com.termux/files/home/mention-web/node_modules/@next/swc-linux-arm64-gnu'
611 silly reify ]
612 verbose reify failed optional dependency /data/data/com.termux/files/home/mention-web/node_modules/@next/swc-darwin-x64
613 silly reify mark deleted [
613 silly reify   '/data/data/com.termux/files/home/mention-web/node_modules/@next/swc-darwin-x64'
613 silly reify ]
614 verbose reify failed optional dependency /data/data/com.termux/files/home/mention-web/node_modules/@next/swc-darwin-arm64
615 silly reify mark deleted [
615 silly reify   '/data/data/com.termux/files/home/mention-web/node_modules/@next/swc-darwin-arm64'
615 silly reify ]
616 verbose reify failed optional dependency /data/data/com.termux/files/home/mention-web/node_modules/lightningcss-win32-x64-msvc
617 silly reify mark deleted [
617 silly reify   '/data/data/com.termux/files/home/mention-web/node_modules/lightningcss-win32-x64-msvc'
617 silly reify ]
618 verbose reify failed optional dependency /data/data/com.termux/files/home/mention-web/node_modules/lightningcss-win32-arm64-msvc
619 silly reify mark deleted [
619 silly reify   '/data/data/com.termux/files/home/mention-web/node_modules/lightningcss-win32-arm64-msvc'
619 silly reify ]
620 verbose reify failed optional dependency /data/data/com.termux/files/home/mention-web/node_modules/lightningcss-linux-x64-musl
621 silly reify mark deleted [
621 silly reify   '/data/data/com.termux/files/home/mention-web/node_modules/lightningcss-linux-x64-musl'
621 silly reify ]
622 verbose reify failed optional dependency /data/data/com.termux/files/home/mention-web/node_modules/lightningcss-linux-x64-gnu
623 silly reify mark deleted [
623 silly reify   '/data/data/com.termux/files/home/mention-web/node_modules/lightningcss-linux-x64-gnu'
623 silly reify ]
624 verbose reify failed optional dependency /data/data/com.termux/files/home/mention-web/node_modules/lightningcss-linux-arm64-musl
625 silly reify mark deleted [
625 silly reify   '/data/data/com.termux/files/home/mention-web/node_modules/lightningcss-linux-arm64-musl'
625 silly reify ]
626 verbose reify failed optional dependency /data/data/com.termux/files/home/mention-web/node_modules/lightningcss-linux-arm64-gnu
627 silly reify mark deleted [
627 silly reify   '/data/data/com.termux/files/home/mention-web/node_modules/lightningcss-linux-arm64-gnu'
627 silly reify ]
628 verbose reify failed optional dependency /data/data/com.termux/files/home/mention-web/node_modules/lightningcss-linux-arm-gnueabihf
629 silly reify mark deleted [
629 silly reify   '/data/data/com.termux/files/home/mention-web/node_modules/lightningcss-linux-arm-gnueabihf'
629 silly reify ]
630 verbose reify failed optional dependency /data/data/com.termux/files/home/mention-web/node_modules/lightningcss-freebsd-x64
631 silly reify mark deleted [
631 silly reify   '/data/data/com.termux/files/home/mention-web/node_modules/lightningcss-freebsd-x64'
631 silly reify ]
632 verbose reify failed optional dependency /data/data/com.termux/files/home/mention-web/node_modules/lightningcss-darwin-x64
633 silly reify mark deleted [
633 silly reify   '/data/data/com.termux/files/home/mention-web/node_modules/lightningcss-darwin-x64'
633 silly reify ]
634 verbose reify failed optional dependency /data/data/com.termux/files/home/mention-web/node_modules/lightningcss-darwin-arm64
635 silly reify mark deleted [
635 silly reify   '/data/data/com.termux/files/home/mention-web/node_modules/lightningcss-darwin-arm64'
635 silly reify ]
636 verbose reify failed optional dependency /data/data/com.termux/files/home/mention-web/node_modules/@tailwindcss/oxide-win32-x64-msvc
637 silly reify mark deleted [
637 silly reify   '/data/data/com.termux/files/home/mention-web/node_modules/@tailwindcss/oxide-win32-x64-msvc'
637 silly reify ]
638 verbose reify failed optional dependency /data/data/com.termux/files/home/mention-web/node_modules/@tailwindcss/oxide-win32-arm64-msvc
639 silly reify mark deleted [
639 silly reify   '/data/data/com.termux/files/home/mention-web/node_modules/@tailwindcss/oxide-win32-arm64-msvc'
639 silly reify ]
640 verbose reify failed optional dependency /data/data/com.termux/files/home/mention-web/node_modules/@tailwindcss/oxide-linux-x64-musl
641 silly reify mark deleted [
641 silly reify   '/data/data/com.termux/files/home/mention-web/node_modules/@tailwindcss/oxide-linux-x64-musl'
641 silly reify ]
642 verbose reify failed optional dependency /data/data/com.termux/files/home/mention-web/node_modules/@tailwindcss/oxide-linux-x64-gnu
643 silly reify mark deleted [
643 silly reify   '/data/data/com.termux/files/home/mention-web/node_modules/@tailwindcss/oxide-linux-x64-gnu'
643 silly reify ]
644 verbose reify failed optional dependency /data/data/com.termux/files/home/mention-web/node_modules/@tailwindcss/oxide-linux-arm64-musl
645 silly reify mark deleted [
645 silly reify   '/data/data/com.termux/files/home/mention-web/node_modules/@tailwindcss/oxide-linux-arm64-musl'
645 silly reify ]
646 verbose reify failed optional dependency /data/data/com.termux/files/home/mention-web/node_modules/@tailwindcss/oxide-linux-arm64-gnu
647 silly reify mark deleted [
647 silly reify   '/data/data/com.termux/files/home/mention-web/node_modules/@tailwindcss/oxide-linux-arm64-gnu'
647 silly reify ]
648 verbose reify failed optional dependency /data/data/com.termux/files/home/mention-web/node_modules/@tailwindcss/oxide-linux-arm-gnueabihf
649 silly reify mark deleted [
649 silly reify   '/data/data/com.termux/files/home/mention-web/node_modules/@tailwindcss/oxide-linux-arm-gnueabihf'
649 silly reify ]
650 verbose reify failed optional dependency /data/data/com.termux/files/home/mention-web/node_modules/@tailwindcss/oxide-freebsd-x64
651 silly reify mark deleted [
651 silly reify   '/data/data/com.termux/files/home/mention-web/node_modules/@tailwindcss/oxide-freebsd-x64'
651 silly reify ]
652 verbose reify failed optional dependency /data/data/com.termux/files/home/mention-web/node_modules/@tailwindcss/oxide-darwin-x64
653 silly reify mark deleted [
653 silly reify   '/data/data/com.termux/files/home/mention-web/node_modules/@tailwindcss/oxide-darwin-x64'
653 silly reify ]
654 verbose reify failed optional dependency /data/data/com.termux/files/home/mention-web/node_modules/@tailwindcss/oxide-darwin-arm64
655 silly reify mark deleted [
655 silly reify   '/data/data/com.termux/files/home/mention-web/node_modules/@tailwindcss/oxide-darwin-arm64'
655 silly reify ]
656 http cache yallist@https://registry.npmjs.org/yallist/-/yallist-5.0.0.tgz 0ms (cache hit)
657 http cache minipass@https://registry.npmjs.org/minipass/-/minipass-7.1.2.tgz 0ms (cache hit)
658 http cache chownr@https://registry.npmjs.org/chownr/-/chownr-3.0.0.tgz 0ms (cache hit)
659 http cache client-only@https://registry.npmjs.org/client-only/-/client-only-0.0.1.tgz 0ms (cache hit)
660 http cache @emnapi/runtime@https://registry.npmjs.org/@emnapi/runtime/-/runtime-1.5.0.tgz 0ms (cache hit)
661 http cache semver@https://registry.npmjs.org/semver/-/semver-7.7.3.tgz 0ms (cache hit)
662 http cache @img/colour@https://registry.npmjs.org/@img/colour/-/colour-1.0.0.tgz 0ms (cache hit)
663 http cache scheduler@https://registry.npmjs.org/scheduler/-/scheduler-0.26.0.tgz 0ms (cache hit)
664 http cache picocolors@https://registry.npmjs.org/picocolors/-/picocolors-1.1.1.tgz 0ms (cache hit)
665 http cache tslib@https://registry.npmjs.org/tslib/-/tslib-2.8.1.tgz 0ms (cache hit)
666 http cache styled-jsx@https://registry.npmjs.org/styled-jsx/-/styled-jsx-5.1.6.tgz 0ms (cache hit)
667 http cache sharp@https://registry.npmjs.org/sharp/-/sharp-0.34.4.tgz 0ms (cache hit)
668 http cache minizlib@https://registry.npmjs.org/minizlib/-/minizlib-3.1.0.tgz 0ms (cache hit)
669 http cache nanoid@https://registry.npmjs.org/nanoid/-/nanoid-3.3.11.tgz 0ms (cache hit)
670 http cache caniuse-lite@https://registry.npmjs.org/caniuse-lite/-/caniuse-lite-1.0.30001751.tgz 0ms (cache hit)
671 http cache @isaacs/fs-minipass@https://registry.npmjs.org/@isaacs/fs-minipass/-/fs-minipass-4.0.1.tgz 0ms (cache hit)
672 http cache @swc/helpers@https://registry.npmjs.org/@swc/helpers/-/helpers-0.5.15.tgz 1ms (cache hit)
673 http cache @next/env@https://registry.npmjs.org/@next/env/-/env-15.5.5.tgz 0ms (cache hit)
674 http cache tapable@https://registry.npmjs.org/tapable/-/tapable-2.3.0.tgz 0ms (cache hit)
675 http cache graceful-fs@https://registry.npmjs.org/graceful-fs/-/graceful-fs-4.2.11.tgz 0ms (cache hit)
676 http cache csstype@https://registry.npmjs.org/csstype/-/csstype-3.1.3.tgz 0ms (cache hit)
677 http cache tar@https://registry.npmjs.org/tar/-/tar-7.5.1.tgz 0ms (cache hit)
678 http cache undici-types@https://registry.npmjs.org/undici-types/-/undici-types-6.21.0.tgz 0ms (cache hit)
679 http cache detect-libc@https://registry.npmjs.org/detect-libc/-/detect-libc-2.1.2.tgz 0ms (cache hit)
680 http cache @tailwindcss/oxide-android-arm64@https://registry.npmjs.org/@tailwindcss/oxide-android-arm64/-/oxide-android-arm64-4.1.14.tgz 0ms (cache hit)
681 http cache @jridgewell/resolve-uri@https://registry.npmjs.org/@jridgewell/resolve-uri/-/resolve-uri-3.1.2.tgz 0ms (cache hit)
682 http cache @jridgewell/sourcemap-codec@https://registry.npmjs.org/@jridgewell/sourcemap-codec/-/sourcemap-codec-1.5.5.tgz 0ms (cache hit)
683 http cache @jridgewell/trace-mapping@https://registry.npmjs.org/@jridgewell/trace-mapping/-/trace-mapping-0.3.31.tgz 0ms (cache hit)
684 http cache source-map-js@https://registry.npmjs.org/source-map-js/-/source-map-js-1.2.1.tgz 0ms (cache hit)
685 http cache @jridgewell/gen-mapping@https://registry.npmjs.org/@jridgewell/gen-mapping/-/gen-mapping-0.3.13.tgz 0ms (cache hit)
686 http cache magic-string@https://registry.npmjs.org/magic-string/-/magic-string-0.30.19.tgz 0ms (cache hit)
687 http cache lightningcss@https://registry.npmjs.org/lightningcss/-/lightningcss-1.30.1.tgz 0ms (cache hit)
688 http cache jiti@https://registry.npmjs.org/jiti/-/jiti-2.6.1.tgz 0ms (cache hit)
689 http cache enhanced-resolve@https://registry.npmjs.org/enhanced-resolve/-/enhanced-resolve-5.18.3.tgz 0ms (cache hit)
690 http cache @jridgewell/remapping@https://registry.npmjs.org/@jridgewell/remapping/-/remapping-2.3.5.tgz 0ms (cache hit)
691 http cache postcss@https://registry.npmjs.org/postcss/-/postcss-8.5.6.tgz 0ms (cache hit)
692 http cache @tailwindcss/oxide@https://registry.npmjs.org/@tailwindcss/oxide/-/oxide-4.1.14.tgz 0ms (cache hit)
693 http cache @tailwindcss/node@https://registry.npmjs.org/@tailwindcss/node/-/node-4.1.14.tgz 0ms (cache hit)
694 http cache @alloc/quick-lru@https://registry.npmjs.org/@alloc/quick-lru/-/quick-lru-5.2.0.tgz 0ms (cache hit)
695 http cache typescript@https://registry.npmjs.org/typescript/-/typescript-5.9.3.tgz 0ms (cache hit)
696 http cache tailwindcss@https://registry.npmjs.org/tailwindcss/-/tailwindcss-4.1.14.tgz 0ms (cache hit)
697 http cache next@https://registry.npmjs.org/next/-/next-15.5.5.tgz 0ms (cache hit)
698 http cache @types/react-dom@https://registry.npmjs.org/@types/react-dom/-/react-dom-19.2.2.tgz 0ms (cache hit)
699 http cache @types/react@https://registry.npmjs.org/@types/react/-/react-19.2.2.tgz 0ms (cache hit)
700 http cache react-dom@https://registry.npmjs.org/react-dom/-/react-dom-19.1.0.tgz 0ms (cache hit)
701 http cache react@https://registry.npmjs.org/react/-/react-19.1.0.tgz 0ms (cache hit)
702 http cache @types/node@https://registry.npmjs.org/@types/node/-/node-20.19.21.tgz 0ms (cache hit)
703 http cache postcss@https://registry.npmjs.org/postcss/-/postcss-8.4.31.tgz 0ms (cache hit)
704 http cache @tailwindcss/postcss@https://registry.npmjs.org/@tailwindcss/postcss/-/postcss-4.1.14.tgz 0ms (cache hit)
705 silly tarball no local data for client-only@https://registry.npmjs.org/client-only/-/client-only-0.0.1.tgz. Extracting by manifest.
706 silly tarball no local data for semver@https://registry.npmjs.org/semver/-/semver-7.7.3.tgz. Extracting by manifest.
707 silly tarball no local data for @img/colour@https://registry.npmjs.org/@img/colour/-/colour-1.0.0.tgz. Extracting by manifest.
708 silly tarball no local data for scheduler@https://registry.npmjs.org/scheduler/-/scheduler-0.26.0.tgz. Extracting by manifest.
709 silly tarball no local data for picocolors@https://registry.npmjs.org/picocolors/-/picocolors-1.1.1.tgz. Extracting by manifest.
710 silly tarball no local data for styled-jsx@https://registry.npmjs.org/styled-jsx/-/styled-jsx-5.1.6.tgz. Extracting by manifest.
711 silly tarball no local data for sharp@https://registry.npmjs.org/sharp/-/sharp-0.34.4.tgz. Extracting by manifest.
712 silly tarball no local data for nanoid@https://registry.npmjs.org/nanoid/-/nanoid-3.3.11.tgz. Extracting by manifest.
713 silly tarball no local data for caniuse-lite@https://registry.npmjs.org/caniuse-lite/-/caniuse-lite-1.0.30001751.tgz. Extracting by manifest.
714 silly tarball no local data for @swc/helpers@https://registry.npmjs.org/@swc/helpers/-/helpers-0.5.15.tgz. Extracting by manifest.
715 silly tarball no local data for @next/env@https://registry.npmjs.org/@next/env/-/env-15.5.5.tgz. Extracting by manifest.
716 silly tarball no local data for tapable@https://registry.npmjs.org/tapable/-/tapable-2.3.0.tgz. Extracting by manifest.
717 silly tarball no local data for csstype@https://registry.npmjs.org/csstype/-/csstype-3.1.3.tgz. Extracting by manifest.
718 silly tarball no local data for undici-types@https://registry.npmjs.org/undici-types/-/undici-types-6.21.0.tgz. Extracting by manifest.
719 silly tarball no local data for @tailwindcss/oxide-android-arm64@https://registry.npmjs.org/@tailwindcss/oxide-android-arm64/-/oxide-android-arm64-4.1.14.tgz. Extracting by manifest.
720 silly tarball no local data for @jridgewell/trace-mapping@https://registry.npmjs.org/@jridgewell/trace-mapping/-/trace-mapping-0.3.31.tgz. Extracting by manifest.
721 silly tarball no local data for source-map-js@https://registry.npmjs.org/source-map-js/-/source-map-js-1.2.1.tgz. Extracting by manifest.
722 silly tarball no local data for @jridgewell/gen-mapping@https://registry.npmjs.org/@jridgewell/gen-mapping/-/gen-mapping-0.3.13.tgz. Extracting by manifest.
723 silly tarball no local data for magic-string@https://registry.npmjs.org/magic-string/-/magic-string-0.30.19.tgz. Extracting by manifest.
724 silly tarball no local data for lightningcss@https://registry.npmjs.org/lightningcss/-/lightningcss-1.30.1.tgz. Extracting by manifest.
725 silly tarball no local data for jiti@https://registry.npmjs.org/jiti/-/jiti-2.6.1.tgz. Extracting by manifest.
726 silly tarball no local data for enhanced-resolve@https://registry.npmjs.org/enhanced-resolve/-/enhanced-resolve-5.18.3.tgz. Extracting by manifest.
727 silly tarball no local data for @jridgewell/remapping@https://registry.npmjs.org/@jridgewell/remapping/-/remapping-2.3.5.tgz. Extracting by manifest.
728 silly tarball no local data for postcss@https://registry.npmjs.org/postcss/-/postcss-8.5.6.tgz. Extracting by manifest.
729 silly tarball no local data for @tailwindcss/oxide@https://registry.npmjs.org/@tailwindcss/oxide/-/oxide-4.1.14.tgz. Extracting by manifest.
730 silly tarball no local data for @tailwindcss/node@https://registry.npmjs.org/@tailwindcss/node/-/node-4.1.14.tgz. Extracting by manifest.
731 silly tarball no local data for @alloc/quick-lru@https://registry.npmjs.org/@alloc/quick-lru/-/quick-lru-5.2.0.tgz. Extracting by manifest.
732 silly tarball no local data for typescript@https://registry.npmjs.org/typescript/-/typescript-5.9.3.tgz. Extracting by manifest.
733 silly tarball no local data for tailwindcss@https://registry.npmjs.org/tailwindcss/-/tailwindcss-4.1.14.tgz. Extracting by manifest.
734 silly tarball no local data for next@https://registry.npmjs.org/next/-/next-15.5.5.tgz. Extracting by manifest.
735 silly tarball no local data for @types/react-dom@https://registry.npmjs.org/@types/react-dom/-/react-dom-19.2.2.tgz. Extracting by manifest.
736 silly tarball no local data for @types/react@https://registry.npmjs.org/@types/react/-/react-19.2.2.tgz. Extracting by manifest.
737 silly tarball no local data for react-dom@https://registry.npmjs.org/react-dom/-/react-dom-19.1.0.tgz. Extracting by manifest.
738 silly tarball no local data for react@https://registry.npmjs.org/react/-/react-19.1.0.tgz. Extracting by manifest.
739 silly tarball no local data for @types/node@https://registry.npmjs.org/@types/node/-/node-20.19.21.tgz. Extracting by manifest.
740 silly tarball no local data for postcss@https://registry.npmjs.org/postcss/-/postcss-8.4.31.tgz. Extracting by manifest.
741 silly tarball no local data for @tailwindcss/postcss@https://registry.npmjs.org/@tailwindcss/postcss/-/postcss-4.1.14.tgz. Extracting by manifest.
742 http fetch POST 200 https://registry.npmjs.org/-/npm/v1/security/advisories/bulk 479ms
743 silly audit report {}
744 http fetch GET 200 https://registry.npmjs.org/@img/colour/-/colour-1.0.0.tgz 795ms (cache miss)
745 http fetch GET 200 https://registry.npmjs.org/client-only/-/client-only-0.0.1.tgz 844ms (cache miss)
746 http fetch GET 200 https://registry.npmjs.org/picocolors/-/picocolors-1.1.1.tgz 966ms (cache miss)
747 http fetch GET 200 https://registry.npmjs.org/@tailwindcss/oxide/-/oxide-4.1.14.tgz 1023ms (cache miss)
748 http fetch GET 200 https://registry.npmjs.org/scheduler/-/scheduler-0.26.0.tgz 1077ms (cache miss)
749 http fetch GET 200 https://registry.npmjs.org/@next/env/-/env-15.5.5.tgz 1069ms (cache miss)
750 http fetch GET 200 https://registry.npmjs.org/@alloc/quick-lru/-/quick-lru-5.2.0.tgz 1045ms (cache miss)
751 http fetch GET 200 https://registry.npmjs.org/source-map-js/-/source-map-js-1.2.1.tgz 1209ms (cache miss)
752 http fetch GET 200 https://registry.npmjs.org/@types/react-dom/-/react-dom-19.2.2.tgz 1259ms (cache miss)
753 http fetch GET 200 https://registry.npmjs.org/@tailwindcss/postcss/-/postcss-4.1.14.tgz 1361ms (cache miss)
754 http fetch GET 200 https://registry.npmjs.org/nanoid/-/nanoid-3.3.11.tgz 1437ms (cache miss)
755 http fetch GET 200 https://registry.npmjs.org/magic-string/-/magic-string-0.30.19.tgz 1434ms (cache miss)
756 http fetch GET 200 https://registry.npmjs.org/tapable/-/tapable-2.3.0.tgz 1456ms (cache miss)
757 http fetch GET 200 https://registry.npmjs.org/@jridgewell/gen-mapping/-/gen-mapping-0.3.13.tgz 1452ms (cache miss)
758 http fetch GET 200 https://registry.npmjs.org/@tailwindcss/node/-/node-4.1.14.tgz 1502ms (cache miss)
759 http fetch GET 200 https://registry.npmjs.org/lightningcss/-/lightningcss-1.30.1.tgz 1547ms (cache miss)
760 http fetch GET 200 https://registry.npmjs.org/semver/-/semver-7.7.3.tgz 1614ms (cache miss)
761 http fetch GET 200 https://registry.npmjs.org/@jridgewell/remapping/-/remapping-2.3.5.tgz 1597ms (cache miss)
762 http fetch GET 200 https://registry.npmjs.org/undici-types/-/undici-types-6.21.0.tgz 1723ms (cache miss)
763 http fetch GET 200 https://registry.npmjs.org/@jridgewell/trace-mapping/-/trace-mapping-0.3.31.tgz 1722ms (cache miss)
764 http fetch GET 200 https://registry.npmjs.org/enhanced-resolve/-/enhanced-resolve-5.18.3.tgz 1736ms (cache miss)
765 http fetch GET 200 https://registry.npmjs.org/react/-/react-19.1.0.tgz 1739ms (cache miss)
766 http fetch GET 200 https://registry.npmjs.org/postcss/-/postcss-8.4.31.tgz 1842ms (cache miss)
767 http fetch GET 200 https://registry.npmjs.org/@types/react/-/react-19.2.2.tgz 1877ms (cache miss)
768 http fetch GET 200 https://registry.npmjs.org/postcss/-/postcss-8.5.6.tgz 1907ms (cache miss)
769 http fetch GET 200 https://registry.npmjs.org/tailwindcss/-/tailwindcss-4.1.14.tgz 1910ms (cache miss)
770 http fetch GET 200 https://registry.npmjs.org/sharp/-/sharp-0.34.4.tgz 2031ms (cache miss)
771 http fetch GET 200 https://registry.npmjs.org/csstype/-/csstype-3.1.3.tgz 2078ms (cache miss)
772 http fetch GET 200 https://registry.npmjs.org/styled-jsx/-/styled-jsx-5.1.6.tgz 2117ms (cache miss)
773 http fetch GET 200 https://registry.npmjs.org/jiti/-/jiti-2.6.1.tgz 2097ms (cache miss)
774 http fetch GET 200 https://registry.npmjs.org/@tailwindcss/oxide-android-arm64/-/oxide-android-arm64-4.1.14.tgz 2339ms (cache miss)
775 http fetch GET 200 https://registry.npmjs.org/@types/node/-/node-20.19.21.tgz 2713ms (cache miss)
776 http fetch GET 200 https://registry.npmjs.org/react-dom/-/react-dom-19.1.0.tgz 3003ms (cache miss)
777 http fetch GET 200 https://registry.npmjs.org/@swc/helpers/-/helpers-0.5.15.tgz 3485ms (cache miss)
778 http fetch GET 200 https://registry.npmjs.org/caniuse-lite/-/caniuse-lite-1.0.30001751.tgz 3917ms (cache miss)
779 http fetch GET 200 https://registry.npmjs.org/typescript/-/typescript-5.9.3.tgz 4316ms (cache miss)
780 http fetch GET 200 https://registry.npmjs.org/next/-/next-15.5.5.tgz 15154ms (cache miss)
781 info run sharp@0.34.4 install node_modules/sharp node install/check.js
782 info run sharp@0.34.4 install { code: 0, signal: null }
783 info run @tailwindcss/oxide@4.1.14 postinstall node_modules/@tailwindcss/oxide node ./scripts/install.js
784 info run @tailwindcss/oxide@4.1.14 postinstall { code: 0, signal: null }
785 silly ADD node_modules/yallist
786 silly ADD node_modules/minizlib
787 silly ADD node_modules/minipass
788 silly ADD node_modules/chownr
789 silly ADD node_modules/@isaacs/fs-minipass
790 silly ADD node_modules/client-only
791 silly ADD node_modules/@emnapi/runtime
792 silly ADD node_modules/semver
793 silly ADD node_modules/@img/sharp-win32-x64
794 silly ADD node_modules/@img/sharp-win32-ia32
795 silly ADD node_modules/@img/sharp-win32-arm64
796 silly ADD node_modules/@img/sharp-wasm32
797 silly ADD node_modules/@img/sharp-linuxmusl-x64
798 silly ADD node_modules/@img/sharp-linuxmusl-arm64
799 silly ADD node_modules/@img/sharp-linux-x64
800 silly ADD node_modules/@img/sharp-linux-s390x
801 silly ADD node_modules/@img/sharp-linux-ppc64
802 silly ADD node_modules/@img/sharp-linux-arm64
803 silly ADD node_modules/@img/sharp-linux-arm
804 silly ADD node_modules/@img/sharp-libvips-linuxmusl-x64
805 silly ADD node_modules/@img/sharp-libvips-linuxmusl-arm64
806 silly ADD node_modules/@img/sharp-libvips-linux-x64
807 silly ADD node_modules/@img/sharp-libvips-linux-s390x
808 silly ADD node_modules/@img/sharp-libvips-linux-ppc64
809 silly ADD node_modules/@img/sharp-libvips-linux-arm64
810 silly ADD node_modules/@img/sharp-libvips-linux-arm
811 silly ADD node_modules/@img/sharp-libvips-darwin-x64
812 silly ADD node_modules/@img/sharp-libvips-darwin-arm64
813 silly ADD node_modules/@img/sharp-darwin-x64
814 silly ADD node_modules/@img/sharp-darwin-arm64
815 silly ADD node_modules/@img/colour
816 silly ADD node_modules/scheduler
817 silly ADD node_modules/picocolors
818 silly ADD node_modules/nanoid
819 silly ADD node_modules/tslib
820 silly ADD node_modules/styled-jsx
821 silly ADD node_modules/sharp
822 silly ADD node_modules/caniuse-lite
823 silly ADD node_modules/@swc/helpers
824 silly ADD node_modules/@next/swc-win32-x64-msvc
825 silly ADD node_modules/@next/swc-win32-arm64-msvc
826 silly ADD node_modules/@next/swc-linux-x64-musl
827 silly ADD node_modules/@next/swc-linux-x64-gnu
828 silly ADD node_modules/@next/swc-linux-arm64-musl
829 silly ADD node_modules/@next/swc-linux-arm64-gnu
830 silly ADD node_modules/@next/swc-darwin-x64
831 silly ADD node_modules/@next/swc-darwin-arm64
832 silly ADD node_modules/@next/env
833 silly ADD node_modules/lightningcss-win32-x64-msvc
834 silly ADD node_modules/lightningcss-win32-arm64-msvc
835 silly ADD node_modules/lightningcss-linux-x64-musl
836 silly ADD node_modules/lightningcss-linux-x64-gnu
837 silly ADD node_modules/lightningcss-linux-arm64-musl
838 silly ADD node_modules/lightningcss-linux-arm64-gnu
839 silly ADD node_modules/lightningcss-linux-arm-gnueabihf
840 silly ADD node_modules/lightningcss-freebsd-x64
841 silly ADD node_modules/lightningcss-darwin-x64
842 silly ADD node_modules/lightningcss-darwin-arm64
843 silly ADD node_modules/tapable
844 silly ADD node_modules/graceful-fs
845 silly ADD node_modules/csstype
846 silly ADD node_modules/undici-types
847 silly ADD node_modules/tar
848 silly ADD node_modules/detect-libc
849 silly ADD node_modules/@tailwindcss/oxide-win32-x64-msvc
850 silly ADD node_modules/@tailwindcss/oxide-win32-arm64-msvc
851 silly ADD node_modules/@tailwindcss/oxide-wasm32-wasi
852 silly ADD node_modules/@tailwindcss/oxide-linux-x64-musl
853 silly ADD node_modules/@tailwindcss/oxide-linux-x64-gnu
854 silly ADD node_modules/@tailwindcss/oxide-linux-arm64-musl
855 silly ADD node_modules/@tailwindcss/oxide-linux-arm64-gnu
856 silly ADD node_modules/@tailwindcss/oxide-linux-arm-gnueabihf
857 silly ADD node_modules/@tailwindcss/oxide-freebsd-x64
858 silly ADD node_modules/@tailwindcss/oxide-darwin-x64
859 silly ADD node_modules/@tailwindcss/oxide-darwin-arm64
860 silly ADD node_modules/@tailwindcss/oxide-android-arm64
861 silly ADD node_modules/@jridgewell/resolve-uri
862 silly ADD node_modules/@jridgewell/sourcemap-codec
863 silly ADD node_modules/@jridgewell/trace-mapping
864 silly ADD node_modules/@jridgewell/gen-mapping
865 silly ADD node_modules/source-map-js
866 silly ADD node_modules/magic-string
867 silly ADD node_modules/lightningcss
868 silly ADD node_modules/jiti
869 silly ADD node_modules/enhanced-resolve
870 silly ADD node_modules/@jridgewell/remapping
871 silly ADD node_modules/postcss
872 silly ADD node_modules/@tailwindcss/oxide
873 silly ADD node_modules/@tailwindcss/node
874 silly ADD node_modules/@alloc/quick-lru
875 silly ADD node_modules/typescript
876 silly ADD node_modules/tailwindcss
877 silly ADD node_modules/react-dom
878 silly ADD node_modules/react
879 silly ADD node_modules/next
880 silly ADD node_modules/next/node_modules/postcss
881 silly ADD node_modules/@types/react-dom
882 silly ADD node_modules/@types/react
883 silly ADD node_modules/@types/node
884 silly ADD node_modules/@tailwindcss/postcss
885 verbose cwd /data/data/com.termux/files/home/mention-web
886 verbose os Linux 5.10.177-android12-9-00001-g219d8dfbba07-ab10551810
887 verbose node v24.9.0
888 verbose npm  v11.6.0
889 verbose exit 0
890 info ok
