0 verbose cli /data/data/com.termux/files/usr/bin/node /data/data/com.termux/files/usr/bin/npm
1 info using npm@11.6.0
2 info using node@v24.9.0
3 silly config load:file:/data/data/com.termux/files/usr/lib/node_modules/npm/npmrc
4 silly config load:file:/data/data/com.termux/files/home/mention-web/.npmrc
5 silly config load:file:/data/data/com.termux/files/home/.npmrc
6 silly config load:file:/data/data/com.termux/files/usr/etc/npmrc
7 verbose title npm install firebase
8 verbose argv "install" "firebase"
9 verbose logfile logs-max:10 dir:/data/data/com.termux/files/home/.npm/_logs/2025-10-17T01_10_46_642Z-
10 verbose logfile /data/data/com.termux/files/home/.npm/_logs/2025-10-17T01_10_46_642Z-debug-0.log
11 silly logfile done cleaning log files
12 silly packumentCache heap:1174405120 maxSize:293601280 maxEntrySize:146800640
13 silly idealTree buildDeps
14 silly fetch manifest firebase@*
15 silly packumentCache full:https://registry.npmjs.org/firebase cache-miss
16 http fetch GET 200 https://registry.npmjs.org/firebase 1512ms (cache miss)
17 silly packumentCache full:https://registry.npmjs.org/firebase set size:undefined disposed:false
18 silly placeDep ROOT firebase@12.4.0 OK for: mention-web@0.1.0 want: *
19 silly fetch manifest @firebase/ai@2.4.0
20 silly packumentCache full:https://registry.npmjs.org/@firebase%2fai cache-miss
21 silly fetch manifest @firebase/app@0.14.4
22 silly packumentCache full:https://registry.npmjs.org/@firebase%2fapp cache-miss
23 silly fetch manifest @firebase/auth@1.11.0
24 silly packumentCache full:https://registry.npmjs.org/@firebase%2fauth cache-miss
25 silly fetch manifest @firebase/util@1.13.0
26 silly packumentCache full:https://registry.npmjs.org/@firebase%2futil cache-miss
27 silly fetch manifest @firebase/storage@0.14.0
28 silly packumentCache full:https://registry.npmjs.org/@firebase%2fstorage cache-miss
29 http fetch GET 200 https://registry.npmjs.org/@firebase%2fai 1932ms (cache miss)
30 silly packumentCache full:https://registry.npmjs.org/@firebase%2fai set size:undefined disposed:false
31 silly fetch manifest @firebase/database@1.1.0
32 silly packumentCache full:https://registry.npmjs.org/@firebase%2fdatabase cache-miss
33 http fetch GET 200 https://registry.npmjs.org/@firebase%2fstorage 2570ms (cache miss)
34 silly packumentCache full:https://registry.npmjs.org/@firebase%2fstorage set size:undefined disposed:false
35 silly fetch manifest @firebase/analytics@0.10.19
36 silly packumentCache full:https://registry.npmjs.org/@firebase%2fanalytics cache-miss
37 http fetch GET 200 https://registry.npmjs.org/@firebase%2fapp 2869ms (cache miss)
38 silly packumentCache full:https://registry.npmjs.org/@firebase%2fapp set size:undefined disposed:false
39 silly fetch manifest @firebase/app-check@0.11.0
40 silly packumentCache full:https://registry.npmjs.org/@firebase%2fapp-check cache-miss
41 http fetch GET 200 https://registry.npmjs.org/@firebase%2fauth 3229ms (cache miss)
42 silly packumentCache full:https://registry.npmjs.org/@firebase%2fauth set size:undefined disposed:false
43 silly fetch manifest @firebase/app-types@0.9.3
44 silly packumentCache full:https://registry.npmjs.org/@firebase%2fapp-types cache-miss
45 http fetch GET 200 https://registry.npmjs.org/@firebase%2futil 3711ms (cache miss)
46 silly packumentCache full:https://registry.npmjs.org/@firebase%2futil set size:undefined disposed:false
47 silly fetch manifest @firebase/firestore@4.9.2
48 silly packumentCache full:https://registry.npmjs.org/@firebase%2ffirestore cache-miss
49 http fetch GET 200 https://registry.npmjs.org/@firebase%2fapp-check 1044ms (cache miss)
50 silly packumentCache full:https://registry.npmjs.org/@firebase%2fapp-check set size:undefined disposed:false
51 silly fetch manifest @firebase/functions@0.13.1
52 silly packumentCache full:https://registry.npmjs.org/@firebase%2ffunctions cache-miss
53 http fetch GET 200 https://registry.npmjs.org/@firebase%2fanalytics 1898ms (cache miss)
54 silly packumentCache full:https://registry.npmjs.org/@firebase%2fanalytics set size:undefined disposed:false
55 silly fetch manifest @firebase/messaging@0.12.23
56 silly packumentCache full:https://registry.npmjs.org/@firebase%2fmessaging cache-miss
57 http fetch GET 200 https://registry.npmjs.org/@firebase%2fapp-types 1818ms (cache miss)
58 silly packumentCache full:https://registry.npmjs.org/@firebase%2fapp-types set size:undefined disposed:false
59 silly fetch manifest @firebase/app-compat@0.5.4
60 silly packumentCache full:https://registry.npmjs.org/@firebase%2fapp-compat cache-miss
61 http fetch GET 200 https://registry.npmjs.org/@firebase%2fdatabase 3692ms (cache miss)
62 silly packumentCache full:https://registry.npmjs.org/@firebase%2fdatabase set size:undefined disposed:false
63 silly fetch manifest @firebase/auth-compat@0.6.0
64 silly packumentCache full:https://registry.npmjs.org/@firebase%2fauth-compat cache-miss
65 http fetch GET 200 https://registry.npmjs.org/@firebase%2ffunctions 1963ms (cache miss)
66 silly packumentCache full:https://registry.npmjs.org/@firebase%2ffunctions set size:undefined disposed:false
67 silly fetch manifest @firebase/performance@0.7.9
68 silly packumentCache full:https://registry.npmjs.org/@firebase%2fperformance cache-miss
69 http fetch GET 200 https://registry.npmjs.org/@firebase%2fapp-compat 1261ms (cache miss)
70 silly packumentCache full:https://registry.npmjs.org/@firebase%2fapp-compat set size:undefined disposed:false
71 silly fetch manifest @firebase/data-connect@0.3.11
72 silly packumentCache full:https://registry.npmjs.org/@firebase%2fdata-connect cache-miss
73 http fetch GET 200 https://registry.npmjs.org/@firebase%2fauth-compat 1183ms (cache miss)
74 silly packumentCache full:https://registry.npmjs.org/@firebase%2fauth-compat set size:undefined disposed:false
75 silly fetch manifest @firebase/installations@0.6.19
76 silly packumentCache full:https://registry.npmjs.org/@firebase%2finstallations cache-miss
77 http fetch GET 200 https://registry.npmjs.org/@firebase%2ffirestore 3385ms (cache miss)
78 silly packumentCache full:https://registry.npmjs.org/@firebase%2ffirestore set size:undefined disposed:false
79 silly fetch manifest @firebase/remote-config@0.7.0
80 silly packumentCache full:https://registry.npmjs.org/@firebase%2fremote-config cache-miss
81 http fetch GET 200 https://registry.npmjs.org/@firebase%2fdata-connect 1146ms (cache miss)
82 silly packumentCache full:https://registry.npmjs.org/@firebase%2fdata-connect set size:undefined disposed:false
83 silly fetch manifest @firebase/storage-compat@0.4.0
84 silly packumentCache full:https://registry.npmjs.org/@firebase%2fstorage-compat cache-miss
85 http fetch GET 200 https://registry.npmjs.org/@firebase%2fmessaging 3434ms (cache miss)
86 silly packumentCache full:https://registry.npmjs.org/@firebase%2fmessaging set size:undefined disposed:false
87 silly fetch manifest @firebase/database-compat@2.1.0
88 silly packumentCache full:https://registry.npmjs.org/@firebase%2fdatabase-compat cache-miss
89 http fetch GET 200 https://registry.npmjs.org/@firebase%2fperformance 2042ms (cache miss)
90 silly packumentCache full:https://registry.npmjs.org/@firebase%2fperformance set size:undefined disposed:false
91 silly fetch manifest @firebase/analytics-compat@0.2.25
92 silly packumentCache full:https://registry.npmjs.org/@firebase%2fanalytics-compat cache-miss
93 http fetch GET 200 https://registry.npmjs.org/@firebase%2finstallations 1983ms (cache miss)
94 silly packumentCache full:https://registry.npmjs.org/@firebase%2finstallations set size:undefined disposed:false
95 silly fetch manifest @firebase/app-check-compat@0.4.0
96 silly packumentCache full:https://registry.npmjs.org/@firebase%2fapp-check-compat cache-miss
97 http fetch GET 200 https://registry.npmjs.org/@firebase%2fstorage-compat 1447ms (cache miss)
98 silly packumentCache full:https://registry.npmjs.org/@firebase%2fstorage-compat set size:undefined disposed:false
99 silly fetch manifest @firebase/firestore-compat@0.4.2
100 silly packumentCache full:https://registry.npmjs.org/@firebase%2ffirestore-compat cache-miss
101 http fetch GET 200 https://registry.npmjs.org/@firebase%2fdatabase-compat 1093ms (cache miss)
102 silly packumentCache full:https://registry.npmjs.org/@firebase%2fdatabase-compat set size:undefined disposed:false
103 silly fetch manifest @firebase/functions-compat@0.4.1
104 silly packumentCache full:https://registry.npmjs.org/@firebase%2ffunctions-compat cache-miss
105 http fetch GET 200 https://registry.npmjs.org/@firebase%2fremote-config 2077ms (cache miss)
106 silly packumentCache full:https://registry.npmjs.org/@firebase%2fremote-config set size:undefined disposed:false
107 silly fetch manifest @firebase/messaging-compat@0.2.23
108 silly packumentCache full:https://registry.npmjs.org/@firebase%2fmessaging-compat cache-miss
109 http fetch GET 200 https://registry.npmjs.org/@firebase%2fanalytics-compat 1194ms (cache miss)
110 silly packumentCache full:https://registry.npmjs.org/@firebase%2fanalytics-compat set size:undefined disposed:false
111 silly fetch manifest @firebase/performance-compat@0.2.22
112 silly packumentCache full:https://registry.npmjs.org/@firebase%2fperformance-compat cache-miss
113 http fetch GET 200 https://registry.npmjs.org/@firebase%2fapp-check-compat 909ms (cache miss)
114 silly packumentCache full:https://registry.npmjs.org/@firebase%2fapp-check-compat set size:undefined disposed:false
115 silly fetch manifest @firebase/installations-compat@0.2.19
116 silly packumentCache full:https://registry.npmjs.org/@firebase%2finstallations-compat cache-miss
117 http fetch GET 200 https://registry.npmjs.org/@firebase%2ffirestore-compat 1050ms (cache miss)
118 silly packumentCache full:https://registry.npmjs.org/@firebase%2ffirestore-compat set size:undefined disposed:false
119 silly fetch manifest @firebase/remote-config-compat@0.2.20
120 silly packumentCache full:https://registry.npmjs.org/@firebase%2fremote-config-compat cache-miss
121 http fetch GET 200 https://registry.npmjs.org/@firebase%2fmessaging-compat 706ms (cache miss)
122 silly packumentCache full:https://registry.npmjs.org/@firebase%2fmessaging-compat set size:undefined disposed:false
123 http fetch GET 200 https://registry.npmjs.org/@firebase%2ffunctions-compat 1322ms (cache miss)
124 silly packumentCache full:https://registry.npmjs.org/@firebase%2ffunctions-compat set size:undefined disposed:false
125 http fetch GET 200 https://registry.npmjs.org/@firebase%2finstallations-compat 844ms (cache miss)
126 silly packumentCache full:https://registry.npmjs.org/@firebase%2finstallations-compat set size:undefined disposed:false
127 http fetch GET 200 https://registry.npmjs.org/@firebase%2fremote-config-compat 724ms (cache miss)
128 silly packumentCache full:https://registry.npmjs.org/@firebase%2fremote-config-compat set size:undefined disposed:false
129 http fetch GET 200 https://registry.npmjs.org/@firebase%2fperformance-compat 1495ms (cache miss)
130 silly packumentCache full:https://registry.npmjs.org/@firebase%2fperformance-compat set size:undefined disposed:false
131 silly fetch manifest @react-native-async-storage/async-storage@^1.18.1
132 silly packumentCache full:https://registry.npmjs.org/@react-native-async-storage%2fasync-storage cache-miss
133 http fetch GET 200 https://registry.npmjs.org/@react-native-async-storage%2fasync-storage 370ms (cache miss)
134 silly packumentCache full:https://registry.npmjs.org/@react-native-async-storage%2fasync-storage set size:undefined disposed:false
135 silly fetch manifest react-native@^0.0.0-0 || >=0.60 <1.0
136 silly packumentCache full:https://registry.npmjs.org/react-native cache-miss
137 http fetch GET 200 https://registry.npmjs.org/react-native 416ms (cache miss)
138 silly packumentCache full:https://registry.npmjs.org/react-native set size:undefined disposed:false
139 silly fetch manifest @types/react@^19.1.1
140 silly packumentCache full:https://registry.npmjs.org/@types%2freact cache-miss
141 http cache https://registry.npmjs.org/@types%2freact 57ms (cache hit)
142 silly packumentCache full:https://registry.npmjs.org/@types%2freact set size:2504314 disposed:false
143 silly fetch manifest react@^19.1.1
144 silly packumentCache full:https://registry.npmjs.org/react cache-miss
145 http cache https://registry.npmjs.org/react 35ms (cache hit)
146 silly packumentCache full:https://registry.npmjs.org/react set size:6173255 disposed:false
147 silly placeDep ROOT @firebase/ai@2.4.0 OK for: firebase@12.4.0 want: 2.4.0
148 silly placeDep ROOT @firebase/app@0.14.4 OK for: @firebase/ai@2.4.0 want: 0.x
149 silly placeDep ROOT @firebase/app-types@0.9.3 OK for: @firebase/ai@2.4.0 want: 0.x
150 silly placeDep ROOT @firebase/analytics@0.10.19 OK for: firebase@12.4.0 want: 0.10.19
151 silly placeDep ROOT @firebase/analytics-compat@0.2.25 OK for: firebase@12.4.0 want: 0.2.25
152 silly placeDep ROOT @firebase/app-compat@0.5.4 OK for: @firebase/analytics-compat@0.2.25 want: 0.x
153 silly placeDep ROOT @firebase/app-check@0.11.0 OK for: firebase@12.4.0 want: 0.11.0
154 silly placeDep ROOT @firebase/app-check-compat@0.4.0 OK for: firebase@12.4.0 want: 0.4.0
155 silly placeDep node_modules/firebase @firebase/auth@1.11.0 OK for: firebase@12.4.0 want: 1.11.0
156 silly placeDep ROOT @firebase/auth-compat@0.6.0 OK for: firebase@12.4.0 want: 0.6.0
157 silly placeDep ROOT @firebase/data-connect@0.3.11 OK for: firebase@12.4.0 want: 0.3.11
158 silly placeDep ROOT @firebase/database@1.1.0 OK for: firebase@12.4.0 want: 1.1.0
159 silly placeDep ROOT @firebase/database-compat@2.1.0 OK for: firebase@12.4.0 want: 2.1.0
160 silly placeDep ROOT @firebase/firestore@4.9.2 OK for: firebase@12.4.0 want: 4.9.2
161 silly placeDep ROOT @firebase/firestore-compat@0.4.2 OK for: firebase@12.4.0 want: 0.4.2
162 silly placeDep ROOT @firebase/functions@0.13.1 OK for: firebase@12.4.0 want: 0.13.1
163 silly placeDep ROOT @firebase/functions-compat@0.4.1 OK for: firebase@12.4.0 want: 0.4.1
164 silly placeDep ROOT @firebase/installations@0.6.19 OK for: firebase@12.4.0 want: 0.6.19
165 silly placeDep ROOT @firebase/installations-compat@0.2.19 OK for: firebase@12.4.0 want: 0.2.19
166 silly placeDep ROOT @firebase/messaging@0.12.23 OK for: firebase@12.4.0 want: 0.12.23
167 silly placeDep ROOT @firebase/messaging-compat@0.2.23 OK for: firebase@12.4.0 want: 0.2.23
168 silly placeDep ROOT @firebase/performance@0.7.9 OK for: firebase@12.4.0 want: 0.7.9
169 silly placeDep ROOT @firebase/performance-compat@0.2.22 OK for: firebase@12.4.0 want: 0.2.22
170 silly placeDep ROOT @firebase/remote-config@0.7.0 OK for: firebase@12.4.0 want: 0.7.0
171 silly placeDep ROOT @firebase/remote-config-compat@0.2.20 OK for: firebase@12.4.0 want: 0.2.20
172 silly placeDep ROOT @firebase/storage@0.14.0 OK for: firebase@12.4.0 want: 0.14.0
173 silly placeDep ROOT @firebase/storage-compat@0.4.0 OK for: firebase@12.4.0 want: 0.4.0
174 silly placeDep ROOT @firebase/util@1.13.0 OK for: firebase@12.4.0 want: 1.13.0
175 silly fetch manifest @firebase/logger@0.5.0
176 silly packumentCache full:https://registry.npmjs.org/@firebase%2flogger cache-miss
177 silly fetch manifest @firebase/component@0.7.0
178 silly packumentCache full:https://registry.npmjs.org/@firebase%2fcomponent cache-miss
179 silly fetch manifest @firebase/app-check-interop-types@0.3.3
180 silly packumentCache full:https://registry.npmjs.org/@firebase%2fapp-check-interop-types cache-miss
181 silly fetch manifest idb@7.1.1
182 silly packumentCache full:https://registry.npmjs.org/idb cache-miss
183 silly fetch manifest @firebase/logger@0.5.0
184 silly packumentCache full:https://registry.npmjs.org/@firebase%2flogger cache-miss
185 http fetch GET 200 https://registry.npmjs.org/idb 135ms (cache miss)
186 silly packumentCache full:https://registry.npmjs.org/idb set size:undefined disposed:false
187 silly fetch manifest @firebase/component@0.7.0
188 silly packumentCache full:https://registry.npmjs.org/@firebase%2fcomponent cache-miss
189 http fetch GET 200 https://registry.npmjs.org/@firebase%2fapp-check-interop-types 634ms (cache miss)
190 silly packumentCache full:https://registry.npmjs.org/@firebase%2fapp-check-interop-types set size:undefined disposed:false
191 silly fetch manifest @firebase/logger@0.5.0
192 silly packumentCache full:https://registry.npmjs.org/@firebase%2flogger cache-miss
193 http fetch GET 200 https://registry.npmjs.org/@firebase%2fcomponent 872ms (cache miss)
194 silly packumentCache full:https://registry.npmjs.org/@firebase%2fcomponent set size:undefined disposed:false
195 silly fetch manifest @firebase/analytics-types@0.8.3
196 silly packumentCache full:https://registry.npmjs.org/@firebase%2fanalytics-types cache-miss
197 http fetch GET 200 https://registry.npmjs.org/@firebase%2fcomponent 1019ms (cache miss)
198 silly packumentCache full:https://registry.npmjs.org/@firebase%2fcomponent set size:undefined disposed:false
199 silly fetch manifest @firebase/logger@0.5.0
200 silly packumentCache full:https://registry.npmjs.org/@firebase%2flogger cache-miss
201 http fetch GET 200 https://registry.npmjs.org/@firebase%2flogger 2419ms (cache miss)
202 silly packumentCache full:https://registry.npmjs.org/@firebase%2flogger set size:undefined disposed:false
203 silly fetch manifest @firebase/app-check-types@0.5.3
204 silly packumentCache full:https://registry.npmjs.org/@firebase%2fapp-check-types cache-miss
205 http fetch GET 200 https://registry.npmjs.org/@firebase%2fanalytics-types 1708ms (cache miss)
206 silly packumentCache full:https://registry.npmjs.org/@firebase%2fanalytics-types set size:undefined disposed:false
207 silly fetch manifest @firebase/auth-types@0.13.0
208 silly packumentCache full:https://registry.npmjs.org/@firebase%2fauth-types cache-miss
209 http fetch GET 200 https://registry.npmjs.org/@firebase%2flogger 2419ms (cache miss)
210 silly packumentCache full:https://registry.npmjs.org/@firebase%2flogger set size:undefined disposed:false
211 silly fetch manifest @firebase/auth-interop-types@0.2.4
212 silly packumentCache full:https://registry.npmjs.org/@firebase%2fauth-interop-types cache-miss
213 http fetch GET 200 https://registry.npmjs.org/@firebase%2fapp-check-types 787ms (cache miss)
214 silly packumentCache full:https://registry.npmjs.org/@firebase%2fapp-check-types set size:undefined disposed:false
215 silly fetch manifest faye-websocket@0.11.4
216 silly packumentCache full:https://registry.npmjs.org/faye-websocket cache-miss
217 http fetch GET 200 https://registry.npmjs.org/faye-websocket 134ms (cache miss)
218 silly packumentCache full:https://registry.npmjs.org/faye-websocket set size:undefined disposed:false
219 silly fetch manifest @firebase/auth-interop-types@0.2.4
220 silly packumentCache full:https://registry.npmjs.org/@firebase%2fauth-interop-types cache-miss
221 http fetch GET 200 https://registry.npmjs.org/@firebase%2flogger 3846ms (cache miss)
222 silly packumentCache full:https://registry.npmjs.org/@firebase%2flogger set size:undefined disposed:false
223 silly fetch manifest @firebase/database-types@1.0.16
224 silly packumentCache full:https://registry.npmjs.org/@firebase%2fdatabase-types cache-miss
225 http fetch GET 200 https://registry.npmjs.org/@firebase%2flogger 2719ms (cache miss)
226 silly packumentCache full:https://registry.npmjs.org/@firebase%2flogger set size:undefined disposed:false
227 silly fetch manifest @grpc/grpc-js@~1.9.0
228 silly packumentCache full:https://registry.npmjs.org/@grpc%2fgrpc-js cache-miss
229 http fetch GET 200 https://registry.npmjs.org/@firebase%2fauth-types 1659ms (cache miss)
230 silly packumentCache full:https://registry.npmjs.org/@firebase%2fauth-types set size:undefined disposed:false
231 silly fetch manifest @grpc/proto-loader@^0.7.8
232 silly packumentCache full:https://registry.npmjs.org/@grpc%2fproto-loader cache-miss
233 http fetch GET 200 https://registry.npmjs.org/@firebase%2fauth-interop-types 1370ms (cache miss)
234 silly packumentCache full:https://registry.npmjs.org/@firebase%2fauth-interop-types set size:undefined disposed:false
235 silly fetch manifest @firebase/webchannel-wrapper@1.0.5
236 silly packumentCache full:https://registry.npmjs.org/@firebase%2fwebchannel-wrapper cache-miss
237 http fetch GET 200 https://registry.npmjs.org/@grpc%2fgrpc-js 643ms (cache miss)
238 silly packumentCache full:https://registry.npmjs.org/@grpc%2fgrpc-js set size:undefined disposed:false
239 silly fetch manifest @firebase/firestore-types@3.0.3
240 silly packumentCache full:https://registry.npmjs.org/@firebase%2ffirestore-types cache-miss
241 http fetch GET 200 https://registry.npmjs.org/@firebase%2fauth-interop-types 1290ms (cache miss)
242 silly packumentCache full:https://registry.npmjs.org/@firebase%2fauth-interop-types set size:undefined disposed:false
243 silly fetch manifest @firebase/messaging-interop-types@0.2.3
244 silly packumentCache full:https://registry.npmjs.org/@firebase%2fmessaging-interop-types cache-miss
245 http fetch GET 200 https://registry.npmjs.org/@grpc%2fproto-loader 397ms (cache miss)
246 silly packumentCache full:https://registry.npmjs.org/@grpc%2fproto-loader set size:undefined disposed:false
247 silly fetch manifest @firebase/functions-types@0.6.3
248 silly packumentCache full:https://registry.npmjs.org/@firebase%2ffunctions-types cache-miss
249 http fetch GET 200 https://registry.npmjs.org/@firebase%2fmessaging-interop-types 954ms (cache miss)
250 silly packumentCache full:https://registry.npmjs.org/@firebase%2fmessaging-interop-types set size:undefined disposed:false
251 silly fetch manifest @firebase/installations-types@0.5.3
252 silly packumentCache full:https://registry.npmjs.org/@firebase%2finstallations-types cache-miss
253 http fetch GET 200 https://registry.npmjs.org/@firebase%2fdatabase-types 2485ms (cache miss)
254 silly packumentCache full:https://registry.npmjs.org/@firebase%2fdatabase-types set size:undefined disposed:false
255 silly fetch manifest web-vitals@^4.2.4
256 silly packumentCache full:https://registry.npmjs.org/web-vitals cache-miss
257 http fetch GET 200 https://registry.npmjs.org/@firebase%2ffirestore-types 1927ms (cache miss)
258 silly packumentCache full:https://registry.npmjs.org/@firebase%2ffirestore-types set size:undefined disposed:false
259 silly fetch manifest @firebase/performance-types@0.2.3
260 silly packumentCache full:https://registry.npmjs.org/@firebase%2fperformance-types cache-miss
261 http fetch GET 200 https://registry.npmjs.org/@firebase%2fwebchannel-wrapper 2157ms (cache miss)
262 silly packumentCache full:https://registry.npmjs.org/@firebase%2fwebchannel-wrapper set size:undefined disposed:false
263 silly fetch manifest @firebase/remote-config-types@0.5.0
264 silly packumentCache full:https://registry.npmjs.org/@firebase%2fremote-config-types cache-miss
265 http fetch GET 200 https://registry.npmjs.org/web-vitals 504ms (cache revalidated)
266 silly packumentCache full:https://registry.npmjs.org/web-vitals set size:478277 disposed:false
267 silly fetch manifest @firebase/storage-types@0.8.3
268 silly packumentCache full:https://registry.npmjs.org/@firebase%2fstorage-types cache-miss
269 http fetch GET 200 https://registry.npmjs.org/@firebase%2ffunctions-types 2354ms (cache miss)
270 silly packumentCache full:https://registry.npmjs.org/@firebase%2ffunctions-types set size:undefined disposed:false
271 http fetch GET 200 https://registry.npmjs.org/@firebase%2finstallations-types 1630ms (cache miss)
272 silly packumentCache full:https://registry.npmjs.org/@firebase%2finstallations-types set size:undefined disposed:false
273 http fetch GET 200 https://registry.npmjs.org/@firebase%2fstorage-types 1335ms (cache miss)
274 silly packumentCache full:https://registry.npmjs.org/@firebase%2fstorage-types set size:undefined disposed:false
275 http fetch GET 200 https://registry.npmjs.org/@firebase%2fperformance-types 1837ms (cache miss)
276 silly packumentCache full:https://registry.npmjs.org/@firebase%2fperformance-types set size:undefined disposed:false
277 http fetch GET 200 https://registry.npmjs.org/@firebase%2fremote-config-types 1745ms (cache miss)
278 silly packumentCache full:https://registry.npmjs.org/@firebase%2fremote-config-types set size:undefined disposed:false
279 silly placeDep ROOT @firebase/app-check-interop-types@0.3.3 OK for: @firebase/ai@2.4.0 want: 0.3.3
280 silly placeDep ROOT @firebase/component@0.7.0 OK for: @firebase/ai@2.4.0 want: 0.7.0
281 silly placeDep ROOT @firebase/logger@0.5.0 OK for: @firebase/ai@2.4.0 want: 0.5.0
282 silly placeDep ROOT @firebase/analytics-types@0.8.3 OK for: @firebase/analytics-compat@0.2.25 want: 0.8.3
283 silly placeDep ROOT idb@7.1.1 OK for: @firebase/app@0.14.4 want: 7.1.1
284 silly placeDep ROOT @firebase/app-check-types@0.5.3 OK for: @firebase/app-check-compat@0.4.0 want: 0.5.3
285 silly fetch manifest @firebase/app@0.x
286 silly packumentCache full:https://registry.npmjs.org/@firebase%2fapp cache-miss
287 http cache https://registry.npmjs.org/@firebase%2fapp 86ms (cache hit)
288 silly packumentCache full:https://registry.npmjs.org/@firebase%2fapp set size:14703344 disposed:false
289 silly fetch manifest @firebase/app-types@0.x
290 silly packumentCache full:https://registry.npmjs.org/@firebase%2fapp-types cache-miss
291 http cache https://registry.npmjs.org/@firebase%2fapp-types 58ms (cache hit)
292 silly packumentCache full:https://registry.npmjs.org/@firebase%2fapp-types set size:8425519 disposed:false
293 silly placeDep node_modules/@firebase/auth-compat @firebase/auth@1.11.0 OK for: @firebase/auth-compat@0.6.0 want: 1.11.0
294 silly placeDep ROOT @firebase/auth-types@0.13.0 OK for: @firebase/auth-compat@0.6.0 want: 0.13.0
295 silly placeDep ROOT @firebase/auth-interop-types@0.2.4 OK for: @firebase/data-connect@0.3.11 want: 0.2.4
296 silly placeDep ROOT faye-websocket@0.11.4 OK for: @firebase/database@1.1.0 want: 0.11.4
297 silly fetch manifest websocket-driver@>=0.5.1
298 silly packumentCache full:https://registry.npmjs.org/websocket-driver cache-miss
299 http fetch GET 200 https://registry.npmjs.org/websocket-driver 114ms (cache miss)
300 silly packumentCache full:https://registry.npmjs.org/websocket-driver set size:undefined disposed:false
301 silly placeDep ROOT @firebase/database-types@1.0.16 OK for: @firebase/database-compat@2.1.0 want: 1.0.16
302 silly placeDep ROOT @firebase/webchannel-wrapper@1.0.5 OK for: @firebase/firestore@4.9.2 want: 1.0.5
303 silly placeDep ROOT @grpc/grpc-js@1.9.15 OK for: @firebase/firestore@4.9.2 want: ~1.9.0
304 silly placeDep ROOT @grpc/proto-loader@0.7.15 OK for: @firebase/firestore@4.9.2 want: ^0.7.8
305 silly fetch manifest long@^5.0.0
306 silly packumentCache full:https://registry.npmjs.org/long cache-miss
307 silly fetch manifest yargs@^17.7.2
308 silly packumentCache full:https://registry.npmjs.org/yargs cache-miss
309 silly fetch manifest protobufjs@^7.2.5
310 silly packumentCache full:https://registry.npmjs.org/protobufjs cache-miss
311 silly fetch manifest lodash.camelcase@^4.3.0
312 silly packumentCache full:https://registry.npmjs.org/lodash.camelcase cache-miss
313 http fetch GET 200 https://registry.npmjs.org/long 116ms (cache miss)
314 silly packumentCache full:https://registry.npmjs.org/long set size:undefined disposed:false
315 http fetch GET 200 https://registry.npmjs.org/lodash.camelcase 145ms (cache miss)
316 silly packumentCache full:https://registry.npmjs.org/lodash.camelcase set size:undefined disposed:false
317 http fetch GET 200 https://registry.npmjs.org/protobufjs 151ms (cache miss)
318 silly packumentCache full:https://registry.npmjs.org/protobufjs set size:undefined disposed:false
319 http fetch GET 200 https://registry.npmjs.org/yargs 171ms (cache miss)
320 silly packumentCache full:https://registry.npmjs.org/yargs set size:undefined disposed:false
321 silly placeDep ROOT @firebase/firestore-types@3.0.3 OK for: @firebase/firestore-compat@0.4.2 want: 3.0.3
322 silly placeDep ROOT @firebase/messaging-interop-types@0.2.3 OK for: @firebase/functions@0.13.1 want: 0.2.3
323 silly placeDep ROOT @firebase/functions-types@0.6.3 OK for: @firebase/functions-compat@0.4.1 want: 0.6.3
324 silly placeDep ROOT @firebase/installations-types@0.5.3 OK for: @firebase/installations-compat@0.2.19 want: 0.5.3
325 silly placeDep ROOT web-vitals@4.2.4 OK for: @firebase/performance@0.7.9 want: ^4.2.4
326 silly placeDep ROOT @firebase/performance-types@0.2.3 OK for: @firebase/performance-compat@0.2.22 want: 0.2.3
327 silly placeDep ROOT @firebase/remote-config-types@0.5.0 OK for: @firebase/remote-config-compat@0.2.20 want: 0.5.0
328 silly placeDep ROOT @firebase/storage-types@0.8.3 OK for: @firebase/storage-compat@0.4.0 want: 0.8.3
329 silly placeDep ROOT lodash.camelcase@4.3.0 OK for: @grpc/proto-loader@0.7.15 want: ^4.3.0
330 silly placeDep ROOT long@5.3.2 OK for: @grpc/proto-loader@0.7.15 want: ^5.0.0
331 silly placeDep ROOT protobufjs@7.5.4 OK for: @grpc/proto-loader@0.7.15 want: ^7.2.5
332 silly placeDep ROOT yargs@17.7.2 OK for: @grpc/proto-loader@0.7.15 want: ^17.7.2
333 silly fetch manifest @protobufjs/aspromise@^1.1.2
334 silly packumentCache full:https://registry.npmjs.org/@protobufjs%2faspromise cache-miss
335 silly fetch manifest @protobufjs/base64@^1.1.2
336 silly packumentCache full:https://registry.npmjs.org/@protobufjs%2fbase64 cache-miss
337 silly fetch manifest @protobufjs/codegen@^2.0.4
338 silly packumentCache full:https://registry.npmjs.org/@protobufjs%2fcodegen cache-miss
339 silly fetch manifest @protobufjs/eventemitter@^1.1.0
340 silly packumentCache full:https://registry.npmjs.org/@protobufjs%2feventemitter cache-miss
341 silly fetch manifest @protobufjs/fetch@^1.1.0
342 silly packumentCache full:https://registry.npmjs.org/@protobufjs%2ffetch cache-miss
343 http fetch GET 200 https://registry.npmjs.org/@protobufjs%2ffetch 312ms (cache miss)
344 silly packumentCache full:https://registry.npmjs.org/@protobufjs%2ffetch set size:undefined disposed:false
345 silly fetch manifest @protobufjs/float@^1.0.2
346 silly packumentCache full:https://registry.npmjs.org/@protobufjs%2ffloat cache-miss
347 http fetch GET 200 https://registry.npmjs.org/@protobufjs%2faspromise 321ms (cache miss)
348 silly packumentCache full:https://registry.npmjs.org/@protobufjs%2faspromise set size:undefined disposed:false
349 silly fetch manifest @protobufjs/inquire@^1.1.0
350 silly packumentCache full:https://registry.npmjs.org/@protobufjs%2finquire cache-miss
351 http fetch GET 200 https://registry.npmjs.org/@protobufjs%2fbase64 326ms (cache miss)
352 silly packumentCache full:https://registry.npmjs.org/@protobufjs%2fbase64 set size:undefined disposed:false
353 silly fetch manifest @protobufjs/path@^1.1.2
354 silly packumentCache full:https://registry.npmjs.org/@protobufjs%2fpath cache-miss
355 http fetch GET 200 https://registry.npmjs.org/@protobufjs%2fcodegen 333ms (cache miss)
356 silly packumentCache full:https://registry.npmjs.org/@protobufjs%2fcodegen set size:undefined disposed:false
357 silly fetch manifest @protobufjs/pool@^1.1.0
358 silly packumentCache full:https://registry.npmjs.org/@protobufjs%2fpool cache-miss
359 http fetch GET 200 https://registry.npmjs.org/@protobufjs%2feventemitter 339ms (cache miss)
360 silly packumentCache full:https://registry.npmjs.org/@protobufjs%2feventemitter set size:undefined disposed:false
361 silly fetch manifest @protobufjs/utf8@^1.1.0
362 silly packumentCache full:https://registry.npmjs.org/@protobufjs%2futf8 cache-miss
363 http fetch GET 200 https://registry.npmjs.org/@protobufjs%2finquire 329ms (cache miss)
364 silly packumentCache full:https://registry.npmjs.org/@protobufjs%2finquire set size:undefined disposed:false
365 silly fetch manifest y18n@^5.0.5
366 silly packumentCache full:https://registry.npmjs.org/y18n cache-miss
367 http fetch GET 200 https://registry.npmjs.org/@protobufjs%2ffloat 336ms (cache miss)
368 silly packumentCache full:https://registry.npmjs.org/@protobufjs%2ffloat set size:undefined disposed:false
369 silly fetch manifest cliui@^8.0.1
370 silly packumentCache full:https://registry.npmjs.org/cliui cache-miss
371 http fetch GET 200 https://registry.npmjs.org/@protobufjs%2fpool 334ms (cache miss)
372 silly packumentCache full:https://registry.npmjs.org/@protobufjs%2fpool set size:undefined disposed:false
373 silly fetch manifest escalade@^3.1.1
374 silly packumentCache full:https://registry.npmjs.org/escalade cache-miss
375 http fetch GET 200 https://registry.npmjs.org/@protobufjs%2fpath 349ms (cache miss)
376 silly packumentCache full:https://registry.npmjs.org/@protobufjs%2fpath set size:undefined disposed:false
377 silly fetch manifest string-width@^4.2.3
378 silly packumentCache full:https://registry.npmjs.org/string-width cache-miss
379 http fetch GET 200 https://registry.npmjs.org/@protobufjs%2futf8 339ms (cache miss)
380 silly packumentCache full:https://registry.npmjs.org/@protobufjs%2futf8 set size:undefined disposed:false
381 silly fetch manifest yargs-parser@^21.1.1
382 silly packumentCache full:https://registry.npmjs.org/yargs-parser cache-miss
383 http fetch GET 200 https://registry.npmjs.org/cliui 70ms (cache miss)
384 silly packumentCache full:https://registry.npmjs.org/cliui set size:undefined disposed:false
385 silly fetch manifest get-caller-file@^2.0.5
386 silly packumentCache full:https://registry.npmjs.org/get-caller-file cache-miss
387 http fetch GET 200 https://registry.npmjs.org/y18n 88ms (cache miss)
388 silly packumentCache full:https://registry.npmjs.org/y18n set size:undefined disposed:false
389 silly fetch manifest require-directory@^2.1.1
390 silly packumentCache full:https://registry.npmjs.org/require-directory cache-miss
391 http fetch GET 200 https://registry.npmjs.org/string-width 88ms (cache revalidated)
392 silly packumentCache full:https://registry.npmjs.org/string-width set size:64158 disposed:false
393 http fetch GET 200 https://registry.npmjs.org/escalade 105ms (cache miss)
394 silly packumentCache full:https://registry.npmjs.org/escalade set size:undefined disposed:false
395 http fetch GET 200 https://registry.npmjs.org/yargs-parser 97ms (cache miss)
396 silly packumentCache full:https://registry.npmjs.org/yargs-parser set size:undefined disposed:false
397 http fetch GET 200 https://registry.npmjs.org/get-caller-file 87ms (cache miss)
398 silly packumentCache full:https://registry.npmjs.org/get-caller-file set size:undefined disposed:false
399 http fetch GET 200 https://registry.npmjs.org/require-directory 78ms (cache miss)
400 silly packumentCache full:https://registry.npmjs.org/require-directory set size:undefined disposed:false
401 silly placeDep ROOT websocket-driver@0.7.4 OK for: faye-websocket@0.11.4 want: >=0.5.1
402 silly fetch manifest http-parser-js@>=0.5.1
403 silly packumentCache full:https://registry.npmjs.org/http-parser-js cache-miss
404 silly fetch manifest safe-buffer@>=5.1.0
405 silly packumentCache full:https://registry.npmjs.org/safe-buffer cache-miss
406 silly fetch manifest websocket-extensions@>=0.1.1
407 silly packumentCache full:https://registry.npmjs.org/websocket-extensions cache-miss
408 http fetch GET 200 https://registry.npmjs.org/http-parser-js 96ms (cache miss)
409 silly packumentCache full:https://registry.npmjs.org/http-parser-js set size:undefined disposed:false
410 http fetch GET 200 https://registry.npmjs.org/websocket-extensions 99ms (cache miss)
411 silly packumentCache full:https://registry.npmjs.org/websocket-extensions set size:undefined disposed:false
412 http fetch GET 200 https://registry.npmjs.org/safe-buffer 111ms (cache miss)
413 silly packumentCache full:https://registry.npmjs.org/safe-buffer set size:undefined disposed:false
414 silly placeDep ROOT @protobufjs/aspromise@1.1.2 OK for: protobufjs@7.5.4 want: ^1.1.2
415 silly placeDep ROOT @protobufjs/base64@1.1.2 OK for: protobufjs@7.5.4 want: ^1.1.2
416 silly placeDep ROOT @protobufjs/codegen@2.0.4 OK for: protobufjs@7.5.4 want: ^2.0.4
417 silly placeDep ROOT @protobufjs/eventemitter@1.1.0 OK for: protobufjs@7.5.4 want: ^1.1.0
418 silly placeDep ROOT @protobufjs/fetch@1.1.0 OK for: protobufjs@7.5.4 want: ^1.1.0
419 silly placeDep ROOT @protobufjs/float@1.0.2 OK for: protobufjs@7.5.4 want: ^1.0.2
420 silly placeDep ROOT @protobufjs/inquire@1.1.0 OK for: protobufjs@7.5.4 want: ^1.1.0
421 silly placeDep ROOT @protobufjs/path@1.1.2 OK for: protobufjs@7.5.4 want: ^1.1.2
422 silly placeDep ROOT @protobufjs/pool@1.1.0 OK for: protobufjs@7.5.4 want: ^1.1.0
423 silly placeDep ROOT @protobufjs/utf8@1.1.0 OK for: protobufjs@7.5.4 want: ^1.1.0
424 silly placeDep ROOT http-parser-js@0.5.10 OK for: websocket-driver@0.7.4 want: >=0.5.1
425 silly placeDep ROOT safe-buffer@5.2.1 OK for: websocket-driver@0.7.4 want: >=5.1.0
426 silly placeDep ROOT websocket-extensions@0.1.4 OK for: websocket-driver@0.7.4 want: >=0.1.1
427 silly placeDep ROOT cliui@8.0.1 OK for: yargs@17.7.2 want: ^8.0.1
428 silly placeDep ROOT escalade@3.2.0 OK for: yargs@17.7.2 want: ^3.1.1
429 silly placeDep ROOT get-caller-file@2.0.5 OK for: yargs@17.7.2 want: ^2.0.5
430 silly placeDep ROOT require-directory@2.1.1 OK for: yargs@17.7.2 want: ^2.1.1
431 silly placeDep ROOT string-width@4.2.3 OK for: yargs@17.7.2 want: ^4.2.3
432 silly placeDep ROOT y18n@5.0.8 OK for: yargs@17.7.2 want: ^5.0.5
433 silly placeDep ROOT yargs-parser@21.1.1 OK for: yargs@17.7.2 want: ^21.1.1
434 silly fetch manifest wrap-ansi@^7.0.0
435 silly packumentCache full:https://registry.npmjs.org/wrap-ansi cache-miss
436 silly fetch manifest strip-ansi@^6.0.1
437 silly packumentCache full:https://registry.npmjs.org/strip-ansi cache-miss
438 silly fetch manifest string-width@^4.2.0
439 silly packumentCache full:https://registry.npmjs.org/string-width cache-hit
440 silly fetch manifest strip-ansi@^6.0.1
441 silly packumentCache full:https://registry.npmjs.org/strip-ansi cache-miss
442 silly fetch manifest emoji-regex@^8.0.0
443 silly packumentCache full:https://registry.npmjs.org/emoji-regex cache-miss
444 silly fetch manifest is-fullwidth-code-point@^3.0.0
445 silly packumentCache full:https://registry.npmjs.org/is-fullwidth-code-point cache-miss
446 http fetch GET 200 https://registry.npmjs.org/strip-ansi 88ms (cache revalidated)
447 silly packumentCache full:https://registry.npmjs.org/strip-ansi set size:41855 disposed:false
448 http fetch GET 200 https://registry.npmjs.org/emoji-regex 88ms (cache revalidated)
449 silly packumentCache full:https://registry.npmjs.org/emoji-regex set size:89088 disposed:false
450 http fetch GET 200 https://registry.npmjs.org/is-fullwidth-code-point 103ms (cache revalidated)
451 silly packumentCache full:https://registry.npmjs.org/is-fullwidth-code-point set size:14578 disposed:false
452 http fetch GET 200 https://registry.npmjs.org/wrap-ansi 127ms (cache revalidated)
453 silly packumentCache full:https://registry.npmjs.org/wrap-ansi set size:51195 disposed:false
454 http fetch GET 200 https://registry.npmjs.org/strip-ansi 154ms (cache revalidated)
455 silly packumentCache full:https://registry.npmjs.org/strip-ansi set size:41855 disposed:false
456 silly packumentCache full:https://registry.npmjs.org/strip-ansi dispose
457 silly placeDep ROOT strip-ansi@6.0.1 OK for: cliui@8.0.1 want: ^6.0.1
458 silly placeDep ROOT wrap-ansi@7.0.0 OK for: cliui@8.0.1 want: ^7.0.0
459 silly fetch manifest ansi-regex@^5.0.1
460 silly packumentCache full:https://registry.npmjs.org/ansi-regex cache-miss
461 silly fetch manifest ansi-styles@^4.0.0
462 silly packumentCache full:https://registry.npmjs.org/ansi-styles cache-miss
463 http fetch GET 200 https://registry.npmjs.org/ansi-regex 79ms (cache revalidated)
464 silly packumentCache full:https://registry.npmjs.org/ansi-regex set size:43572 disposed:false
465 http fetch GET 200 https://registry.npmjs.org/ansi-styles 82ms (cache revalidated)
466 silly packumentCache full:https://registry.npmjs.org/ansi-styles set size:63233 disposed:false
467 silly placeDep ROOT emoji-regex@8.0.0 OK for: string-width@4.2.3 want: ^8.0.0
468 silly placeDep ROOT is-fullwidth-code-point@3.0.0 OK for: string-width@4.2.3 want: ^3.0.0
469 silly placeDep ROOT ansi-regex@5.0.1 OK for: strip-ansi@6.0.1 want: ^5.0.1
470 silly placeDep ROOT ansi-styles@4.3.0 OK for: wrap-ansi@7.0.0 want: ^4.0.0
471 silly fetch manifest color-convert@^2.0.1
472 silly packumentCache full:https://registry.npmjs.org/color-convert cache-miss
473 http fetch GET 200 https://registry.npmjs.org/color-convert 87ms (cache revalidated)
474 silly packumentCache full:https://registry.npmjs.org/color-convert set size:70744 disposed:false
475 silly placeDep ROOT color-convert@2.0.1 OK for: ansi-styles@4.3.0 want: ^2.0.1
476 silly fetch manifest color-name@~1.1.4
477 silly packumentCache full:https://registry.npmjs.org/color-name cache-miss
478 http fetch GET 200 https://registry.npmjs.org/color-name 80ms (cache revalidated)
479 silly packumentCache full:https://registry.npmjs.org/color-name set size:17921 disposed:false
480 silly placeDep ROOT color-name@1.1.4 OK for: color-convert@2.0.1 want: ~1.1.4
481 silly reify moves {}
482 silly audit bulk request {
482 silly audit   '@alloc/quick-lru': [ '5.2.0' ],
482 silly audit   '@emnapi/runtime': [ '1.5.0' ],
482 silly audit   '@img/colour': [ '1.0.0' ],
482 silly audit   '@img/sharp-darwin-arm64': [ '0.34.4' ],
482 silly audit   '@img/sharp-darwin-x64': [ '0.34.4' ],
482 silly audit   '@img/sharp-libvips-darwin-arm64': [ '1.2.3' ],
482 silly audit   '@img/sharp-libvips-darwin-x64': [ '1.2.3' ],
482 silly audit   '@img/sharp-libvips-linux-arm': [ '1.2.3' ],
482 silly audit   '@img/sharp-libvips-linux-arm64': [ '1.2.3' ],
482 silly audit   '@img/sharp-libvips-linux-ppc64': [ '1.2.3' ],
482 silly audit   '@img/sharp-libvips-linux-s390x': [ '1.2.3' ],
482 silly audit   '@img/sharp-libvips-linux-x64': [ '1.2.3' ],
482 silly audit   '@img/sharp-libvips-linuxmusl-arm64': [ '1.2.3' ],
482 silly audit   '@img/sharp-libvips-linuxmusl-x64': [ '1.2.3' ],
482 silly audit   '@img/sharp-linux-arm': [ '0.34.4' ],
482 silly audit   '@img/sharp-linux-arm64': [ '0.34.4' ],
482 silly audit   '@img/sharp-linux-ppc64': [ '0.34.4' ],
482 silly audit   '@img/sharp-linux-s390x': [ '0.34.4' ],
482 silly audit   '@img/sharp-linux-x64': [ '0.34.4' ],
482 silly audit   '@img/sharp-linuxmusl-arm64': [ '0.34.4' ],
482 silly audit   '@img/sharp-linuxmusl-x64': [ '0.34.4' ],
482 silly audit   '@img/sharp-wasm32': [ '0.34.4' ],
482 silly audit   '@img/sharp-win32-arm64': [ '0.34.4' ],
482 silly audit   '@img/sharp-win32-ia32': [ '0.34.4' ],
482 silly audit   '@img/sharp-win32-x64': [ '0.34.4' ],
482 silly audit   '@isaacs/fs-minipass': [ '4.0.1' ],
482 silly audit   '@jridgewell/gen-mapping': [ '0.3.13' ],
482 silly audit   '@jridgewell/remapping': [ '2.3.5' ],
482 silly audit   '@jridgewell/resolve-uri': [ '3.1.2' ],
482 silly audit   '@jridgewell/sourcemap-codec': [ '1.5.5' ],
482 silly audit   '@jridgewell/trace-mapping': [ '0.3.31' ],
482 silly audit   '@next/env': [ '15.5.5' ],
482 silly audit   '@next/swc-darwin-arm64': [ '15.5.5' ],
482 silly audit   '@next/swc-darwin-x64': [ '15.5.5' ],
482 silly audit   '@next/swc-linux-arm64-gnu': [ '15.5.5' ],
482 silly audit   '@next/swc-linux-arm64-musl': [ '15.5.5' ],
482 silly audit   '@next/swc-linux-x64-gnu': [ '15.5.5' ],
482 silly audit   '@next/swc-linux-x64-musl': [ '15.5.5' ],
482 silly audit   '@next/swc-win32-arm64-msvc': [ '15.5.5' ],
482 silly audit   '@next/swc-win32-x64-msvc': [ '15.5.5' ],
482 silly audit   '@swc/helpers': [ '0.5.15' ],
482 silly audit   '@tailwindcss/node': [ '4.1.14' ],
482 silly audit   '@tailwindcss/oxide': [ '4.1.14' ],
482 silly audit   '@tailwindcss/oxide-android-arm64': [ '4.1.14' ],
482 silly audit   '@tailwindcss/oxide-darwin-arm64': [ '4.1.14' ],
482 silly audit   '@tailwindcss/oxide-darwin-x64': [ '4.1.14' ],
482 silly audit   '@tailwindcss/oxide-freebsd-x64': [ '4.1.14' ],
482 silly audit   '@tailwindcss/oxide-linux-arm-gnueabihf': [ '4.1.14' ],
482 silly audit   '@tailwindcss/oxide-linux-arm64-gnu': [ '4.1.14' ],
482 silly audit   '@tailwindcss/oxide-linux-arm64-musl': [ '4.1.14' ],
482 silly audit   '@tailwindcss/oxide-linux-x64-gnu': [ '4.1.14' ],
482 silly audit   '@tailwindcss/oxide-linux-x64-musl': [ '4.1.14' ],
482 silly audit   '@tailwindcss/oxide-wasm32-wasi': [ '4.1.14' ],
482 silly audit   '@tailwindcss/oxide-win32-arm64-msvc': [ '4.1.14' ],
482 silly audit   '@tailwindcss/oxide-win32-x64-msvc': [ '4.1.14' ],
482 silly audit   '@tailwindcss/postcss': [ '4.1.14' ],
482 silly audit   '@types/node': [ '20.19.21' ],
482 silly audit   '@types/react': [ '19.2.2' ],
482 silly audit   '@types/react-dom': [ '19.2.2' ],
482 silly audit   'caniuse-lite': [ '1.0.30001751' ],
482 silly audit   chownr: [ '3.0.0' ],
482 silly audit   'client-only': [ '0.0.1' ],
482 silly audit   csstype: [ '3.1.3' ],
482 silly audit   'detect-libc': [ '2.1.2' ],
482 silly audit   'enhanced-resolve': [ '5.18.3' ],
482 silly audit   'graceful-fs': [ '4.2.11' ],
482 silly audit   jiti: [ '2.6.1' ],
482 silly audit   lightningcss: [ '1.30.1' ],
482 silly audit   'lightningcss-darwin-arm64': [ '1.30.1' ],
482 silly audit   'lightningcss-darwin-x64': [ '1.30.1' ],
482 silly audit   'lightningcss-freebsd-x64': [ '1.30.1' ],
482 silly audit   'lightningcss-linux-arm-gnueabihf': [ '1.30.1' ],
482 silly audit   'lightningcss-linux-arm64-gnu': [ '1.30.1' ],
482 silly audit   'lightningcss-linux-arm64-musl': [ '1.30.1' ],
482 silly audit   'lightningcss-linux-x64-gnu': [ '1.30.1' ],
482 silly audit   'lightningcss-linux-x64-musl': [ '1.30.1' ],
482 silly audit   'lightningcss-win32-arm64-msvc': [ '1.30.1' ],
482 silly audit   'lightningcss-win32-x64-msvc': [ '1.30.1' ],
482 silly audit   'magic-string': [ '0.30.19' ],
482 silly audit   minipass: [ '7.1.2' ],
482 silly audit   minizlib: [ '3.1.0' ],
482 silly audit   nanoid: [ '3.3.11' ],
482 silly audit   next: [ '15.5.5' ],
482 silly audit   postcss: [ '8.4.31', '8.5.6' ],
482 silly audit   picocolors: [ '1.1.1' ],
482 silly audit   react: [ '19.1.0' ],
482 silly audit   'react-dom': [ '19.1.0' ],
482 silly audit   scheduler: [ '0.26.0' ],
482 silly audit   semver: [ '7.7.3' ],
482 silly audit   sharp: [ '0.34.4' ],
482 silly audit   'source-map-js': [ '1.2.1' ],
482 silly audit   'styled-jsx': [ '5.1.6' ],
482 silly audit   tailwindcss: [ '4.1.14' ],
482 silly audit   tapable: [ '2.3.0' ],
482 silly audit   tar: [ '7.5.1' ],
482 silly audit   tslib: [ '2.8.1' ],
482 silly audit   typescript: [ '5.9.3' ],
482 silly audit   'undici-types': [ '6.21.0' ],
482 silly audit   yallist: [ '5.0.0' ],
482 silly audit   firebase: [ '12.4.0' ],
482 silly audit   '@firebase/ai': [ '2.4.0' ],
482 silly audit   '@firebase/app': [ '0.14.4' ],
482 silly audit   '@firebase/app-types': [ '0.9.3' ],
482 silly audit   '@firebase/analytics': [ '0.10.19' ],
482 silly audit   '@firebase/analytics-compat': [ '0.2.25' ],
482 silly audit   '@firebase/app-compat': [ '0.5.4' ],
482 silly audit   '@firebase/app-check': [ '0.11.0' ],
482 silly audit   '@firebase/app-check-compat': [ '0.4.0' ],
482 silly audit   '@firebase/auth': [ '1.11.0' ],
482 silly audit   '@firebase/auth-compat': [ '0.6.0' ],
482 silly audit   '@firebase/data-connect': [ '0.3.11' ],
482 silly audit   '@firebase/database': [ '1.1.0' ],
482 silly audit   '@firebase/database-compat': [ '2.1.0' ],
482 silly audit   '@firebase/firestore': [ '4.9.2' ],
482 silly audit   '@firebase/firestore-compat': [ '0.4.2' ],
482 silly audit   '@firebase/functions': [ '0.13.1' ],
482 silly audit   '@firebase/functions-compat': [ '0.4.1' ],
482 silly audit   '@firebase/installations': [ '0.6.19' ],
482 silly audit   '@firebase/installations-compat': [ '0.2.19' ],
482 silly audit   '@firebase/messaging': [ '0.12.23' ],
482 silly audit   '@firebase/messaging-compat': [ '0.2.23' ],
482 silly audit   '@firebase/performance': [ '0.7.9' ],
482 silly audit   '@firebase/performance-compat': [ '0.2.22' ],
482 silly audit   '@firebase/remote-config': [ '0.7.0' ],
482 silly audit   '@firebase/remote-config-compat': [ '0.2.20' ],
482 silly audit   '@firebase/storage': [ '0.14.0' ],
482 silly audit   '@firebase/storage-compat': [ '0.4.0' ],
482 silly audit   '@firebase/util': [ '1.13.0' ],
482 silly audit   '@firebase/app-check-interop-types': [ '0.3.3' ],
482 silly audit   '@firebase/component': [ '0.7.0' ],
482 silly audit   '@firebase/logger': [ '0.5.0' ],
482 silly audit   '@firebase/analytics-types': [ '0.8.3' ],
482 silly audit   idb: [ '7.1.1' ],
482 silly audit   '@firebase/app-check-types': [ '0.5.3' ],
482 silly audit   '@firebase/auth-types': [ '0.13.0' ],
482 silly audit   '@firebase/auth-interop-types': [ '0.2.4' ],
482 silly audit   'faye-websocket': [ '0.11.4' ],
482 silly audit   '@firebase/database-types': [ '1.0.16' ],
482 silly audit   '@firebase/webchannel-wrapper': [ '1.0.5' ],
482 silly audit   '@grpc/grpc-js': [ '1.9.15' ],
482 silly audit   '@grpc/proto-loader': [ '0.7.15' ],
482 silly audit   '@firebase/firestore-types': [ '3.0.3' ],
482 silly audit   '@firebase/messaging-interop-types': [ '0.2.3' ],
482 silly audit   '@firebase/functions-types': [ '0.6.3' ],
482 silly audit   '@firebase/installations-types': [ '0.5.3' ],
482 silly audit   'web-vitals': [ '4.2.4' ],
482 silly audit   '@firebase/performance-types': [ '0.2.3' ],
482 silly audit   '@firebase/remote-config-types': [ '0.5.0' ],
482 silly audit   '@firebase/storage-types': [ '0.8.3' ],
482 silly audit   'lodash.camelcase': [ '4.3.0' ],
482 silly audit   long: [ '5.3.2' ],
482 silly audit   protobufjs: [ '7.5.4' ],
482 silly audit   yargs: [ '17.7.2' ],
482 silly audit   'websocket-driver': [ '0.7.4' ],
482 silly audit   '@protobufjs/aspromise': [ '1.1.2' ],
482 silly audit   '@protobufjs/base64': [ '1.1.2' ],
482 silly audit   '@protobufjs/codegen': [ '2.0.4' ],
482 silly audit   '@protobufjs/eventemitter': [ '1.1.0' ],
482 silly audit   '@protobufjs/fetch': [ '1.1.0' ],
482 silly audit   '@protobufjs/float': [ '1.0.2' ],
482 silly audit   '@protobufjs/inquire': [ '1.1.0' ],
482 silly audit   '@protobufjs/path': [ '1.1.2' ],
482 silly audit   '@protobufjs/pool': [ '1.1.0' ],
482 silly audit   '@protobufjs/utf8': [ '1.1.0' ],
482 silly audit   'http-parser-js': [ '0.5.10' ],
482 silly audit   'safe-buffer': [ '5.2.1' ],
482 silly audit   'websocket-extensions': [ '0.1.4' ],
482 silly audit   cliui: [ '8.0.1' ],
482 silly audit   escalade: [ '3.2.0' ],
482 silly audit   'get-caller-file': [ '2.0.5' ],
482 silly audit   'require-directory': [ '2.1.1' ],
482 silly audit   'string-width': [ '4.2.3' ],
482 silly audit   y18n: [ '5.0.8' ],
482 silly audit   'yargs-parser': [ '21.1.1' ],
482 silly audit   'strip-ansi': [ '6.0.1' ],
482 silly audit   'wrap-ansi': [ '7.0.0' ],
482 silly audit   'emoji-regex': [ '8.0.0' ],
482 silly audit   'is-fullwidth-code-point': [ '3.0.0' ],
482 silly audit   'ansi-regex': [ '5.0.1' ],
482 silly audit   'ansi-styles': [ '4.3.0' ],
482 silly audit   'color-convert': [ '2.0.1' ],
482 silly audit   'color-name': [ '1.1.4' ]
482 silly audit }
483 http cache color-name@https://registry.npmjs.org/color-name/-/color-name-1.1.4.tgz 0ms (cache hit)
484 http cache color-convert@https://registry.npmjs.org/color-convert/-/color-convert-2.0.1.tgz 0ms (cache hit)
485 http cache ansi-regex@https://registry.npmjs.org/ansi-regex/-/ansi-regex-5.0.1.tgz 0ms (cache hit)
486 http cache is-fullwidth-code-point@https://registry.npmjs.org/is-fullwidth-code-point/-/is-fullwidth-code-point-3.0.0.tgz 0ms (cache hit)
487 http cache emoji-regex@https://registry.npmjs.org/emoji-regex/-/emoji-regex-8.0.0.tgz 0ms (cache hit)
488 http cache wrap-ansi@https://registry.npmjs.org/wrap-ansi/-/wrap-ansi-7.0.0.tgz 0ms (cache hit)
489 http cache strip-ansi@https://registry.npmjs.org/strip-ansi/-/strip-ansi-6.0.1.tgz 0ms (cache hit)
490 http cache yargs-parser@https://registry.npmjs.org/yargs-parser/-/yargs-parser-21.1.1.tgz 0ms (cache hit)
491 http cache y18n@https://registry.npmjs.org/y18n/-/y18n-5.0.8.tgz 0ms (cache hit)
492 http cache string-width@https://registry.npmjs.org/string-width/-/string-width-4.2.3.tgz 0ms (cache hit)
493 http cache require-directory@https://registry.npmjs.org/require-directory/-/require-directory-2.1.1.tgz 0ms (cache hit)
494 http cache get-caller-file@https://registry.npmjs.org/get-caller-file/-/get-caller-file-2.0.5.tgz 0ms (cache hit)
495 http cache escalade@https://registry.npmjs.org/escalade/-/escalade-3.2.0.tgz 0ms (cache hit)
496 http cache cliui@https://registry.npmjs.org/cliui/-/cliui-8.0.1.tgz 0ms (cache hit)
497 http cache websocket-extensions@https://registry.npmjs.org/websocket-extensions/-/websocket-extensions-0.1.4.tgz 0ms (cache hit)
498 http cache safe-buffer@https://registry.npmjs.org/safe-buffer/-/safe-buffer-5.2.1.tgz 0ms (cache hit)
499 http cache http-parser-js@https://registry.npmjs.org/http-parser-js/-/http-parser-js-0.5.10.tgz 0ms (cache hit)
500 http cache @protobufjs/utf8@https://registry.npmjs.org/@protobufjs/utf8/-/utf8-1.1.0.tgz 0ms (cache hit)
501 http cache @protobufjs/pool@https://registry.npmjs.org/@protobufjs/pool/-/pool-1.1.0.tgz 0ms (cache hit)
502 http cache @protobufjs/path@https://registry.npmjs.org/@protobufjs/path/-/path-1.1.2.tgz 0ms (cache hit)
503 http cache @protobufjs/inquire@https://registry.npmjs.org/@protobufjs/inquire/-/inquire-1.1.0.tgz 0ms (cache hit)
504 http cache @protobufjs/float@https://registry.npmjs.org/@protobufjs/float/-/float-1.0.2.tgz 0ms (cache hit)
505 http cache @protobufjs/fetch@https://registry.npmjs.org/@protobufjs/fetch/-/fetch-1.1.0.tgz 0ms (cache hit)
506 http cache @protobufjs/eventemitter@https://registry.npmjs.org/@protobufjs/eventemitter/-/eventemitter-1.1.0.tgz 0ms (cache hit)
507 http cache ansi-styles@https://registry.npmjs.org/ansi-styles/-/ansi-styles-4.3.0.tgz 0ms (cache hit)
508 http cache @protobufjs/base64@https://registry.npmjs.org/@protobufjs/base64/-/base64-1.1.2.tgz 0ms (cache hit)
509 http cache @protobufjs/aspromise@https://registry.npmjs.org/@protobufjs/aspromise/-/aspromise-1.1.2.tgz 0ms (cache hit)
510 http cache yargs@https://registry.npmjs.org/yargs/-/yargs-17.7.2.tgz 0ms (cache hit)
511 http cache protobufjs@https://registry.npmjs.org/protobufjs/-/protobufjs-7.5.4.tgz 0ms (cache hit)
512 http cache long@https://registry.npmjs.org/long/-/long-5.3.2.tgz 0ms (cache hit)
513 http cache lodash.camelcase@https://registry.npmjs.org/lodash.camelcase/-/lodash.camelcase-4.3.0.tgz 0ms (cache hit)
514 http cache @firebase/storage-types@https://registry.npmjs.org/@firebase/storage-types/-/storage-types-0.8.3.tgz 0ms (cache hit)
515 http cache @protobufjs/codegen@https://registry.npmjs.org/@protobufjs/codegen/-/codegen-2.0.4.tgz 0ms (cache hit)
516 http cache @firebase/remote-config-types@https://registry.npmjs.org/@firebase/remote-config-types/-/remote-config-types-0.5.0.tgz 0ms (cache hit)
517 http cache web-vitals@https://registry.npmjs.org/web-vitals/-/web-vitals-4.2.4.tgz 1ms (cache hit)
518 http cache @firebase/installations-types@https://registry.npmjs.org/@firebase/installations-types/-/installations-types-0.5.3.tgz 0ms (cache hit)
519 http cache @firebase/functions-types@https://registry.npmjs.org/@firebase/functions-types/-/functions-types-0.6.3.tgz 0ms (cache hit)
520 http cache websocket-driver@https://registry.npmjs.org/websocket-driver/-/websocket-driver-0.7.4.tgz 0ms (cache hit)
521 http cache @firebase/firestore-types@https://registry.npmjs.org/@firebase/firestore-types/-/firestore-types-3.0.3.tgz 0ms (cache hit)
522 http cache @firebase/messaging-interop-types@https://registry.npmjs.org/@firebase/messaging-interop-types/-/messaging-interop-types-0.2.3.tgz 0ms (cache hit)
523 http cache @firebase/performance-types@https://registry.npmjs.org/@firebase/performance-types/-/performance-types-0.2.3.tgz 0ms (cache hit)
524 http cache @grpc/proto-loader@https://registry.npmjs.org/@grpc/proto-loader/-/proto-loader-0.7.15.tgz 0ms (cache hit)
525 http cache @firebase/database-types@https://registry.npmjs.org/@firebase/database-types/-/database-types-1.0.16.tgz 0ms (cache hit)
526 http cache @grpc/grpc-js@https://registry.npmjs.org/@grpc/grpc-js/-/grpc-js-1.9.15.tgz 0ms (cache hit)
527 http cache faye-websocket@https://registry.npmjs.org/faye-websocket/-/faye-websocket-0.11.4.tgz 0ms (cache hit)
528 http cache @firebase/webchannel-wrapper@https://registry.npmjs.org/@firebase/webchannel-wrapper/-/webchannel-wrapper-1.0.5.tgz 0ms (cache hit)
529 http cache @firebase/app-check-types@https://registry.npmjs.org/@firebase/app-check-types/-/app-check-types-0.5.3.tgz 0ms (cache hit)
530 http cache @firebase/auth-interop-types@https://registry.npmjs.org/@firebase/auth-interop-types/-/auth-interop-types-0.2.4.tgz 0ms (cache hit)
531 http cache @firebase/analytics-types@https://registry.npmjs.org/@firebase/analytics-types/-/analytics-types-0.8.3.tgz 0ms (cache hit)
532 http cache idb@https://registry.npmjs.org/idb/-/idb-7.1.1.tgz 0ms (cache hit)
533 http cache @firebase/auth-types@https://registry.npmjs.org/@firebase/auth-types/-/auth-types-0.13.0.tgz 0ms (cache hit)
534 http cache @firebase/logger@https://registry.npmjs.org/@firebase/logger/-/logger-0.5.0.tgz 0ms (cache hit)
535 http cache @firebase/app-check-interop-types@https://registry.npmjs.org/@firebase/app-check-interop-types/-/app-check-interop-types-0.3.3.tgz 0ms (cache hit)
536 http cache @firebase/component@https://registry.npmjs.org/@firebase/component/-/component-0.7.0.tgz 0ms (cache hit)
537 http cache @firebase/storage@https://registry.npmjs.org/@firebase/storage/-/storage-0.14.0.tgz 0ms (cache hit)
538 http cache @firebase/remote-config-compat@https://registry.npmjs.org/@firebase/remote-config-compat/-/remote-config-compat-0.2.20.tgz 0ms (cache hit)
539 http cache @firebase/storage-compat@https://registry.npmjs.org/@firebase/storage-compat/-/storage-compat-0.4.0.tgz 0ms (cache hit)
540 http cache @firebase/remote-config@https://registry.npmjs.org/@firebase/remote-config/-/remote-config-0.7.0.tgz 0ms (cache hit)
541 http cache @firebase/performance@https://registry.npmjs.org/@firebase/performance/-/performance-0.7.9.tgz 0ms (cache hit)
542 http cache @firebase/util@https://registry.npmjs.org/@firebase/util/-/util-1.13.0.tgz 0ms (cache hit)
543 http cache @firebase/messaging-compat@https://registry.npmjs.org/@firebase/messaging-compat/-/messaging-compat-0.2.23.tgz 0ms (cache hit)
544 http cache @firebase/performance-compat@https://registry.npmjs.org/@firebase/performance-compat/-/performance-compat-0.2.22.tgz 0ms (cache hit)
545 http cache @firebase/installations-compat@https://registry.npmjs.org/@firebase/installations-compat/-/installations-compat-0.2.19.tgz 0ms (cache hit)
546 http cache @firebase/functions-compat@https://registry.npmjs.org/@firebase/functions-compat/-/functions-compat-0.4.1.tgz 0ms (cache hit)
547 http cache @firebase/messaging@https://registry.npmjs.org/@firebase/messaging/-/messaging-0.12.23.tgz 0ms (cache hit)
548 http cache @firebase/functions@https://registry.npmjs.org/@firebase/functions/-/functions-0.13.1.tgz 0ms (cache hit)
549 http cache @firebase/firestore@https://registry.npmjs.org/@firebase/firestore/-/firestore-4.9.2.tgz 0ms (cache hit)
550 http cache @firebase/installations@https://registry.npmjs.org/@firebase/installations/-/installations-0.6.19.tgz 0ms (cache hit)
551 http cache @firebase/database-compat@https://registry.npmjs.org/@firebase/database-compat/-/database-compat-2.1.0.tgz 0ms (cache hit)
552 http cache @firebase/database@https://registry.npmjs.org/@firebase/database/-/database-1.1.0.tgz 0ms (cache hit)
553 http cache @firebase/auth-compat@https://registry.npmjs.org/@firebase/auth-compat/-/auth-compat-0.6.0.tgz 0ms (cache hit)
554 http cache @firebase/app-check-compat@https://registry.npmjs.org/@firebase/app-check-compat/-/app-check-compat-0.4.0.tgz 0ms (cache hit)
555 http cache @firebase/app-check@https://registry.npmjs.org/@firebase/app-check/-/app-check-0.11.0.tgz 0ms (cache hit)
556 http cache @firebase/app-compat@https://registry.npmjs.org/@firebase/app-compat/-/app-compat-0.5.4.tgz 0ms (cache hit)
557 http cache @firebase/analytics-compat@https://registry.npmjs.org/@firebase/analytics-compat/-/analytics-compat-0.2.25.tgz 0ms (cache hit)
558 http cache @firebase/data-connect@https://registry.npmjs.org/@firebase/data-connect/-/data-connect-0.3.11.tgz 0ms (cache hit)
559 http cache @firebase/app-types@https://registry.npmjs.org/@firebase/app-types/-/app-types-0.9.3.tgz 0ms (cache hit)
560 http cache @firebase/app@https://registry.npmjs.org/@firebase/app/-/app-0.14.4.tgz 0ms (cache hit)
561 http cache @firebase/analytics@https://registry.npmjs.org/@firebase/analytics/-/analytics-0.10.19.tgz 0ms (cache hit)
562 http cache @firebase/ai@https://registry.npmjs.org/@firebase/ai/-/ai-2.4.0.tgz 0ms (cache hit)
563 http cache @firebase/auth@https://registry.npmjs.org/@firebase/auth/-/auth-1.11.0.tgz 0ms (cache hit)
564 http cache firebase@https://registry.npmjs.org/firebase/-/firebase-12.4.0.tgz 0ms (cache hit)
565 http cache @firebase/auth@https://registry.npmjs.org/@firebase/auth/-/auth-1.11.0.tgz 0ms (cache hit)
566 http cache @firebase/firestore-compat@https://registry.npmjs.org/@firebase/firestore-compat/-/firestore-compat-0.4.2.tgz 0ms (cache hit)
567 silly tarball no local data for require-directory@https://registry.npmjs.org/require-directory/-/require-directory-2.1.1.tgz. Extracting by manifest.
568 silly tarball no local data for y18n@https://registry.npmjs.org/y18n/-/y18n-5.0.8.tgz. Extracting by manifest.
569 silly tarball no local data for yargs-parser@https://registry.npmjs.org/yargs-parser/-/yargs-parser-21.1.1.tgz. Extracting by manifest.
570 silly tarball no local data for get-caller-file@https://registry.npmjs.org/get-caller-file/-/get-caller-file-2.0.5.tgz. Extracting by manifest.
571 silly tarball no local data for escalade@https://registry.npmjs.org/escalade/-/escalade-3.2.0.tgz. Extracting by manifest.
572 silly tarball no local data for cliui@https://registry.npmjs.org/cliui/-/cliui-8.0.1.tgz. Extracting by manifest.
573 silly tarball no local data for websocket-extensions@https://registry.npmjs.org/websocket-extensions/-/websocket-extensions-0.1.4.tgz. Extracting by manifest.
574 silly tarball no local data for safe-buffer@https://registry.npmjs.org/safe-buffer/-/safe-buffer-5.2.1.tgz. Extracting by manifest.
575 silly tarball no local data for @protobufjs/utf8@https://registry.npmjs.org/@protobufjs/utf8/-/utf8-1.1.0.tgz. Extracting by manifest.
576 silly tarball no local data for http-parser-js@https://registry.npmjs.org/http-parser-js/-/http-parser-js-0.5.10.tgz. Extracting by manifest.
577 silly tarball no local data for @protobufjs/pool@https://registry.npmjs.org/@protobufjs/pool/-/pool-1.1.0.tgz. Extracting by manifest.
578 silly tarball no local data for @protobufjs/path@https://registry.npmjs.org/@protobufjs/path/-/path-1.1.2.tgz. Extracting by manifest.
579 silly tarball no local data for @protobufjs/inquire@https://registry.npmjs.org/@protobufjs/inquire/-/inquire-1.1.0.tgz. Extracting by manifest.
580 silly tarball no local data for @protobufjs/float@https://registry.npmjs.org/@protobufjs/float/-/float-1.0.2.tgz. Extracting by manifest.
581 silly tarball no local data for @protobufjs/fetch@https://registry.npmjs.org/@protobufjs/fetch/-/fetch-1.1.0.tgz. Extracting by manifest.
582 silly tarball no local data for @protobufjs/eventemitter@https://registry.npmjs.org/@protobufjs/eventemitter/-/eventemitter-1.1.0.tgz. Extracting by manifest.
583 silly tarball no local data for @protobufjs/aspromise@https://registry.npmjs.org/@protobufjs/aspromise/-/aspromise-1.1.2.tgz. Extracting by manifest.
584 silly tarball no local data for @protobufjs/base64@https://registry.npmjs.org/@protobufjs/base64/-/base64-1.1.2.tgz. Extracting by manifest.
585 silly tarball no local data for yargs@https://registry.npmjs.org/yargs/-/yargs-17.7.2.tgz. Extracting by manifest.
586 silly tarball no local data for protobufjs@https://registry.npmjs.org/protobufjs/-/protobufjs-7.5.4.tgz. Extracting by manifest.
587 silly tarball no local data for long@https://registry.npmjs.org/long/-/long-5.3.2.tgz. Extracting by manifest.
588 silly tarball no local data for lodash.camelcase@https://registry.npmjs.org/lodash.camelcase/-/lodash.camelcase-4.3.0.tgz. Extracting by manifest.
589 silly tarball no local data for @firebase/storage-types@https://registry.npmjs.org/@firebase/storage-types/-/storage-types-0.8.3.tgz. Extracting by manifest.
590 silly tarball no local data for @protobufjs/codegen@https://registry.npmjs.org/@protobufjs/codegen/-/codegen-2.0.4.tgz. Extracting by manifest.
591 silly tarball no local data for @firebase/remote-config-types@https://registry.npmjs.org/@firebase/remote-config-types/-/remote-config-types-0.5.0.tgz. Extracting by manifest.
592 silly tarball no local data for @firebase/installations-types@https://registry.npmjs.org/@firebase/installations-types/-/installations-types-0.5.3.tgz. Extracting by manifest.
593 silly tarball no local data for web-vitals@https://registry.npmjs.org/web-vitals/-/web-vitals-4.2.4.tgz. Extracting by manifest.
594 silly tarball no local data for @firebase/functions-types@https://registry.npmjs.org/@firebase/functions-types/-/functions-types-0.6.3.tgz. Extracting by manifest.
595 silly tarball no local data for websocket-driver@https://registry.npmjs.org/websocket-driver/-/websocket-driver-0.7.4.tgz. Extracting by manifest.
596 silly tarball no local data for @firebase/firestore-types@https://registry.npmjs.org/@firebase/firestore-types/-/firestore-types-3.0.3.tgz. Extracting by manifest.
597 silly tarball no local data for @firebase/messaging-interop-types@https://registry.npmjs.org/@firebase/messaging-interop-types/-/messaging-interop-types-0.2.3.tgz. Extracting by manifest.
598 silly tarball no local data for @firebase/performance-types@https://registry.npmjs.org/@firebase/performance-types/-/performance-types-0.2.3.tgz. Extracting by manifest.
599 silly tarball no local data for @grpc/proto-loader@https://registry.npmjs.org/@grpc/proto-loader/-/proto-loader-0.7.15.tgz. Extracting by manifest.
600 silly tarball no local data for @firebase/database-types@https://registry.npmjs.org/@firebase/database-types/-/database-types-1.0.16.tgz. Extracting by manifest.
601 silly tarball no local data for @grpc/grpc-js@https://registry.npmjs.org/@grpc/grpc-js/-/grpc-js-1.9.15.tgz. Extracting by manifest.
602 silly tarball no local data for faye-websocket@https://registry.npmjs.org/faye-websocket/-/faye-websocket-0.11.4.tgz. Extracting by manifest.
603 silly tarball no local data for @firebase/webchannel-wrapper@https://registry.npmjs.org/@firebase/webchannel-wrapper/-/webchannel-wrapper-1.0.5.tgz. Extracting by manifest.
604 silly tarball no local data for @firebase/app-check-types@https://registry.npmjs.org/@firebase/app-check-types/-/app-check-types-0.5.3.tgz. Extracting by manifest.
605 silly tarball no local data for @firebase/auth-interop-types@https://registry.npmjs.org/@firebase/auth-interop-types/-/auth-interop-types-0.2.4.tgz. Extracting by manifest.
606 silly tarball no local data for @firebase/analytics-types@https://registry.npmjs.org/@firebase/analytics-types/-/analytics-types-0.8.3.tgz. Extracting by manifest.
607 silly tarball no local data for idb@https://registry.npmjs.org/idb/-/idb-7.1.1.tgz. Extracting by manifest.
608 silly tarball no local data for @firebase/logger@https://registry.npmjs.org/@firebase/logger/-/logger-0.5.0.tgz. Extracting by manifest.
609 silly tarball no local data for @firebase/app-check-interop-types@https://registry.npmjs.org/@firebase/app-check-interop-types/-/app-check-interop-types-0.3.3.tgz. Extracting by manifest.
610 silly tarball no local data for @firebase/auth-types@https://registry.npmjs.org/@firebase/auth-types/-/auth-types-0.13.0.tgz. Extracting by manifest.
611 silly tarball no local data for @firebase/component@https://registry.npmjs.org/@firebase/component/-/component-0.7.0.tgz. Extracting by manifest.
612 silly tarball no local data for @firebase/storage@https://registry.npmjs.org/@firebase/storage/-/storage-0.14.0.tgz. Extracting by manifest.
613 silly tarball no local data for @firebase/remote-config-compat@https://registry.npmjs.org/@firebase/remote-config-compat/-/remote-config-compat-0.2.20.tgz. Extracting by manifest.
614 silly tarball no local data for @firebase/storage-compat@https://registry.npmjs.org/@firebase/storage-compat/-/storage-compat-0.4.0.tgz. Extracting by manifest.
615 silly tarball no local data for @firebase/remote-config@https://registry.npmjs.org/@firebase/remote-config/-/remote-config-0.7.0.tgz. Extracting by manifest.
616 silly tarball no local data for @firebase/performance@https://registry.npmjs.org/@firebase/performance/-/performance-0.7.9.tgz. Extracting by manifest.
617 silly tarball no local data for @firebase/util@https://registry.npmjs.org/@firebase/util/-/util-1.13.0.tgz. Extracting by manifest.
618 silly tarball no local data for @firebase/messaging-compat@https://registry.npmjs.org/@firebase/messaging-compat/-/messaging-compat-0.2.23.tgz. Extracting by manifest.
619 silly tarball no local data for @firebase/performance-compat@https://registry.npmjs.org/@firebase/performance-compat/-/performance-compat-0.2.22.tgz. Extracting by manifest.
620 silly tarball no local data for @firebase/installations-compat@https://registry.npmjs.org/@firebase/installations-compat/-/installations-compat-0.2.19.tgz. Extracting by manifest.
621 silly tarball no local data for @firebase/functions-compat@https://registry.npmjs.org/@firebase/functions-compat/-/functions-compat-0.4.1.tgz. Extracting by manifest.
622 silly tarball no local data for @firebase/messaging@https://registry.npmjs.org/@firebase/messaging/-/messaging-0.12.23.tgz. Extracting by manifest.
623 silly tarball no local data for @firebase/functions@https://registry.npmjs.org/@firebase/functions/-/functions-0.13.1.tgz. Extracting by manifest.
624 silly tarball no local data for @firebase/firestore@https://registry.npmjs.org/@firebase/firestore/-/firestore-4.9.2.tgz. Extracting by manifest.
625 silly tarball no local data for @firebase/database-compat@https://registry.npmjs.org/@firebase/database-compat/-/database-compat-2.1.0.tgz. Extracting by manifest.
626 silly tarball no local data for @firebase/database@https://registry.npmjs.org/@firebase/database/-/database-1.1.0.tgz. Extracting by manifest.
627 silly tarball no local data for @firebase/auth-compat@https://registry.npmjs.org/@firebase/auth-compat/-/auth-compat-0.6.0.tgz. Extracting by manifest.
628 silly tarball no local data for @firebase/app-check-compat@https://registry.npmjs.org/@firebase/app-check-compat/-/app-check-compat-0.4.0.tgz. Extracting by manifest.
629 silly tarball no local data for @firebase/app-check@https://registry.npmjs.org/@firebase/app-check/-/app-check-0.11.0.tgz. Extracting by manifest.
630 silly tarball no local data for @firebase/installations@https://registry.npmjs.org/@firebase/installations/-/installations-0.6.19.tgz. Extracting by manifest.
631 silly tarball no local data for @firebase/app-compat@https://registry.npmjs.org/@firebase/app-compat/-/app-compat-0.5.4.tgz. Extracting by manifest.
632 silly tarball no local data for @firebase/analytics-compat@https://registry.npmjs.org/@firebase/analytics-compat/-/analytics-compat-0.2.25.tgz. Extracting by manifest.
633 silly tarball no local data for @firebase/data-connect@https://registry.npmjs.org/@firebase/data-connect/-/data-connect-0.3.11.tgz. Extracting by manifest.
634 silly tarball no local data for @firebase/app-types@https://registry.npmjs.org/@firebase/app-types/-/app-types-0.9.3.tgz. Extracting by manifest.
635 silly tarball no local data for @firebase/app@https://registry.npmjs.org/@firebase/app/-/app-0.14.4.tgz. Extracting by manifest.
636 silly tarball no local data for @firebase/analytics@https://registry.npmjs.org/@firebase/analytics/-/analytics-0.10.19.tgz. Extracting by manifest.
637 silly tarball no local data for @firebase/ai@https://registry.npmjs.org/@firebase/ai/-/ai-2.4.0.tgz. Extracting by manifest.
638 silly tarball no local data for @firebase/auth@https://registry.npmjs.org/@firebase/auth/-/auth-1.11.0.tgz. Extracting by manifest.
639 silly tarball no local data for firebase@https://registry.npmjs.org/firebase/-/firebase-12.4.0.tgz. Extracting by manifest.
640 silly tarball no local data for @firebase/auth@https://registry.npmjs.org/@firebase/auth/-/auth-1.11.0.tgz. Extracting by manifest.
641 silly tarball no local data for @firebase/firestore-compat@https://registry.npmjs.org/@firebase/firestore-compat/-/firestore-compat-0.4.2.tgz. Extracting by manifest.
642 http fetch POST 200 https://registry.npmjs.org/-/npm/v1/security/advisories/bulk 523ms
643 silly audit report {}
644 http fetch GET 200 https://registry.npmjs.org/require-directory/-/require-directory-2.1.1.tgz 649ms (cache miss)
645 http fetch GET 200 https://registry.npmjs.org/get-caller-file/-/get-caller-file-2.0.5.tgz 645ms (cache miss)
646 http fetch GET 200 https://registry.npmjs.org/y18n/-/y18n-5.0.8.tgz 664ms (cache miss)
647 http fetch GET 200 https://registry.npmjs.org/@protobufjs/base64/-/base64-1.1.2.tgz 662ms (cache miss)
648 http fetch GET 200 https://registry.npmjs.org/@protobufjs/fetch/-/fetch-1.1.0.tgz 667ms (cache miss)
649 http fetch GET 200 https://registry.npmjs.org/@protobufjs/aspromise/-/aspromise-1.1.2.tgz 670ms (cache miss)
650 http fetch GET 200 https://registry.npmjs.org/@protobufjs/eventemitter/-/eventemitter-1.1.0.tgz 673ms (cache miss)
651 http fetch GET 200 https://registry.npmjs.org/yargs-parser/-/yargs-parser-21.1.1.tgz 700ms (cache miss)
652 http fetch GET 200 https://registry.npmjs.org/lodash.camelcase/-/lodash.camelcase-4.3.0.tgz 689ms (cache miss)
653 http fetch GET 200 https://registry.npmjs.org/cliui/-/cliui-8.0.1.tgz 723ms (cache miss)
654 http fetch GET 200 https://registry.npmjs.org/@protobufjs/path/-/path-1.1.2.tgz 715ms (cache miss)
655 http fetch GET 200 https://registry.npmjs.org/@firebase/remote-config-types/-/remote-config-types-0.5.0.tgz 697ms (cache miss)
656 http fetch GET 200 https://registry.npmjs.org/http-parser-js/-/http-parser-js-0.5.10.tgz 725ms (cache miss)
657 http fetch GET 200 https://registry.npmjs.org/safe-buffer/-/safe-buffer-5.2.1.tgz 736ms (cache miss)
658 http fetch GET 200 https://registry.npmjs.org/long/-/long-5.3.2.tgz 715ms (cache miss)
659 http fetch GET 200 https://registry.npmjs.org/websocket-extensions/-/websocket-extensions-0.1.4.tgz 865ms (cache miss)
660 http fetch GET 200 https://registry.npmjs.org/@protobufjs/pool/-/pool-1.1.0.tgz 912ms (cache miss)
661 http fetch GET 200 https://registry.npmjs.org/@protobufjs/codegen/-/codegen-2.0.4.tgz 893ms (cache miss)
662 http fetch GET 200 https://registry.npmjs.org/@firebase/storage-types/-/storage-types-0.8.3.tgz 922ms (cache miss)
663 http fetch GET 200 https://registry.npmjs.org/escalade/-/escalade-3.2.0.tgz 972ms (cache miss)
664 http fetch GET 200 https://registry.npmjs.org/@firebase/installations-types/-/installations-types-0.5.3.tgz 937ms (cache miss)
665 http fetch GET 200 https://registry.npmjs.org/@protobufjs/inquire/-/inquire-1.1.0.tgz 970ms (cache miss)
666 http fetch GET 200 https://registry.npmjs.org/@firebase/messaging-interop-types/-/messaging-interop-types-0.2.3.tgz 940ms (cache miss)
667 http fetch GET 200 https://registry.npmjs.org/@firebase/performance-types/-/performance-types-0.2.3.tgz 953ms (cache miss)
668 http fetch GET 200 https://registry.npmjs.org/@firebase/firestore-types/-/firestore-types-3.0.3.tgz 966ms (cache miss)
669 http fetch GET 200 https://registry.npmjs.org/@protobufjs/float/-/float-1.0.2.tgz 1019ms (cache miss)
670 http fetch GET 200 https://registry.npmjs.org/@firebase/app-check-types/-/app-check-types-0.5.3.tgz 1008ms (cache miss)
671 http fetch GET 200 https://registry.npmjs.org/@firebase/app-check-interop-types/-/app-check-interop-types-0.3.3.tgz 1002ms (cache miss)
672 http fetch GET 200 https://registry.npmjs.org/@firebase/database-types/-/database-types-1.0.16.tgz 1025ms (cache miss)
673 http fetch GET 200 https://registry.npmjs.org/@firebase/functions-types/-/functions-types-0.6.3.tgz 1054ms (cache miss)
674 http fetch GET 200 https://registry.npmjs.org/@firebase/analytics-types/-/analytics-types-0.8.3.tgz 1033ms (cache miss)
675 http fetch GET 200 https://registry.npmjs.org/@firebase/auth-interop-types/-/auth-interop-types-0.2.4.tgz 1077ms (cache miss)
676 http fetch GET 200 https://registry.npmjs.org/websocket-driver/-/websocket-driver-0.7.4.tgz 1152ms (cache miss)
677 http fetch GET 200 https://registry.npmjs.org/@grpc/proto-loader/-/proto-loader-0.7.15.tgz 1270ms (cache miss)
678 http fetch GET 200 https://registry.npmjs.org/@protobufjs/utf8/-/utf8-1.1.0.tgz 1317ms (cache miss)
679 http fetch GET 200 https://registry.npmjs.org/@firebase/messaging-compat/-/messaging-compat-0.2.23.tgz 1336ms (cache miss)
680 http fetch GET 200 https://registry.npmjs.org/@firebase/functions-compat/-/functions-compat-0.4.1.tgz 1369ms (cache miss)
681 http fetch GET 200 https://registry.npmjs.org/@firebase/auth-types/-/auth-types-0.13.0.tgz 1401ms (cache miss)
682 http fetch GET 200 https://registry.npmjs.org/faye-websocket/-/faye-websocket-0.11.4.tgz 1512ms (cache miss)
683 http fetch GET 200 https://registry.npmjs.org/@firebase/performance-compat/-/performance-compat-0.2.22.tgz 1527ms (cache miss)
684 http fetch GET 200 https://registry.npmjs.org/@firebase/analytics-compat/-/analytics-compat-0.2.25.tgz 1510ms (cache miss)
685 http fetch GET 200 https://registry.npmjs.org/@firebase/app-types/-/app-types-0.9.3.tgz 1505ms (cache miss)
686 http fetch GET 200 https://registry.npmjs.org/idb/-/idb-7.1.1.tgz 1586ms (cache miss)
687 http fetch GET 200 https://registry.npmjs.org/@firebase/installations-compat/-/installations-compat-0.2.19.tgz 1565ms (cache miss)
688 http fetch GET 200 https://registry.npmjs.org/@firebase/remote-config-compat/-/remote-config-compat-0.2.20.tgz 1596ms (cache miss)
689 http fetch GET 200 https://registry.npmjs.org/yargs/-/yargs-17.7.2.tgz 1670ms (cache miss)
690 http fetch GET 200 https://registry.npmjs.org/@firebase/app-check-compat/-/app-check-compat-0.4.0.tgz 1612ms (cache miss)
691 http fetch GET 200 https://registry.npmjs.org/@firebase/webchannel-wrapper/-/webchannel-wrapper-1.0.5.tgz 1807ms (cache miss)
692 http fetch GET 200 https://registry.npmjs.org/@firebase/logger/-/logger-0.5.0.tgz 2033ms (cache miss)
693 http fetch GET 200 https://registry.npmjs.org/@firebase/storage-compat/-/storage-compat-0.4.0.tgz 2174ms (cache miss)
694 http fetch GET 200 https://registry.npmjs.org/@firebase/app-compat/-/app-compat-0.5.4.tgz 2180ms (cache miss)
695 http fetch GET 200 https://registry.npmjs.org/@firebase/functions/-/functions-0.13.1.tgz 2273ms (cache miss)
696 http fetch GET 200 https://registry.npmjs.org/@firebase/component/-/component-0.7.0.tgz 2300ms (cache miss)
697 http fetch GET 200 https://registry.npmjs.org/@firebase/performance/-/performance-0.7.9.tgz 2478ms (cache miss)
698 http fetch GET 200 https://registry.npmjs.org/@firebase/analytics/-/analytics-0.10.19.tgz 2481ms (cache miss)
699 http fetch GET 200 https://registry.npmjs.org/@firebase/app/-/app-0.14.4.tgz 2486ms (cache miss)
700 http fetch GET 200 https://registry.npmjs.org/@firebase/app-check/-/app-check-0.11.0.tgz 2590ms (cache miss)
701 http fetch GET 200 https://registry.npmjs.org/@firebase/installations/-/installations-0.6.19.tgz 2814ms (cache miss)
702 http fetch GET 200 https://registry.npmjs.org/@firebase/data-connect/-/data-connect-0.3.11.tgz 3015ms (cache miss)
703 http fetch GET 200 https://registry.npmjs.org/@firebase/remote-config/-/remote-config-0.7.0.tgz 3062ms (cache miss)
704 http fetch GET 200 https://registry.npmjs.org/@firebase/messaging/-/messaging-0.12.23.tgz 3252ms (cache miss)
705 http fetch GET 200 https://registry.npmjs.org/@firebase/firestore-compat/-/firestore-compat-0.4.2.tgz 3221ms (cache miss)
706 http fetch GET 200 https://registry.npmjs.org/web-vitals/-/web-vitals-4.2.4.tgz 3353ms (cache miss)
707 http fetch GET 200 https://registry.npmjs.org/@firebase/util/-/util-1.13.0.tgz 3334ms (cache miss)
708 http fetch GET 200 https://registry.npmjs.org/@firebase/auth-compat/-/auth-compat-0.6.0.tgz 3447ms (cache miss)
709 http fetch GET 200 https://registry.npmjs.org/protobufjs/-/protobufjs-7.5.4.tgz 3590ms (cache miss)
710 http fetch GET 200 https://registry.npmjs.org/@firebase/database-compat/-/database-compat-2.1.0.tgz 3675ms (cache miss)
711 http fetch GET 200 https://registry.npmjs.org/@firebase/storage/-/storage-0.14.0.tgz 3741ms (cache miss)
712 http fetch GET 200 https://registry.npmjs.org/@firebase/ai/-/ai-2.4.0.tgz 3733ms (cache miss)
713 http fetch GET 200 https://registry.npmjs.org/@grpc/grpc-js/-/grpc-js-1.9.15.tgz 4521ms (cache miss)
714 http fetch GET 200 https://registry.npmjs.org/@firebase/database/-/database-1.1.0.tgz 4907ms (cache miss)
715 http fetch GET 200 https://registry.npmjs.org/@firebase/firestore/-/firestore-4.9.2.tgz 8692ms (cache miss)
716 http fetch GET 200 https://registry.npmjs.org/@firebase/auth/-/auth-1.11.0.tgz 9529ms (cache miss)
717 http fetch GET 200 https://registry.npmjs.org/@firebase/auth/-/auth-1.11.0.tgz 9600ms (cache miss)
718 http fetch GET 200 https://registry.npmjs.org/firebase/-/firebase-12.4.0.tgz 12727ms (cache miss)
719 info run @firebase/util@1.13.0 postinstall node_modules/@firebase/util node ./postinstall.js
720 info run @firebase/util@1.13.0 postinstall { code: 0, signal: null }
721 info run protobufjs@7.5.4 postinstall node_modules/protobufjs node scripts/postinstall
722 info run protobufjs@7.5.4 postinstall { code: 0, signal: null }
723 silly ADD node_modules/color-name
724 silly ADD node_modules/color-convert
725 silly ADD node_modules/ansi-styles
726 silly ADD node_modules/ansi-regex
727 silly ADD node_modules/is-fullwidth-code-point
728 silly ADD node_modules/emoji-regex
729 silly ADD node_modules/wrap-ansi
730 silly ADD node_modules/strip-ansi
731 silly ADD node_modules/yargs-parser
732 silly ADD node_modules/y18n
733 silly ADD node_modules/string-width
734 silly ADD node_modules/require-directory
735 silly ADD node_modules/get-caller-file
736 silly ADD node_modules/escalade
737 silly ADD node_modules/cliui
738 silly ADD node_modules/websocket-extensions
739 silly ADD node_modules/safe-buffer
740 silly ADD node_modules/http-parser-js
741 silly ADD node_modules/@protobufjs/utf8
742 silly ADD node_modules/@protobufjs/pool
743 silly ADD node_modules/@protobufjs/path
744 silly ADD node_modules/@protobufjs/inquire
745 silly ADD node_modules/@protobufjs/float
746 silly ADD node_modules/@protobufjs/fetch
747 silly ADD node_modules/@protobufjs/eventemitter
748 silly ADD node_modules/@protobufjs/codegen
749 silly ADD node_modules/@protobufjs/base64
750 silly ADD node_modules/@protobufjs/aspromise
751 silly ADD node_modules/websocket-driver
752 silly ADD node_modules/yargs
753 silly ADD node_modules/protobufjs
754 silly ADD node_modules/long
755 silly ADD node_modules/lodash.camelcase
756 silly ADD node_modules/@firebase/storage-types
757 silly ADD node_modules/@firebase/remote-config-types
758 silly ADD node_modules/@firebase/performance-types
759 silly ADD node_modules/web-vitals
760 silly ADD node_modules/@firebase/installations-types
761 silly ADD node_modules/@firebase/functions-types
762 silly ADD node_modules/@firebase/messaging-interop-types
763 silly ADD node_modules/@firebase/firestore-types
764 silly ADD node_modules/@grpc/proto-loader
765 silly ADD node_modules/@grpc/grpc-js
766 silly ADD node_modules/@firebase/webchannel-wrapper
767 silly ADD node_modules/@firebase/database-types
768 silly ADD node_modules/faye-websocket
769 silly ADD node_modules/@firebase/auth-interop-types
770 silly ADD node_modules/@firebase/auth-types
771 silly ADD node_modules/@firebase/app-check-types
772 silly ADD node_modules/idb
773 silly ADD node_modules/@firebase/analytics-types
774 silly ADD node_modules/@firebase/logger
775 silly ADD node_modules/@firebase/component
776 silly ADD node_modules/@firebase/app-check-interop-types
777 silly ADD node_modules/@firebase/util
778 silly ADD node_modules/@firebase/storage-compat
779 silly ADD node_modules/@firebase/storage
780 silly ADD node_modules/@firebase/remote-config-compat
781 silly ADD node_modules/@firebase/remote-config
782 silly ADD node_modules/@firebase/performance-compat
783 silly ADD node_modules/@firebase/performance
784 silly ADD node_modules/@firebase/messaging-compat
785 silly ADD node_modules/@firebase/messaging
786 silly ADD node_modules/@firebase/installations-compat
787 silly ADD node_modules/@firebase/installations
788 silly ADD node_modules/@firebase/functions-compat
789 silly ADD node_modules/@firebase/functions
790 silly ADD node_modules/@firebase/firestore-compat
791 silly ADD node_modules/@firebase/firestore
792 silly ADD node_modules/@firebase/database-compat
793 silly ADD node_modules/@firebase/database
794 silly ADD node_modules/@firebase/data-connect
795 silly ADD node_modules/@firebase/auth-compat
796 silly ADD node_modules/@firebase/auth-compat/node_modules/@firebase/auth
797 silly ADD node_modules/@firebase/app-check-compat
798 silly ADD node_modules/@firebase/app-check
799 silly ADD node_modules/@firebase/app-compat
800 silly ADD node_modules/@firebase/analytics-compat
801 silly ADD node_modules/@firebase/analytics
802 silly ADD node_modules/@firebase/app-types
803 silly ADD node_modules/@firebase/app
804 silly ADD node_modules/@firebase/ai
805 silly ADD node_modules/firebase
806 silly ADD node_modules/firebase/node_modules/@firebase/auth
807 verbose cwd /data/data/com.termux/files/home/mention-web
808 verbose os Linux 5.10.177-android12-9-00001-g219d8dfbba07-ab10551810
809 verbose node v24.9.0
810 verbose npm  v11.6.0
811 verbose exit 0
812 info ok
